<?xml version="1.0" encoding="UTF-8"?>
<robot generator="Robot 6.1.1 (Python 3.12.0 on win32)" generated="20231122 14:27:34.194" rpa="false" schemaversion="4">
<suite id="s1" name="Sunflower" source="C:\Users\bianca.prestes\Desktop\CWI\AutomacaoDeTeste\Robot\sunflower">
<suite id="s1-s1" name="Suite" source="C:\Users\bianca.prestes\Desktop\CWI\AutomacaoDeTeste\Robot\sunflower\suite.robot">
<test id="s1-s1-t1" name="CT01-Verificar elementos da tela do aplicativo" line="14">
<kw name="Abrir App" library="base" type="SETUP">
<kw name="Open Application" library="AppiumLibrary">
<arg>http://localhost:4723/wd/hub</arg>
<arg>automationName=UiAutomator2</arg>
<arg>platformName=Android</arg>
<arg>platformVersion=11</arg>
<arg>deviceName=emulador</arg>
<arg>udid=emulator-5554</arg>
<arg>app=${EXECDIR}/app/sunflower.apk</arg>
<doc>Opens a new application to given Appium server.
Capabilities of appium server, Android and iOS,
Please check https://github.com/appium/appium/blob/master/docs/en/writing-running-appium/server-args.md
| *Option*            | *Man.* | *Description*     |
| remote_url          | Yes    | Appium server url |
| alias               | no     | alias             |
| strict_ssl          | No     | allows you to send commands to an invalid certificate host like a self-signed one. |</doc>
<status status="PASS" starttime="20231122 14:27:36.468" endtime="20231122 14:29:06.780"/>
</kw>
<kw name="Wait Until Element Is Visible" library="AppiumLibrary">
<arg>accessibility_id=My garden</arg>
<arg>timeout=50</arg>
<doc>Waits until element specified with `locator` is visible.</doc>
<status status="PASS" starttime="20231122 14:29:06.783" endtime="20231122 14:29:07.349"/>
</kw>
<status status="PASS" starttime="20231122 14:27:36.466" endtime="20231122 14:29:07.350"/>
</kw>
<kw name="Verificar tela inicial" library="steps">
<kw name="Wait Until Element Is Visible" library="AppiumLibrary">
<arg>xpath=//android.widget.TextView[@text="Sunflower"]</arg>
<arg>timeout=50</arg>
<doc>Waits until element specified with `locator` is visible.</doc>
<msg timestamp="20231122 14:29:10.803" level="INFO">xpath criteria: //android.widget.TextView[@text="Sunflower"]</msg>
<status status="PASS" starttime="20231122 14:29:07.355" endtime="20231122 14:29:10.804"/>
</kw>
<status status="PASS" starttime="20231122 14:29:07.353" endtime="20231122 14:29:10.804"/>
</kw>
<kw name="Verificar aba My Garden" library="steps">
<kw name="Element Should Be Visible" library="AppiumLibrary">
<arg>accessibility_id=My garden</arg>
<doc>Verifies that element identified with locator is visible.</doc>
<status status="PASS" starttime="20231122 14:29:10.809" endtime="20231122 14:29:11.053"/>
</kw>
<kw name="Text Should Be Visible" library="AppiumLibrary">
<arg>text=Your garden is empty</arg>
<doc>Verifies that element identified with text is visible.</doc>
<msg timestamp="20231122 14:29:11.520" level="INFO">xpath criteria: //*[contains(@text,"Your garden is empty")]</msg>
<status status="PASS" starttime="20231122 14:29:11.053" endtime="20231122 14:29:11.520"/>
</kw>
<kw name="Element Should Be Visible" library="AppiumLibrary">
<arg>id=com.google.samples.apps.sunflower:id/add_plant</arg>
<doc>Verifies that element identified with locator is visible.</doc>
<msg timestamp="20231122 14:29:11.740" level="INFO">criteria is com.google.samples.apps.sunflower:id/add_plant</msg>
<status status="PASS" starttime="20231122 14:29:11.521" endtime="20231122 14:29:11.741"/>
</kw>
<status status="PASS" starttime="20231122 14:29:10.807" endtime="20231122 14:29:11.742"/>
</kw>
<kw name="Verificar aba Plant list" library="steps">
<kw name="Click Element" library="AppiumLibrary">
<arg>xpath=//android.widget.TextView[@text="PLANT LIST"]</arg>
<doc>Click element identified by `locator`.</doc>
<msg timestamp="20231122 14:29:11.754" level="INFO">Clicking element 'xpath=//android.widget.TextView[@text="PLANT LIST"]'.</msg>
<msg timestamp="20231122 14:29:12.519" level="INFO">xpath criteria: //android.widget.TextView[@text="PLANT LIST"]</msg>
<status status="PASS" starttime="20231122 14:29:11.750" endtime="20231122 14:29:12.520"/>
</kw>
<kw name="Wait Until Element Is Visible" library="AppiumLibrary">
<arg>xpath=(//android.widget.ImageView[@content-desc="Picture of plant"])[1]</arg>
<doc>Waits until element specified with `locator` is visible.</doc>
<msg timestamp="20231122 14:29:15.476" level="INFO">xpath criteria: (//android.widget.ImageView[@content-desc="Picture of plant"])[1]
xpath criteria: (//android.widget.ImageView[@content-desc="Picture of plant"])[1]</msg>
<status status="PASS" starttime="20231122 14:29:12.520" endtime="20231122 14:29:15.477"/>
</kw>
<kw name="Element Should Be Visible" library="AppiumLibrary">
<arg>xpath=(//android.widget.ImageView[@content-desc="Picture of plant"])[1]</arg>
<doc>Verifies that element identified with locator is visible.</doc>
<msg timestamp="20231122 14:29:15.953" level="INFO">xpath criteria: (//android.widget.ImageView[@content-desc="Picture of plant"])[1]</msg>
<status status="PASS" starttime="20231122 14:29:15.477" endtime="20231122 14:29:15.954"/>
</kw>
<kw name="Element Should Be Visible" library="AppiumLibrary">
<arg>xpath=//android.widget.TextView[@resource-id="com.google.samples.apps.sunflower:id/plant_item_title" and @text="Apple"]</arg>
<doc>Verifies that element identified with locator is visible.</doc>
<msg timestamp="20231122 14:29:16.463" level="INFO">xpath criteria: //android.widget.TextView[@resource-id="com.google.samples.apps.sunflower:id/plant_item_title" and @text="Apple"]</msg>
<status status="PASS" starttime="20231122 14:29:15.955" endtime="20231122 14:29:16.463"/>
</kw>
<kw name="Element Should Be Visible" library="AppiumLibrary">
<arg>xpath=(//android.widget.ImageView[@content-desc="Picture of plant"])[2]</arg>
<doc>Verifies that element identified with locator is visible.</doc>
<msg timestamp="20231122 14:29:16.928" level="INFO">xpath criteria: (//android.widget.ImageView[@content-desc="Picture of plant"])[2]</msg>
<status status="PASS" starttime="20231122 14:29:16.464" endtime="20231122 14:29:16.929"/>
</kw>
<kw name="Element Should Be Visible" library="AppiumLibrary">
<arg>xpath=//android.widget.TextView[@resource-id="com.google.samples.apps.sunflower:id/plant_item_title" and @text="Avocado"]</arg>
<doc>Verifies that element identified with locator is visible.</doc>
<msg timestamp="20231122 14:29:17.456" level="INFO">xpath criteria: //android.widget.TextView[@resource-id="com.google.samples.apps.sunflower:id/plant_item_title" and @text="Avocado"]</msg>
<status status="PASS" starttime="20231122 14:29:16.929" endtime="20231122 14:29:17.457"/>
</kw>
<kw name="Element Should Be Visible" library="AppiumLibrary">
<arg>xpath=(//android.widget.ImageView[@content-desc="Picture of plant"])[3]</arg>
<doc>Verifies that element identified with locator is visible.</doc>
<msg timestamp="20231122 14:29:17.941" level="INFO">xpath criteria: (//android.widget.ImageView[@content-desc="Picture of plant"])[3]</msg>
<status status="PASS" starttime="20231122 14:29:17.458" endtime="20231122 14:29:17.942"/>
</kw>
<kw name="Element Should Be Visible" library="AppiumLibrary">
<arg>xpath=//android.widget.TextView[@resource-id="com.google.samples.apps.sunflower:id/plant_item_title" and @text="Beet"]</arg>
<doc>Verifies that element identified with locator is visible.</doc>
<msg timestamp="20231122 14:29:18.421" level="INFO">xpath criteria: //android.widget.TextView[@resource-id="com.google.samples.apps.sunflower:id/plant_item_title" and @text="Beet"]</msg>
<status status="PASS" starttime="20231122 14:29:17.943" endtime="20231122 14:29:18.422"/>
</kw>
<kw name="Element Should Be Visible" library="AppiumLibrary">
<arg>xpath=(//android.widget.ImageView[@content-desc="Picture of plant"])[4]</arg>
<doc>Verifies that element identified with locator is visible.</doc>
<msg timestamp="20231122 14:29:18.930" level="INFO">xpath criteria: (//android.widget.ImageView[@content-desc="Picture of plant"])[4]</msg>
<status status="PASS" starttime="20231122 14:29:18.422" endtime="20231122 14:29:18.931"/>
</kw>
<kw name="Element Should Be Visible" library="AppiumLibrary">
<arg>xpath=//android.widget.TextView[@resource-id="com.google.samples.apps.sunflower:id/plant_item_title" and @text="Bougainvillea"]</arg>
<doc>Verifies that element identified with locator is visible.</doc>
<msg timestamp="20231122 14:29:19.387" level="INFO">xpath criteria: //android.widget.TextView[@resource-id="com.google.samples.apps.sunflower:id/plant_item_title" and @text="Bougainvillea"]</msg>
<status status="PASS" starttime="20231122 14:29:18.932" endtime="20231122 14:29:19.388"/>
</kw>
<kw name="Element Should Be Visible" library="AppiumLibrary">
<arg>xpath=(//android.widget.ImageView[@content-desc="Picture of plant"])[5]</arg>
<doc>Verifies that element identified with locator is visible.</doc>
<msg timestamp="20231122 14:29:20.359" level="INFO">xpath criteria: (//android.widget.ImageView[@content-desc="Picture of plant"])[5]</msg>
<status status="PASS" starttime="20231122 14:29:19.388" endtime="20231122 14:29:20.360"/>
</kw>
<kw name="Element Should Be Visible" library="AppiumLibrary">
<arg>xpath=//android.widget.TextView[@resource-id="com.google.samples.apps.sunflower:id/plant_item_title" and @text="Cilantro"]</arg>
<doc>Verifies that element identified with locator is visible.</doc>
<msg timestamp="20231122 14:29:20.793" level="INFO">xpath criteria: //android.widget.TextView[@resource-id="com.google.samples.apps.sunflower:id/plant_item_title" and @text="Cilantro"]</msg>
<status status="PASS" starttime="20231122 14:29:20.361" endtime="20231122 14:29:20.794"/>
</kw>
<kw name="Element Should Be Visible" library="AppiumLibrary">
<arg>xpath=(//android.widget.ImageView[@content-desc="Picture of plant"])[6]</arg>
<doc>Verifies that element identified with locator is visible.</doc>
<msg timestamp="20231122 14:29:21.190" level="INFO">xpath criteria: (//android.widget.ImageView[@content-desc="Picture of plant"])[6]</msg>
<status status="PASS" starttime="20231122 14:29:20.794" endtime="20231122 14:29:21.190"/>
</kw>
<kw name="Element Should Be Visible" library="AppiumLibrary">
<arg>xpath=//android.widget.TextView[@resource-id="com.google.samples.apps.sunflower:id/plant_item_title" and @text="Eggplant"]</arg>
<doc>Verifies that element identified with locator is visible.</doc>
<msg timestamp="20231122 14:29:21.723" level="INFO">xpath criteria: //android.widget.TextView[@resource-id="com.google.samples.apps.sunflower:id/plant_item_title" and @text="Eggplant"]</msg>
<status status="PASS" starttime="20231122 14:29:21.191" endtime="20231122 14:29:21.724"/>
</kw>
<status status="PASS" starttime="20231122 14:29:11.749" endtime="20231122 14:29:21.725"/>
</kw>
<kw name="Fechar App" library="base" type="TEARDOWN">
<kw name="Capture Page Screenshot" library="AppiumLibrary">
<doc>Takes a screenshot of the current page and embeds it into the log.</doc>
<msg timestamp="20231122 14:29:24.139" level="INFO" html="true">&lt;/td&gt;&lt;/tr&gt;&lt;tr&gt;&lt;td colspan="3"&gt;&lt;img src="data:image/png;base64, iVBORw0KGgoAAAANSUhEUgAABDgAAAeACAYAAAArYecKAAAAAXNSR0IArs4c6QAAAARzQklUCAgI
CHwIZIgAACAASURBVHic7N13eJvV3cbxW8OyZct7zyROHDshOySETAgEwmpC2Xu0hW4K5WW3vG1p
XyiFLtpCKdCySwek7BUgQEL2TpxhO4l3vLcty9b7R4hrR4+8ZVvJ93NdXFhHes5z7DgX6NY5v59p
0g/OcQsAAAAAAMCPmYd7AQAAAAAAAANFwAEAAAAAAPweAQcAAAAAAPB7BBwAAAAAAMDvEXAAAAAA
AAC/R8ABAAAAAAD8HgEHAAAAAADwewQcAAAAAADA7xFwAAAAAAAAv0fAAQAAAAAA/B4BBwAAAAAA
8HvW4V4AIElms1nx4dE6Y/JczcuaqfSENEWGhEmSqhvqlHc4X6uzN+n9bZ+rpLpM7e3tw7xiAAAA
AMBIYpr0g3Pcw70InJhMJpMyEkfr/ku/r4kpY2UxW2Qymbq9xu12q93drj2FefrpP36vXQX75Xb7
36+wxWzR+KQxMpmkmNAoSVJ5XaXcbmlvUZ7a2tuGeYUAAAAA4F8IODAskiLj9M6PnpGkHkMNb44G
G9Nuv2DE7+iwWqxKjIzV9DETNX3MRGUkjlZIYLAkKcAaIElqdbVKkhpaGrWv+IA25+3S5rxdKq4q
k6vNNVxLBwAAAAZdqD1EmUnpykpOV6jd8eW/Qzqer2tqUHZhruqa6pVdmKs9Rbmqa2oYxhUPXFZy
urILc31+jzuW39Tta3752p99vo7hwhEVDKnAAJue/d6vlJUytt/BxlFHr//5Fbfp7hd+NRjLG3QB
FqtGxSXr3Bmnac74aYoMCVdESKgcQSHdXjc2IU1zxk9XVUONvti7RW9t+lgHDxeq1Y+CjpBAu5af
cpaSouL6fG1tY50+3b1BOcWH1OJy+mB1AAAAGGpJUfFaPGmOFk8+VbPGTenx9Ysnn9rl8fr927Ry
+xqt3PGFiipLfbVMn1g2e4mWzz5TNzx2p0/vE2p39PizDbU7fLqG4UTAgSGTHJ2g1+/+swIsg/tr
d/rkU2UymeR2u2W3BanJ2Tyo8/dXfESMls8+UwsnnqKU6HhFOSJ6fa0jKESOoBClRCcoOSpep2RM
06pda/Xaug9UWl3uw1UPjpBAu74y6wxdd9pXFRwY1Ofrna5Wzc2cqT++87w25OzgyA4AAIAfmzVu
iq5euMwjsOjPPLPGTdGdF96sldvX6PlVK7R+/7ZBWqXvLJu9RA9ccas25Gwf7qUc9wg4MCROO+kU
/fZrP5Z5gLs2jNhtQYpyhKuirlpfO+MS7Ss+oHe3fDro9+mto/U1rjvtQs0aN0Vx4dEDmi/KEaEo
R4QSImI0Ji5Vf/v41RFdp8NuC9KCibN0zaILlRgZ2+95oh0ROm3SHOVXlPhdQg8AAIAjgcS3zr6y
V7s1+mrx5FO1ePKpWr9/m/707osjNug4Gm74SlZyuk6f9N/gKLkXu6eXzTpDJ4+d3PH4ox1rjpsj
KwQc8Lmpoyfod1/78YCPpHhjNpk0L2um/rP+Q+3M36ff3vgj1TbVa82ezT65X3fstiCdPHayrlm0
XFNHZyk40D5oc8eFR+v0SXMU5YjQc5+8pg0520fMbpWjggPtWjhxlr5x5mVKiopT3uF8vbN5lSTJ
bDLrpiWXa3Pezo5dGfHhMTp7+kKt27dVOSWH1NrWqqzksZqZPklhwQ6NTxqjmNBIAg4AAAA/EmoP
0QNX3DbgHRu9cXRXx4p17+uh1/48oup0+Drc+PbSq/Sts6/q83XLZi/xmOdP776gP77zwmAtbdgc
twHHFfPPl8Vs6dM1eYcL9Hn2xgHfOykqXqdPmqOJKeMUHhyqwIAANbQ0qbCyVBv2b9dHO77o85yJ
kbE6a+oCTUgZq/CQMJkkVdXXaEf+Pq1Y94Hqm0fOX+TO4sKj9ez3f+WzcOOo0yfN0X/Wf6jy2iqZ
TCY9fvMDWvqz61VcVebT+3ZmMVs0ZVSmvrHkMk0Zldnn37/eCA60a3bGFAXZAuV0OUfU8Y2QQLsW
TpytG8+4ROOTxsjpalVhRan+/vmbko78fL5x5mXaVZCjf655W05XqyamZGjhSbO1dt9WfbJzrZqc
zTpn+iJlJqcrLNih8GCHggJsw/ydAQAAoLeyktP19Hce6lIwdCgsm71EiyfP1Y1/uHNE7Ebwdbgh
SdcsWj5oc129cDkBx0gVFuzQ3V/9Vp/fVL+16eMBBRwRIWG6fdnXtXTaQgV6eVN27aILlVuar9+9
+Td9uH11j3MGWm265fzrdenccw3nPP/kxfrW2Vfqifde1nOfvNrvtfuCxWzRirue8MmxlGOlx6fJ
ZDIpyBYo6ciujhV3PaG591w6ZB1IxieO1uXzz+8SbrS73TpcU66PdqxVXukhtba5FB0aoQkp4zQ/
62SPP9OWVqc+y96g3QX7VVFXrQCLVWPi03T6pFMUFx4js8nUEaRcPv981TbWa3dhzpB8f91xBAVr
wYRZumHxRcpKTu8Yd7paVVFXLUkym82SpCZnsyrratTicqqmsU7t7e2qb25UZX2NGluaVN/c2NEV
x2K2yPTldQAAABjZhuJNfXdC7SH6x+2P6b6Xfq0V694ftnUM1c+hp8YFfTHUgZSvHJcBx+jYFJ/v
GDhWakyifve1H2tcwqgeX5sen6pHrr9bj/zn6W5DiUCrTb+58T7Nn3Byt/OFB4fqjuXfUHxEtH61
4i99Xruv3Hfxt+UICh6Se0U5wuV2uzU6LqVjzG4L0s+vvE13PvdLn98/JTpB55+8WKdmzugSbuSV
5uupD1/RprxdKq0uV3t7mxz2EKXFJCmvtEDXLFreEXK0tDr13Cev6cPtq3WovEj1TQ0ymy2Kj4jR
9oPZ+toZl2pMfGpHyHFq5gwVVR5WXXODCipKfP49euMICtHCibN03Wlf1YSUccO2DgAAAAyfB664
1ePow3B54IpbFWYP0XOfvDbk9x7ukOdEd1wGHJ3bUra1t+lgWVGvrutvdwqrxar/u+r2LuHG1gO7
9e6WT7Uzf7+aWpo0Oi5FS6bO1xlT5na8Qb31ghu0pzBH67wUxPnBBTd0CTfyDufr31+8p+2H9shq
sWrBhJN10ZylHSHCtYsu1KGyIr2y+q1+fR+D7atzlg7ZvWzWAJlMJs0aN7nL+NLpi3wecARabZo+
ZqLOnDpPIZ1qbpRUl+mV1W/p7c2ruuwiqW2s1678faqoq1JabJLOmjpfkvT+1s/0yuo3jwQhbrck
qb3NpcKKEpVWlyvKEaFrFi1XfESMpCNHQs6cOk/ZhTkqq6kclnaqofYQLZgwS9csWq6JqYQbAAAA
J6Jls5eMmHDjqDuW36TapoYh3clhFG7sKcpVZlK6lysw2I7LgKNz14rCylIte/Bmn97v6oXLNHX0
hI7HL336un7x7z91ec3uwhy9vfkT3bD4Yt12wY2SpACLVTctudww4MhIHK1L557b8XhT7g7d/MSP
1Oxs6Rhbu3eL3tvyqX73tfsVHRohk8mkby29Su9sWaXaxvrB/jZ7zWQy6a17n+r2aIr7yzfwRtf2
R0vrkTf3E1MyuoybTSat+tlLWvTjK73ec6BSYxJ1auYMJUX+N1hrd7uVX1akd44JNzo/X1pToRdW
regIOJ5ftUKlNRUd4UZnrjaX3tmySgtPmq3Y8OiOn21SZJxOzZyh3QU52l9y0CffnzdhwQ7NzzpZ
Vy9apklp44f03gAAABg5jv2QcaSYNW7ykAUcRuHGfS/9WslRcQQcQ+i4DDhiQiM7vq6sq/H5/S48
5ayOr3cX5niEG509s/Kfmpc5Q6eMnyZJmjZmosKCHR6BxJULLpDNGiBJqm9u0H0v/bpLuHHUtoN7
9LN/PKZf33CvTCaTYkIjdencc/WXD14ZjG+tXwIs1i5v9qUjgYZbUn55sT7ZuVaf7t6g4qpSmU0W
pcUmakLKOI2NT9OWA7t11tR5mpSWqQCLtdeBR1ltpUySEiJjPJ4LDw6VzRLgkx0ONmuAJqWN1+xj
Wl81O5tVVHVYlfXVXq9tb2/Xzvx9Kq+rkiTtLznYUXvCSGl1uQorSjQpNaNLd5bZ46Zo3b6tOlRe
JKerdYDfUe8cDTeuWrhMk9MyDV9ztCZKUlS8JMnyZS0NR1CIEqPi5HS1Ki48WhazRZEhYUqKjFOj
s1mRjnCfFGgFAACAb9z34qPKSk4fUW/k9xTl6r4XHx2Se/3kslv01Tlndxk7Wgfk20v73uUE/Xdc
BhzRnQKOivoqn95rdFyKxnSq+/DGhpU9XvP+ts87Ao7AAJsyEkdrY86OLq+ZnTG14+tPdq5Tfnmx
1/k+3L5aG3N3dPQynpc1c1gDjisXfKWjoKTb7VZJdbl++srvtHrPJknSqNgU/c+yr2vehJPVOb44
7xdfV355sV5YtUImk0nRjgjde/G3tXjSqR3zebOnKE/xETGyWQI8njObzbr2tAv15Ad/H7Tv8aiY
sCidlJbRcWzkqNY2l2qberGLxi0VVx1WYmTP/aqPznvsDo/4iBidlJahdfu3DVk71eSoBJ074zRN
GWUcbkiSxWTW6LgUffOsKyQdCTxMJpNmpE9UcGCQ2tvbFekIV0igXadPOkUZiaPV1t6mUbFJCgt2
DMn3AQAAgMFxw2N36p//8wePDzqHQ1HVYd3w2J1Dcq/uwg0MveMy4IgKjej4uqy2csDz3XbBjTo1
c4ZKq8v18IondbCssOO5zKQxXXYZbMnb1eN8Bw4XdHkcZu/6Zi46NEIp0Ykdj9d7qdHR2Sc713UE
HFnJ6bJarEPWPaQzs9msy+ad1xFs3PCHO1X4ZQHMc2ecpnsv+rZC7SEeOzPa3W4Vdnpz7na7VV5X
pVuf+bkCrTZ9/7zrdPWi5V6Pvby/9TPdtOQKrzs+Lp13rk8CjtSYRI1PHN3v691yy9naqmhHhKId
ESquLvN6lMZuC1JceLRh29TxiaOVGpM4ZAFHWLBDydHx3b7GbDYrKTKuyw4nScpM8kz3Z6RP0oz0
SYO+TgAAAAyNuqYG3fLUT/XMdx8a1O4efVXffGQddU0NPr8X4cbIc3wGHCHhHV+X1Qws4Fg6faFu
WHyxpCPBgdPVqtv++vOO54urDuvplf/seHygU/jhTaQjvMvjwzUVXR6nRCd2eSOfd7jnObce2N3x
tSMoRNPHTOxVMOILSZFxuuyR7yu7KFdut1uOoBB99vOXuz12cKTDiPHxjBaXUw+veFIPr3hSGx5+
TTZLQJcgo93t1oac7frNjT/yOn9cuOfRlcGQHBWvMXGpgzLXeTNP198+/rfXYyazM6YoNTpRVovn
X9sxcalKjuo+cAAAAAB8KbswV/e++Kh+283/l/vavS8+quzCXJ/fh3BjZDouA44IR1jH1yXVZZKk
IFugJqaMU0hgsCrrq3XgcIEaWpp6nCshIrbL45iwyC6Ptx3co20H9/RpfZ0LMlY11Gpn/r4uz3fu
xCFJLa2etTeOlXfMrpDOhVaHUkigXXPvuaTjZ3vjGZfolvOu77Hg6Lp9W3o1/+w7LtSPLvmuLpqz
tCPkqGms0znTF6m7ah2+aBocHGhXYkSsR2DVX5fPP18FFSVas3ezahvrOo6iWC1WTUrL0OXzzvca
YkQ6wpUYEavgQLsae/F7DQAAAPjCyu1r9Kd3X9C3zh762hN/evcFrdy+xuf3IdwYuY7PgCM4tOPr
tJgk/e17D2tS2viOop2S1Oxs0bZDe/TXlf/Sp7vXe53rva2f6coFX1FiZKxa21x6vRc1NrpjtVi1
ZMq8jserszd6vObYYzXxETEeIcixqhtq1dbe1rFLImqQ3nT31dGtYGaTSb/72v1aOHFWrwqFbjmQ
3av5291u/eSV3yu3NF//s+wbMplM+s/6D3THhTf1uwNLf4UHOwYt3JCOhFLfOecajYpL1p7CXNU1
NSgwwKbEyFidOWWepo+ZqCBboNfrIx3hCg92EHAAAABgWP3xnReUFBWvZbPOHLJ7rlj/gf74zgs+
v49RuCGJcGOEOO4CjujQiC4dJm7+ssDhsYJsgZo9bopmjZ2sFz/9jx589QnD1xVVluriX31HU9Iy
lV9R0qX+Rn9886wrOrpKOF2t+utH//J4zaGyIrW2uRTw5VGEKaMy+5xE2m1BA1rnQJhMJv3te7/S
tDETen7xlwq+rNPRW8998poCLFbdct71iggOVaDVsy7FsWsabAGWgI4/o8EyKjZJ31l6tQ6VF6mi
rlqhQSFKjU3s8fuTjnQpMdN9BAAAACPAQ68+MWSdVfYU5eohL+/nBpO3cAMjR/etKfzQqNgUw/Hq
hloVVpSovK6qSxFHk8mkqxYu060X3Oh1ztrGen2WvXHA4cbscVN0/ekXdTz+++dvGp4Pa3E5tafT
+KKJp/Q4981nXd6lxsVwFBiVjvw8f3LZLZo6OqtP1zU0N/b5Xk+v/Kee+eif+soQJsOdBQbYZA/0
TZCUFpOk6WMmalziqF6FG9KR9rxWAg4AAACMAHVNDfr+Uz9TfbNvi33WNx+5j6+LihJu+IfjLuAI
s4eotdOb+3X7t+nGP9ylBfddrqUP3KjTf3yVvvrwt/Xmxo+6BB3XLFru0y4OSVHx+tmVtynwyw4Y
e4vy9Ns3/ur19Ws71aQYlzhKVyy4wOtrF0yY1SU4kaQmZ/PAFtxP3zjzMi2fvaTPOyYCrJ7tXXsS
GxalG06/eMiPphzV1t4mV1vbsNzbSFt7u9rdxoVaAQAAgKFWVFnq83atNzx2p887CRJu+I/jLuD4
eOdaLb7/at334qN6eMWT+tof7vLoJrK/+KDuev5hPdPpeEiAxaqrFy7zyZpCAu165Lq7O3pC1zc3
6Kf/eEwtLqfXa/760b9VUVfd8fgH512vZbOXeLzumkXL9avr7vJoxdTYMjwBx4z0k/p1XewxxVt7
EmoP0ds/elpmc+9+hb21Xh2IJmfziKp30drmGradOwAAAICR7MJc3ffSr30y930v/drnHVMIN/zL
cVeDQzpyHGXF+g96fN2vX39a87NmanzSGEnSnPHTfLKeX11/T0fnlLb2Nj3wzz92aetqpLqhVo+/
+6LuvuhbMptMCg6064ErbtXXz7hEh8qLZDFblJE4uqNbSkl1WZeOL8VVh33yvfTkpc9e19zMGX2+
Lit5rN7d8mmvXpsak6jX7/5zt21nh4LT1aqWVu8h1VBraXV6bTELAAAADJcV695XVnL6oH6g/Pyq
FT4v7Em44X+Oux0cffX25k86vg61hwz6MZVfXHW75mfN7Hj8p3df0JsbP+rVtS9//oYee+vZjnah
kjQ6LkULJ87WvKyZHeHG3qI8/eJff+p4jdvtVnaR73s/G/li7xb1da+EyWTSrHGTe/W6y+adpzfu
frLP4cbg79+QKuqqVVBZ0u1OnKHS4nKqoLKky64fAAAAYKR46NUntCFn+6DMtSFnu8+LihJu+KcT
PuDYlLuzy+OU6PhBm/u2C27UBScv7nj84qf/0RPvvdynOZ784O/64V9/oS15uz2OHxwqL9Lj776o
yx69RY6g4I7xstpK1TbWD2zx/eR0tfbr2MbkUVndHjcJDw7VRz95Qfdd/J1eH0vpzFc1SUqqynTw
8MCKzw6Gg4cLVVJVNtzLAAAAALz6/lM/1Z4BfhC7pyhX33/qp4O0ImOEG/7ruDyi0hfHHuUItTsG
Zd7rT7+oS+HPNzas1P/9+/F+zfXBts/1wbbPFRbsUFZSumzWAB0sL1J+eXHHa04e+98dELsLcvq/
8AFyu91as2ezlkyd16frTJKCbUGq79RNxWQyKSkqXr+48jZNH3PSgIqJfrF3c7+v7U5+RbH2FR/o
OObUVyaZBqVI6r7iA8qvKO7xdQAAAMBwqWtq0H0vPqpnvvuQRw3B3qhvPnK9LzumEG74txN+B0dw
oL3L48EoGvmVWWfolvOu63jj+snOdbr7hV8NeN7axnqt279Nn2Vv7BJuSNLMsf89WrM5b9eA7zUQ
f3zn+T4X9TSZTLpj+U0KsgVqVGyy7rzwZq3/5at6+96nNCN90oBCALfbrd+/9Wy/r+9OUeVh7SnK
86jFYTaZe92yNdIRNqDvr6XVqT1FeSqqHJ66KwAAAEBvZRfm6t4XH+3Xtfe++KhPi4oSbvi/42oH
x9TRE/T4zT/78pFbFz383R5bBo1P7PrJe2l1+YDWsGDCLN138XdktRz50W7K3aHbn/2/Ac3Zk/NP
XqxRscmSpPrmRv2nFwVWfSmn9JCcrtaOlri9tWz2Ep078zTZLAGD2vq1tc2l3NL8QZuvs8aWJm09
kK0tebt0SqcitcGBQUqOTlCAxdqlbXFnJpNJofYQjYlLHdAatuTt0tYD2SOqowsAAADgzcrta/TL
1/6sO5bf1Otrfvnan7Vy+xqfrYlw4/hwXO3gyC7Ikc0aIEdQsBxBIVo8aU6P15yaOb3j68aWJm3M
2dHv+08ZlaVfXPVD2W1BkqTdhTm65ekH1Oxs6fecPRkdl6Jbz7+h4/E7m1eprLbSZ/frDbfbrWt+
+8M+7+Iwm0z668p/DWpBULfbrav7sZa+yC7M0ard67t0MLGYLUqMjNWU0Vlewxq7LUiXzz9/QPd2
ulq1avd6ZRcO37EkAAAAoK+e++S1XnW+lKQV6z/Qc5+85rO1EG4cP46rgKPF5dSWTu1XL5qztGMn
hZH0+NQutSI25e7sd0eM0XEpeuT6uxUREiZJOnC4QLc89VNVN9T2a77emDVuih6/6acd3VSqG2r1
9Mp/+Ox+fZFdlNuvs3HXn36RfvLK7wYtkKhvbvT5m//GliZtyt2pz7M3dul4My5hlL699GrFhkUp
wGLtCDrMZrNCAu2akX6SrhpAq6x2t1ufZ2/Uptyd7N4AAACA37nvxUd7LDq6pyhX9/XzSEtvEG4c
X46rgEOS/rn67Y43x+MSR+nR6+9RWLBn4dCxCWl65Lp7OorbtLvdevHT1w3nvO2CG/WP2x/TY1//
346jIJ1Fh0boNzfcp4SIWElSSXWZbnn6Zyr2QVeL2LAoLZt1pn5744/0528+oOToBElHjmE8+OoT
HrU5hovb7dYlj3yvyxv+3rBZAzRn/DQ9+vrTAw452t1uXfrI93y6e+OoHYf26h+r31Z+eXHH/Sxm
i2amn6THb/6Zlkydr9iwKIUFOzQheayuP/0iPXztXV263/SF2+1Wfnmx/rH6be04tHcwvxUAAABg
yNzw2J2qbzb+YLS+uUE3PHanz+5NuHH8Oa5qcEjS25s/0RlT5ursaQskSadPmqM37vmL1u3bqsLK
UlnMZqXFJGnO+GkdR0kk6fX1H+jT3es95ls6faFuWHyxJCkrOV1OV6tu++vPu7zmF1fdrrEJaR2P
3W7pl9f27S/iinXet11995xr9JVZZyo4MEhhdofHkYeGlib9378f15sbP+rTPX2tqLJUf3r3BX1n
6dW9vsZkMmnptIV6de17uufFR/SLK3/Y73ocT77/sgoqSvp1bX98sXezHn/vRd138XcU8mXxWovZ
oozE0XromjsG9V6NzmY9/t6LPusOAwAAAAyFuqYjIcaxnVWOhhu+6pgy2OHGt86+ynC8c7dL+N5x
F3BI0l3PP6y29jadM32RTCaTIkPCOgIPIyu3r9HP/vEHw+eO7so4KiYs0uM1yVHxXR4nRsYqMTLW
43XdiQmL8vpclCPccL52t1tr927Ro68/5dNqwgPxxHsvaW7mDE0fM7HX15hMJj1+0880955LdMb/
XqMP/vc5mfsYcmw/tEd/eOf5vi53QFrbXFq1a51+96ZDPzj/+i4B2mBqcjbrd2/+Tat2rfNawNTX
Wl0uNTmbfX6fJmezWl3D8z0CAABgaGQX5urBV/+sB664tWPswVf/7LP3OL7YufHtpcYBB4bWcXdE
RZJcbS7d+dwvdcdzD2lz3i61t7d7vMbtdiun5JB+/s8/6panf+a19sZ7Wz/rOGrS2ubS6xtW+nTt
3rjdbrW0OlVUdVgbc3bobx//W1f95lbd9Pi9IzbckI6s+7rf/4/2lxzs03Vms1mr/++fanI2a+pt
5+mtTR/3+rhL3uF8XfWb24bkaMqxahvr9a817+iOZx9SoQ92jxRWlOiOZx/Sv9a8o9rG+kGfv7fq
mupVPARtaYsrD6uuafi+TwAAAAyNFeve1/OrVkiSnl+1QivWve+T+3As5fhmmvSDc4b+XeAQiwuP
1sljJysmLFJut1TVUKPtB/foYFlhr64PC3ZoSlqm8itKen3NYAq02vpd/HSkMJlMeuzr92vBhFl9
OnLidLXqooe/owOHC+QICtH/XvZ9LZk6X6Yv5+zM/WXRze88eb+SoxNU19SghubGYdnlcORoyih9
6+yrtHjyqYMy58rta/Snd1/QvuKDamtvG5Q5+yvQatOSafN1/yXfU5At0Cf3aHa26Cf/+L3e3/KZ
3//+AwAAoHeWzV7is3Bj6fSFuv/S7/lk7t586JxdmKuHXn1i0O75zHcfGrQjMBtytvu03slQOSEC
DowcF596jn58yXf7FHK43W49+OoTeumz1+V2u2U2mTQrY6q+ccalOiltvIK/rHfx8Gt/7kh9H772
LtU11SvSEa5bn/l5d9P7jNlsVrjdocmjsnTlggs0L2tmv+b5PHujXvz0dW0/mK2apnrDHUnDIdQe
ojnjp+n8mYsV5YgY1Lkr66v1xsaV+mLvFp+duwQAAAD8Wag9RHdeeLNHyYS+Kqws1UOvPnFc/H83
AQeGXEigXX//4e+VGp0gs7l3p6TcbrfKaiu15KfXye12dzl+YrMGyCRTl0/5HUHBcrvdamptGdZA
wGQyyWq2KDw4VGMTR2lu5gydOn6aJqSM6/a63QX7tWbvFq3es0k5xQdV01gnV3vbsBy78cZkMinA
YlWQLVBm0+Cedmt3t6vZ2aLWNteI+p4BAAAAjFwEHBgWJpNJFrNFr97xR6XFJMlkMvVqV0e72638
8iJ9/Y/3qKR68Nvw+srRoCPIFii7LUh2W5BOSs2QdOQIlSQdrqmQJO3M36cmZ7OanM1qdraM3Nyb
LgAAIABJREFUuGADAAAAAEYiAg4MO6vFqvlZM3XtaRcqK3nskd0Xko7GHUd/QRtbGrWnME9/+/jf
+nT3BrmGqYPIYDCZTAoMsEmSrOYjzYxc7Ue+n5ZWJ4EGAAAAAPQRAQcAAAAAAPB71v9+Pg4AAAAA
AOCfrMQbAAAAAADA31nZwAEAAAAAAPzdkSMqPYUcPTe3AAAAAAAA8I1e5Ba928HBLg8AAAAAADBS
uSXzcK8BAAAAAABgoKjBAQAAAAAA/J5V7v8mHO5jvzB1+RcAAAAAAMCQ601eYW0/GnAY7eTo/BQp
BwAAAAAAGGq9zCusanfLcBdHJ2QbAAAAAABguPSYVZhMsrrb3V1fbnCVm4QDAAAAAAAMl26zCpPk
dss65uLZQ7kkAAAAAACAQUebWAAAAAAA4PcIOAAAAAAAgN8j4AAAAAAAAH6PgAMAAAAAAPg9Ag4A
AAAAAOD3CDgAAAAAAIDfI+AAAAAAAAB+j4ADAAAAAAD4PQIOAAAAAADg9wg4AAAAAACA3yPgAAAA
AAAAfo+AAwAAAAAA+D0CDgAAAAAA4PcIOAAAAAAAgN8j4AAAAAAAAH6PgAMAAAAAAPg9Ag4AAAAA
AOD3CDgAAAAAAIDfI+AAAAAAAAB+j4ADAAAAAAD4PQIOAAAAAADg9wg4AAAAAACA3yPgAAAAAAAA
fo+AAwAAAAAA+D0CDgAAAAAA4PcIOAAAAAAAgN8j4AAAAAAAAH6PgAMAAAAAAPg9Ag4AAAAAAOD3
CDgAAAAAAIDfI+AAAAAAAAB+j4ADAAAAAAD4PQIOAAAAAADg9wg4AAAAAACA3yPgAAAAAAAAfo+A
AwAAAAAA+D0CDgAAAAAA4PcIOAAAAAAAgN8j4AAAAAAAAH6PgAMAAAAAAPg9Ag4AAAAAAOD3CDgA
AAAAAIDfI+AAAAAAAAB+j4ADAAAAAAD4PQIOAAAAAADg9wg4AAAAAACA3yPgAAAAAAAAfo+AAwAA
AAAA+D0CDgAAAAAA4Pesw70AAABOFOmhiZodk6XxYSmKC4pQsDVQQRabWtvb1OBqUpWzXuXNNSpu
qtTB+lLtqc1XZUvdcC8bAADALxBwAADgYxMjRunyMadretQ4WUzGmydjFa7Rx4y55VZlS50KG8t1
qOGw8upKtKP6gPIbDvt8zQAAAP6GgAMAjhNjQ5OUEhyj0IBgOQLsCjBb5Gx3qdbZqJKmSmXX5Kup
rWW4l3nCuTBtvq4Ze6aCLLY+X2uSSdGBYYoODNOUyHRJUmlTlW74/OHBXiYAAIDfI+AAAD/lCLDr
3ORTNCN6nNJC4hRhc3T7eld7mwoay7S9Kk/vF2/S/trCIVrpiWt52jx9ffw5Msk03EsBAAA47hFw
AICfibA5dN3YJZoXN0mOAHuvr7OaLRrtSNBoR4LOSzlFmytz9HzuB9pTk+/D1Z64pkSm6/pxZ/cY
brjlltySyUQIAgAAMBAEHADgRxbET9bXM85VbFD4gOYxm8yaGZ2hyZGj9cqBT/Ri7spBWiGOumzM
abKZjf8zu7e2QB+VbNHWylwVNZbL2e5SuC1EcUERSrRHK94eqQR7pM5InC6bOWCIVw4AAOCfCDgA
wE9cM/ZMXT769EH9pN9mDtDV6Wcq0R6tR3b+Y9DmPdFlhCVrWtRYw+dW5K/WE3ve8BivcTaoxtmg
fZ2ODp0aO1E2GwEHAADHk8mRY4Z7Cf2WW1esBlfzcC/DKwIOAPADV4xZrCvGLO72NdXOeh1qOKwq
Z72aXC1qc7crxBqk0IBgpYXEKSYozOtxiTMSp8vZ3qrf737NF8s/4cyOyTL8WW+vyjMMNwAAwInj
oZnfGO4l9NtdG/+ibVW5w70Mrwg4AGCEmx2TpSvTjcMNt9xaX75Hb+R/oQ0Ve7udZ2xokpanzdP8
uEkKtHjuCliaPEsH60v1n/w1g7LuE1lmeKrh+NuF64Z4JQAAACcOAg4AGOFuzFgqi8nsMe5sb9Wf
sl/Xu0UbejVPTl2RHtn5D71btEG3TbxYCfbILs+bZNI1Y5doY8U+FTaWD8raT1RGHW1a211aW5Y9
DKsBAAA4MXj+HzMAYMQ4K2mm0kLiPMbdcvcp3OhsR1We7t/yN1U76z2eC7EG6eqxZ/ZrrfgvhzXI
Y6ze1aSmtpZhWA0AAMCJgYADAEaw+fGTDcc3VuzrV7hxVH7DYT3upRbE3NiJij9mdwf6JsCge4qz
zTUMKwEAADhxcEQFAEawsaGJhuPvFfY/3DhqVek2LU+bp6xj6kUEmK06PWGaXs77aMD3AAAAQFfn
fnDPcC/huMUODgAYoRwBdq+1HL4o2z0o91hfvsdw/KSIUYMyPwAAADBU2MEBACNURECIYavRBlez
XO62QbmHtzZfifZor9csiJ+sUKu9y5iz3aUPijf1aw1pIXGaFDHaYzynvlh7avK7vXZ2TJZiAsO6
jFW3Nmj14Z0er50TO0GzYjI12pGgKFuogiw2udxtanQ1q7ylVntq8rW6bJf21xb2eu0RNofmxk70
GLeZPbvUBFoCdG7ybMN5BvLz66+owFAtiJ+sCeFpSrBHKdLmkM0cILfcamlrVZWzXkWNFcquOaRV
pdtU29rY53ucHD1ecUERHuMflmxWS1trn+ebG3eSIgJCOh63udv7fVTrtISpCrYEdhlrcDXrk9Jt
fZ4rxBqkxYnTNTFilFKDYxUaEKxAi1Wt7W1qcDWrvLlGufXFWleWrR3VB/q1XqPf9eb2Vq0s3tzx
ONASoKVJszQ9OkMpwTEKsQbJ5W5TVUud/nnwU63qx/cGAIA/IeAAgBHK2xtKoxav/eWtW4ojwLNI
5lFXp5+h1GMKn9a3NvX7DfqUqHR9O/MrHuP/PLiqx4DjwrR5mho1tstYbl1xl4Dj7ORZumjUAqUE
xxjOER0YptSQOE2PGqdLRi/Sxop9ejbnPeXWFfe49kR7lL47YXmPr5OOhCHeXjuQn19fZYQl67LR
p+nkmPGGQcxR8fZIZYWnanHiNN2QsVTryrP197yPdaC+pNf3mhGdoeVp8zzG61xN+rR0e5/WHWgJ
0K0TL1LIMQVci5sqvQZ13oQFBOu2iRfLarZ0Gd9YsbdPAUe8PVKXjT5NC+OnKNgaaPia6MAwpYXE
aUZ0hi4etVC5dcX696FPtbJ4S5/WbPS7Xtfa1BFwLE6cpuvHna2YwHDDNYwNTSTgAAAc9wg4AGCE
qm1tVFNbi+zHfMpstwRqatRYba3MGfA9qp31um39nzx2irS52wc893A5GgBF2By6deJFmhWT2etr
LSazZsdkamJ4mh7f+0aXT8f9ndVk0Q0ZZ+v8lDmGRVC7Y7fYtCh+iubETNC/Dn6q53M/6NV168qz
DQOOqZHpfQ445sVN8gg3pCO7OvoacMyKyfQINyRpa2Xv57kg9VRdO3aJ4Zq6kx6aqNtPulRzY0/S
b3b/W/WtTX26vrOj38MVYxbrqvTFMhu0kz7KLXe/7wMAgL8g4ACAEaykqUpjHAke48tS5w5KwCFJ
2T3skvA3NnOAEuyRun/qtRrliO/XHI4Au74/4ULVOOu1sWLfIK9w6DkC7Lpn8pWadswOgL4KtATo
yvTFSg9N1IPbX5KzvfvOMFsqc1TZUqeowNAu41nhaX2+t7egampkep/nMjoS5Xa7tbrM82iTkdtO
ulhnJs7o8307mxt3kqKDwvWjzc/0O+QIMFm0NHmWrk4/QyaT53G2ztzkGwCAEwBFRgFgBNtcsd9w
fE7sBF06etEQr8Y/2C023TvlKq/hhrPdpaY2Z4+faNvMVn1/wlcH9UjQcAi0BOhHU67uMdxoanOq
tKlKZc01crZ3Xx9jTuwE3Tvlql7df3fNQY+xNEecYQHd7kyOGGM4nuaI63OQNf6YzkGSdLChVEWN
FT1ee/fkK7oNN9rc7ar+sn5JjbOh291QmWEpunXiRb1btAGL2awbxy3tMdyQpHZ2cAAATgDs4ACA
EeyD4k06P3WObAZHCq4bd5ZiAsP11P63+1Ww8XjlCLDLEdC1COqe2gKtKtmq9eV7VPBl3RG7JVDT
o8dpQfxkzY2daHhsIzYoXOelnKJ/H/zM8F45dUW6ec1vPMYfnPk1Rdq67looa67RfZufMZyn3YdH
gr6btVyTI43DgWpnvVaVbtcHxZs8iqtOihitxYnTtSB+suExjFkxmboxY6me3vdOt/ffXJmjeXGT
uoxZTRbNiZ2gdwrX9+p7mBWT6bEL5CiTTFoQN1kH60t7NVeEzaHUkFiP8R1VB3q89saMpVoQP9nw
udKmKr1VuE4fl2xVWXN1x3i4LUSnxU/VWcknG+7GOjV2ok5LmKqPS7b2av2dmWTy+F13u90qbqpU
aXOVWtqcspgscgTYVdva0Of5AQDwNwQcADCCHagv0ZsFa3WhQR0Dk0w6P3WOZkRn6LVDn+uNgi+G
YYUjW0tbq57a97bhz6aprUWrD+/U6sM7NSM6Q3dMulRhnTp0HHV6wjSvAYez3aX8hsMe4+0G5wHa
3e2Gr/WlMxKna3HiNMPnNlfu1+92v6rSpirD53dUH9CO6gNakb9at0z4qrIMdj0sS52rzRX7tbnS
eKeRJH1+eIduHn+eR4A0KWJMrwOOUw061XQ2PXpcr+uCzI7JlNXkWX9jfYVxy+SjTo4erwvT5hs+
91HJFv1u96uGQWONs0Er8lfrzYK1+t6E5VqSNNPjNVenn6nVh3f2eOSnO852lz4s3qQVh1br0BD/
ngEABs+UyHQ9OPPrw3b/uzb+pc+1rUYSjqgAwAj3bM573dbJSAqO1rezvqKn5/2Pbsw4R8leuoWc
aOpbm/Tgjpd6Ffxsqtinx/e8YfjcqJD4PheSHAnslkBdO/Ysw1bDWytzdO+mp72GG50drC/VvZue
Vk5dkcdzAWarvpl5frfX1zgblGPQkSYzPKXHex81pYc6GxmhyYo+poWqNycZ1N+obW3Q+nLvAYfV
ZNHXMs6RxaCI57uF6/Xwjld63EXlcrfp17v+Zfg/jUnB0bog9dSeF+9FjbNB/7vlb/r97tcINwAA
JzQCDgAY4VraWvXjLX/VzuoD3b4uwR6pi0ct0OOn/kC/mf1tXT/ubGWEJQ/NIkeYdne7Ht31L60t
y+71NR+XbFWeQQtUq9nS4xvskejCUfMUG+TZMrSsuUYP7fh7n+ZqamvRg9tfVp1BMczUkDgtSeq+
4OZ2L2/qexPGjQ9LUVJwdJexY+unWM0Wr0dHjOY71q7qQ91ec27KbMM6H/tqC/WH7P/06r5HPbP/
XcO6HPOPOcbTW63tLv1yx9+1ZZCKDgMA4M8IOADAD9S3Num+zc/ozYK1PbZwtZjMGh+WoktHL9Jv
Z39Hf5n7Q313wnK/fJPeXx8Ub9IXZbv6fN3uGuM3ukY1G0a6xQnTDcf/dXCVqp31fZ6vsLFcbxWs
NXzu3JQ53V77RdlujzGTTJodk9XjfecbBBefle7wGJsZndHjXFGBoUox+LPsqSPR2cmzPMbccuv5
3A/kcrf1eN/O9tTkGx7pGR+WovTQxD7NJUnvFm3o9ogQAAAnEgIOAPATLW2t+kP2Cj2w7XnDnQbe
JAVH69zk2Xpw5tf1+Kk/0JXpixUWEOzDlQ6/53M+7Nd1+fXG2/v97YjKrJhMj10PklTUWKH/5K/p
97yvHPjEMBzJDEvpdrfQ7ppDXQpvHjUpcnSP95x+TPeXlrZWPbn3LTW1ObuMTwgf1WPHm9kxWR7H
TNrc7fr8sPf2sBPC0wyLg+6tKej2WEt3VpVs8xgzmUw6JWZCn+d67dDn/VoDAADHI4qMAoCfWVuW
rbVl2To/ZY6Wp80zfCPrTVpInK5OP1PLU+fpw+LN+vuBj/v1af5I1+ruX7HGOlej4XiwHwYcRox2
UvRFU1uLNlbs0xmJnrtDZkaP175jOrF0trP6oE5LiOgyZnRcpLOk4GiPcCG75pDKW2q0u/qgZnTa
tRFsDdT8uEn6sHiz1/mM6m/k1RWrvKXG6zWnxhkXON1QsbfbtXdnTdkutba7PAqvjgn1DFJ60uBq
7vc6AAAjT05dke7a+Jdhvb8/I+AAAD/1RsEXeqPgC52WMFVnJZ2syZFjDIsgGnEE2LUsba4WJUzR
y3kfDehT/eNJs5dCkUZtekeyDC/BwcelfW9FeqzPDm83DDgmhKd1e92min06LWFql7HowDCND0vR
3toCw2sWxk+R+Zjf6U1fHsfYULG3S8AhHQl2ugs4jHaZbK/O63bd3kKYgYRFDa5mFTVWeNT18Mej
UACAwdXgavbrLibDjSMqAODnPi7Zqns2PaVvrH5Ez+a8r901h3pdFyDC5tA3My/Q/VOvlSPA7uOV
+jPPTiQjWZLdc1dPbWuD9nezw6K3tlTmqNWgnalREc7O1pTtMuw04m23iSRNjxrX5XGbu12rSo8c
7/i4ZKvHOiZHjvE6V0xguFIMipr2VIg2wR7lMdbgah7wJ1yVzjqPsZhAz6KwAACg9/zrIykAgFcl
TVV6Oe8jvZz3kWKDIrQwfrJOjh6vCRGjetyBcEpsln4x/Ubds/lp1Rt0yoD/CAsIliPA80hNYWPF
oMzf0taqkqZKpYbEdRkP7aGuS4OrWftqCzTpmBBiYsQow9eH20I8Wsnm1BV1tLatdtYruya/S6gR
aQvVrJhMw9oYs2OzPHaDVLTUdvspmc1sNWw/azaZ9fDJN3m9rjeMOsgEWWwDmhMAgBMdAQcAHIfK
mqv1r4Of6l8HP1V0YJiWJM3UooQpGhXi/VP2cWHJunvyFbp/89/63BkCI0eCPUomgx0ntU7j+iL9
YdQu1m6xKcQa1G1NiK1VuR4BR0aocXHSBfGTZTN3LRq65ZhuIRsr9nns2jg1dqJhwHGSQZCyq/qg
17VKUmRgqOGxL7vFZljPY6AsJrMibI7jsi4OAABDgSMqAHCcq2ip1ct5H+lba36rB7e/rNy6Yq+v
nR41TheNXjCEq8Ngs1sDDceb2loG7R7e5oq3R3Z73ZqyXXLL3WXMEWA3bPF6cvT4Lo/dcmtV6fYu
Y5+UbvVom+ytHbJRXZItPbSH7WlXii+E20KG/J4AABwvCDgA4ASyqnSbvrv293op7yOPN4ZHLU+d
x5ssP2b1Umi2tX3wduUY1eCQei7GmltXrOLGSo/x6VFdAw6b2eqxQ6KgocwjnCttqvKoK5IUHO1R
GDTeHqnkY+qStLa79PnhHd2uN8jcfdtZX+htoWAAAOCJ/4oCwAnouZz39ULuh4bPhdtCtDhh2hCv
CIPFW5ARaBm8U6mBXmpFOL0EH53tNDgWMiGiaweWuXEnKeSY1rxbK41rZWys2OcxNj9+UpfHs2Iy
ZTJ1Pbazv65Ita39O7bT5m6Xs93lk3+8BY8AAKBn1OAAgBPUy3kf6eTo8YZFHqdFjdOrhz4fhlVh
oOpdxkVig62ehUf7K9hifAymN3U+Nlbs1ZKkGV3G0h2JslsCO46+zI7J8rhuddlOw/k+Kd2mK8ac
3iXAmBY5tstrjOplbO9FC77mduO2wVsq9+tHm//a4/UAAPjSQzO/0W0HsaO2V+Xpzo1PDsGKhh87
OADgBLayZIvh+OgeWn5i5CpsLJfb7fYYj7A5Bu0e4QZztbS1qrylpsdrvyjbpUZX1xoegZaALu1i
j/2ftbLmGq/1MvIbDiuvvqTL2JjQRCV2au9qVMh0TdnuHtda3WJc7DMsgCNcAACMROzgAIAR6NtZ
X9F5yad4jP/70Gd6at/bg3afdWXZUtYyj3FHgH3Q7oGh1dLWqkpnnUd7U6O2pP0RYXMoPijCY7yi
pbZX1zvbXdpTm6/pUeO6jE+JSteq0m2aGZ3hsfaedltsqtyv9NDEjscWk1kL4qfolQMfK9EepcTg
qC6vL22q0p6a/B7XWt5So6Y2p+zHHMmJDQrv8VoAADD02MEBACNQo6tZJpPJ45/IQfwUXjryBs6o
YKTdEqhAi3GBRaMaAcfWN8DwKmws9xizW2yG3Ur6amZ0huGfd35DWa/n2GYQWGSFpUo60ub1WGvL
s7udb1XpNo/uLDOijwQos2OyPNrm7qrpvj1sZyVNnkVRI2wOTfJBm1gAADAwBBwAMAKVNFUZjieH
xA7qfRwBdlnNFo/xdne7WtqM6w80G4wHeSk6ieGxu/qQ4fjC+CkDnnt+3GTje/YhNPi8dIdHIDHK
Ea+owFBNiepaP6OutUlrDu/qdr79tYUqOCZgyQpPlSPAblhjxqgwqTd5dSWG4/OOKWQKAACGH0dU
AGAE2lixT2632+OT8ozQJKWGxCm/4fCg3GdSxGiPT7clddtd4mghyM4sJrOSg2MMdw5g6H12eIcu
HbPI4892VkymQqxBanA192veeHukpkale4y73G36rIeWq50VNJYrv6FMaSFxHWMWk1nnJM9WcnDX
dq47q/Pkcvfc4nZLZY5SO81nMwdoYfwUZYR1rb/R3ObsMTDpbEPFHi1O9OwqtCh+ip7d/77h3wcA
AIbCE3vfkMPa87FibwXIj0fs4ACAEaisuVr76go9xs0ms64du2TQ7rMoYarheEE3QUW107jwYm+q
eBuZETXwYxPoKqeuSHtqCjzGI2wOXT7m9H7Pe3X6mYa7dXZUHVBRY0Wf5tpRfcBjbFnqXI9QZkP5
3l7N92npdo+xhfGTFW+P7DK2t7agT6HEZ6U7DOuLRNgcunrsmb2ex0hUYKjOSZ49oDkAACeu3Lpi
bavK7fGf3Lri4V7qkCHgAIAR6r2ijYbj8+JO0iWjFw14/pnR4zU/znib/VYvHSukI2+ejRi19uzJ
kqQZOqUf16FnbxSsMRw/J3m2MsNT+zzfzOjxWuTliMt/8lf3eb4N5Xs8xo4tbtvS1qpVhz2DCyM7
qg941MuYEpnuEZgY1f/ojsvdpo9Ktho+d37KKR7FUnsrxBqkH029Rt+bsFw/POkS2cxsqgUAYKAI
OABghHqrYK2yvXR6uH7cWfrBxK/2u9vJzOgM/c+kS2Uxef5noMHVrLcL13m9dntVnuH4ydHju7T6
7MmC+Mn6ZuZXKFDqIyuLt2h3jWctjmBroO6cdJliDTqheDPakaAfnnSxYb2WzZX79UUvWq4e64uy
3apr7X7LbHbNIdX38JrOvLWSPcott1b34XjKUa8c+NhwF0eA2ao7J1+mKZGex3a6k2iP0k+mXafM
sBRJ0hmJ0/XwyTcrZZA63QAAcKIi4ACAEeyx7NcM62GYZNJZSSfrz6fequvGnqWEY7bhe5MSHKPv
T7hQ90+9VmEBwYaveT1/jSpb6rzOsa+2UAfqPQsvWs0W3X7SpVqSNKPbNSTYI3XLhAt1x6TLPNpv
YnD9ee+bam5zeown2KP06KxvakG8ccHQzs5KmqkHZ35NEQYdfBpczXpy71v9Xp9RANPZpsr9fZpv
9eGd3T5f1Fhh+Lvbk/rWJj2z/12PwqiSFBYQoh9NvbrXR38WJ07TI7O+6VH8NCMsWYsTp/d5bQAA
4L/YDwkAI1huXbF+uePvunvyFQqxBnk8H2Fz6LIxp+mi0QuUU1esg/UlKmgoV72rSc1tTgVZbHJY
7UoOidHokHiNC0s23LVx1LaqXD2b836P63q/aJO+Mf5cj/HQALtunXixLkidq00V+1TYWCZXe7tC
AoKUaI/S2NAkZYWnymY2bkGLwbWnJl9/y3lPN40/z+OoRnRgmO6afLkuGb1I68qydaC+RKXNVTLJ
pHh7pNIdiZoVk6kxoQmGhWjdbrf+su/tfgUGR22tzNFsL7t+2tztWlW6rU/zbajYq4qWWkUHhhk+
v9Og7kdvrSzerKywVJ2fOsfjuRBrkK4du0RLkmZqc8U+ba3K1eHmalU01yrYGqjUkFhlhqdqRlSG
0kMTDeffXLm/V3/3AACAdwQcADDCbarYp59sfU63n3SJ4rwcK7CaLMoMS+nY8t4f2TX5+sW2F3v1
2jcLvtDChCle7zcuNEnjQpN6NZezvZXAw4dWHFqt6MAwXTxqocdzJpn69Gd1lFtuvZD3od4tXD+g
ta0u26kbM5Yahm45dUUq9dIuuTtbK3O87oToS3tYI3/c8x+F2oK91iJJtEcpMeUUnZtySp/m3Vl9
oNd/9wAAgHccUQEAP7CjKk+3r39Cnx/eYbhNfiDa3O16t2iD7t70l27bw3bmbHfp4R1/V3lLzYDu
XeWs0+93vzagOdCzp/e9o2dz3u9Vu9WetLa79PS+d/Ri7soBz1XaVOV1B8iWPh5POcpbPZAGV7PW
9qNWyLEe2v6yVhxaLbd7cP4eflq6XfduerrfrXsBAMB/sYMDAPxEeUuNfr7tRZ0Sm6UL0+ZrcuQY
w6MDfbG3tkDP7H+3264p3hQ1VujODU/q9kmXakJ4Wp+vz67J1x+yV6jFoEYEBt/LeR9pX22BvjH+
PKWFxPVrjrz6Ej2x540+dyLpzo7qAxp7zA4St9xaZdD2tTc+O7xDNc4GhdtCuozvqcmXs93V73V2
9sTeN7SjOk/Xjztbyf0sDFrb2qCXcj/Sin50oAEAAMYIOADAz6wty9basmxlhqdqccI0TY0aq5Tg
GJm7qa1xlFtuVbTUamtlrt4t2qAdXjqi9FZxU6V+uP5xnZ86R+elnKJRIfHdvr613aWcumK9UfCF
VhZvliTD4pXwjY0V+7RxzW90bsopWpwwTZnhqd3WZJGO7PDJrjmkD4s3650BHkkxsq4sW8tS53YZ
K2goU25dcb/n3FaV61FAdTBDGUn6/PBOrS3L1tLkWVqUMEWZ4amymjy7zByruKlSa8t265UDn6ja
WT+oawIA4ERnOuf9uwd3rzMAYMhFB4ZpalS6koNjFRMYLrvVJqvJrOa2VjW2tajR1ayChjJtq8pV
ST/qGvRWemiiZkaPV7w9UqFWu8wmk+pbm1TnalJhY4W+KNulGmeDz+6PvokKDNXM6AylhsQrOjBU
QRab3G63WtpbVdFSp0P1pdpQsZc34r0QYXNoRnSGRoXEKTowTIEWm8wmk5rbnGpobVYi3YXiAAAg
AElEQVRhY7mya/O1x0vrZwAAMHAEHAAAAAAAwO9RZBQAAAAAAPg9Ag4AAAAAAOD3CDgAAAAAAIDf
I+AAAAAAAAB+j4ADAAAAAAD4PQIOAAAAAADg9wg4AAAAAACA3yPgAAAAAAAAfo+AAwAAAAAA+D0C
DgAAAAAA4PcIOAAAAAAAgN8j4AAAAAAAAH6PgAMAAAAAAPg9Ag4AAAAAAOD3CDgAAAAAAIDfI+AA
AAAAAAB+j4ADAAAAAAD4PQIOAAAAAADg9wg4AAAAAACA3yPgAAAAAAAAfo+AAwAAAAAA+D0CDgAA
AAAA4PcIOAAAAAAAgN8j4AAAAAAAAH6PgAMAAAAAAPg9Ag4AAAAAAOD3CDgAAAAAAIDfI+AAAAAA
AAB+j4ADAAAAAAD4PQIOAAAAAADg9wg4AAAAAACA3yPgAAAAAAAAfo+AAwAAAAAA+D0CDgAAAAAA
4PcIOAAAAAAAgN8j4AAAAAAAAH6PgAMAAAAAAPg9Ag4AAAAAAOD3CDgAAAAAAIDfI+AAAAAAAAB+
j4ADAAAAAAD4PQIOAAAAAADg9wg4AAAAAACA3yPgAAAAAAAAfo+AAwAAAAAA+D0CDgAAAAAA4PcI
OAAAAAAAgN8j4AAAAAAAAH6PgAMAAAAAAPg9Ag4AAAAAAOD3CDgAAAAAAIDfI+AAAAAAAAB+j4AD
AAAAAAD4PQIOAAAAAADg96zDvQAA/qGuqlY1FdVqaWqR2WxScJhDkbGRsgUFDvfSAAAA+iQ91KUQ
q1sh1naNDXV1jIdY3UoPdemujRHDuDoA/UXAAaBb5UWHtW/rHtVUVMvd7u7ynMVq0ajMMUrLGiN7
iH2YVggAAGAs3t6mMQ6Xxoa6NDmyVfFBbYq3t3V7zfaqgCFaHYDBRsABwFCby6X92/apYP8hOZtb
vLymTbk796u8uEwZUzMVkxwns5mTbwAAYPikh7p0ZmKzpkQ6ld5pd0Zvbauy+WBVAIYCAQcAQwX7
81WUW9ARbsSnJihxTLICgwLV5mpTbVWtCnPy1VBbr9rKGh3IzpMtyKaI2KhhXjkAADjRhFjdOjOp
6f/Zu5MgR7L7TPDfc3fsSwRiD8SWseYamVmVtShLLJKiWGpTSybyONYcG5sTdZixMaMumh6zNhsb
XVoHUZe5SCeZjbGtbQ49VNs0NVSVKLJIVtaWrMp9i30PxIII7Iu7vzk4gMAaAUTGhojvZ5WVCQfg
7ggg8Nw//7/38P2B5IEVGgcJpdQj2isiOmkMOIioQmR7F4uv5pFKJOFwOjDx5lX0DAWh2fa+Mjr7
uxEc6cPzL58itLiGrdUNrAX8cHrccLqdp7j3REREdJH8YCSO7w8m4NHkwQ+uw3SUp0hEzYq/vURU
YfrRK8QjMQDA8I0xdA/0loQbeS6PG+O3r8DI6thYCWF5ehH+thYER/pPepeJiIjogrkZyOCHE7FD
dUPZzwwDDqKmxd9eogsulUghthNBIpqAy+uG3WlHIhqHaZjoCHahM9gFm6P2YFveFi+6h3qRiMUR
j8QR241iZyOMRCwOKSW8fh88fg80OwfsIiIioqPxvcEE/nwiduTrZbhB1Nz4G0x0QS1PL2Lq4Usk
YwlIWb2k09/m3zfcyHN53LDZ7QDimH70CtOPXpXcr6gquvq6MHxjDK0dgaPYfSIiIrqgfnQtgg+C
qWNZ90yMp0dEzYy/wUQXjJ7V8fjeA4SW1mDo+w/C5XA5oagHD7Tl8rhgc9Qecdw0DKwtrGJ3excj
N8bQPzpQ13qJiIiIih1nuAGwgoOo2fE3mOiC+frj+9ha3YBpmtBsGroHe+Ft9cHlcSMZS2BtfgXR
nQhMwzzU+m0OOzp6O9De2wkhBJKxBLbWNrG7tYNkLIGpBy8gpcTQ5eEjfmVERER0nv35ROxQ4UZc
F3UPQMqAg6i58TeY6AKZezqNnY1tmKYJT4sXk3dvo6WjFYqiFB4zcmMMS1MLmHrwAolIHHpWh+2A
8TOS8SSy6Qx6LwUxOjkBX8Bfcv9gMoX5F3NYejWPdDKNtbkVeP1etPd2HsvrJCIiovPlZiCD7w0m
GnrOR6tOPArb8b2BRN0DkT4M165IJaKzjwEH0QWRiicx82Qa2UwWmk3D7ffvwBfwQwhR8dj+sUG0
dbcjsr0LRam8v5zdaceVt67D2+Kt2lXF4XJibHIcAsDMkylsr29hbWEV/vbWA8MTIiIiutg8msSP
rkXrfvw/Lrjx00UXup0G/sOt3bqrNx6FeUxC1OwYcBBdEOGNMEzT6nYyenMCbp+nariR5/Z54PZ5
SpZlUmkkY0momgqX1w1Vs8bR8Le1HLh9RVXRPdiL6E4U6wurSMWTSETjaGlvfY1XRUREROfd9wcT
6HbtP24YYHUv+fFTP2aiGj4IpvCja5GGtnNvw3HYXSSiM4IBB9EFEduJQOYCjo7ezkI4cZB0Mo25
ZzNYm19BMp6ANK2rIKqmwhdowdjNcbT3dpZ0c6nF5XXD5XEBALKZLLKZ7CFfDREREV0EHk3i+3V0
Tfl0w4G/eeJHXBeHCjcABhxE5wEDDqILIrYTLVRwaDZt3+qNvHBoGy/uP8XOVrgQbOQZuoGdjW18
9asvMXj5EoaujBTCi1psdluhS0q+ggMch4OIiKgpjfj0ku4fM1ENcf3g44tGfH8wcWAXk49Wnfjx
E2v8r8OGGzNRDetJzvBG1OwYcBBRVWvzK3jxu2dWCAHA7nSgtaMVnhYfDF3H7uYOYrtRGLqB2SfT
yKazGLkxBo/fe8p7TkREREdhMpDFiC8LryYxGcii22nU1VUkrgtMR21YTyp4FLbj3obj0MHHQdUb
RxFuAMA/LroP9TwiOlsYcBBdEN5WHzZXN2AaJlKJFFweN0SNAUTTyRQWXswhGbcOKoIj/Ri7eRke
f+mYHGvzq5h6+ALRcASrc8toaW+Fy+uu2V2luFuK0+OqGOODiIiIzo7/fiSGyUDj3Uk9msTNQAYI
oDCt60xUw08X3A2FHXc70/tWb8xENfzdCx8Aq5rkhxP1D0RaLK4LfBJi9xSi8+DgTvNEdC54W/0Q
ueBhaWoB2Uym5mPnns0iGo5AmhKDly9h4o2rFeEGAPQM9eLKnWto6WiFoRtYfDWPrbXNmuvd2Qhj
ZzMMoLS7ChEREZ09H63u3/W0ESM+HX9xPYJ/+MYmfjASr2tmk7td6Zr3xXWBHz/1F8KSv7gWqXu2
lHI/XXAfedcaIjodDDiILojeS0E4XA4IIbA8vYilqQXoNQb5DIe2kEln4Av40T82uO/YGh3BLnQG
u2Bz2BHZ3kUyWr2UNLK9i4WXc9jZCEOz2xDoaucMKkRERGfYcVQ1eDSJH4zE8Q/f2MR3e1P7Pnay
tXb1yE8X3JiJWsXoPxiJY8SnH2p/QikVP11g9xSi84IBB9EFMn7rcqFq4sXvnuHpF48Rj8Qg5d4V
j8j2biH48Le1wGa3H7hef3trIQRJJZLIpPeqQ0zDwNr8Ch5/+gChxTUAQFtXOzo4uCgREdGZFtcF
Plp1Hsu6PZrEX1yP4Ec1Ki+6XbXH+wilVPxkxlN43A9G4ofej7974WX1BtE5wjE4iC6QnqEgYrtR
zD6dgZ7JYnl6EesLq+gbHcDQlWG4fR6kEykYudlW/G0tsDkO7kbi9XvhcDkB7CKVSCGTykDVVGyt
bGDu+SzCoS2YhrXOtu52XLo2An97y3G+VCIiIjoC90KOAystXscHwRRGfTr+8n6gJGgY8dauyMiH
GwBeK9z4x9yYIER0frCCg+iC0bM6UFSxoWoanG4n7A47hBBQbRqU3BSyelavmB62GsMwClPQqqoK
RVWgqiocLiccTnvJoKN6Vq/ZNYaIiIjOlnsbDoRSh5s+td7njfh0/PWdcEklR60uJ6GUig9XrKqS
bpdx6PBlJqrh715y5jei84YBB9EF8urBCyy+nIee1aHZNIxOjuMbf/ZtjNwYh81hdUVxuJxQVOuA
JBGNW4HIAZLxJLK5bik2hw2azSoOa+loxa337+CtP/w9dPV3Q1EVRLZ3Mf34FUJL68f0KomIiOgo
5QOFRkkJ/P1LL34y4zkw7CgPOUZrBBzF+3K3s/YgpPuZiWr4y/uBQz2XiM42BhxEF4Se1bE2twJD
N6DZNNx6/w7Gbl6G3VE6xobH74GqWQchmyshJKKxfas4DN3A1uomElGrRNTpdlWsM9DVhht3b2Fg
fAiKqiAajmBnYxumUb1vLREREZ0dh51lpNtl4IcTMYz4dPxPn7bhb4tmPakmP9MKAHg0s+pjiscE
OUz1xkerzoruMER0fjDgILogVueWkU6mIKXE0NURBLraoKjVvwJ6hoJwup1IJ9OYfTqDWCRWc70r
s0vYWF6HntXR3tsBX8Bf9XEOlxPdg71o7WyDaZiIhiOI7hxuvnoiIiI6OXFdvNZMI3c70/iHb2xi
Oqrhf/xNx74Dl97tTOP7g4mqXVRmohrWk9ZFGI8mG5o5Ja4L/O1TP378ZP+QhYiaGwMOogsiFU8W
ZkvpGewtdCOppn9sEC0dASiqgs2VEJ7ce4Dt9a2SSg5DNzDzeApTD18iEY3D5rAjONyPlo7aU78G
OtvQ2mGVhKaTaaQTxzdoGRERER2dw1Zx5Hk0if/z3W2815XGj5/48bdPq18QAYAfTsSqzqxSPCDo
zUCm4v5aPlp14n/+rO3QXW2IqHlwFhWiCyK2Ey0MBKrZNAhR+yBFs2kYuzmBZCyByPYuwhvb+Ozn
v4Xb64bD7YRpmkhE4sgWDRY6MDaIzr6ukgFFy1mDj1r3Z1JppJIMOIiIiJpBXBf4yYwHP5yoXdVZ
jx9di2A9qRTChh9di9T93EfhvZndDqreiOsC9zYc+MmMp1D1QUTnHwMOogvmoHAjz9/Wgje+9RZe
ff0coSWrC0oilkAilih5nMvjwvD1MQSH+woDlRIREdH589MFN24Gsvi9Qw7umfcfbu2WVFTUG3I8
DO8dZ3irVHjkQ41HYTs+CTnYFYXoAmLAQXRBtHa1YXN1A3pWRzKehNPtglD2b/jdPg9u3L2FjeUQ
1uZXEN4II51MQVEUuH0edPR2on98CN6W+qZZy2ayhaoPp8cFt89zwDOIiIjoLPmbJ3789Z1wQ+Nf
lPNoEj+6FsX/er8VH644MRnIHDhgaHH1BgB4bCYehW14GLYjlFIxHdUwE+WpDdFFx28BogvC2+or
dB9Zm1+Fr9VXV8WFqmnoGQqiZyj42vsQ2d5FJGxdpXE4HXC62BeWiIiomcR1gb+8H3jtkONmIIMP
gil8uOLE373w4WYgiy5n7dnV1summf3xk9pjeBDRxcVBRokuiEBnG+xOO4QQWJ5eQHQnCmlWn4IN
AMKhLSy8nEMynjxw3ZsrG1h8OY/4PrOtpJMprM4tY3ttE4qqwNPihdt3+BHZiYiI6HTkQ45Piwb9
PIx/NxwvrO8nM/tXdXIcDSKqBwMOogtCs2m4+vYN2Bx26Fkd93/xGRZfLUDPll59SSdTePblE/zu
X79AMpaAckA3FgBQNRUrs0v4+uP7WJldqlhnbCeK5/efYnl6EQDQ1d+D4HA/FJUHK0RERM0orgv8
Hw9a8FcPWhBKHa4973YZuJsbz+PDFee+6ynvokJEVA27qBBdIB3BLrT3dGB9cQ16VseTzx5iaXoB
LW2tsDvtSEQT2FheL4yT4XA56woh7A47VE3D9voWHn/yAN7ADFo7AlA1FclYAjsb4UIliMfvRfdg
D7ytvmN9rURERHT87m04cG/DgQ+CKXxvINFwt5W7XenC9K8/mfE0NKsKEVE5BhxE58jzL58gsr0L
CaCtqw1CCGh2G3ytPvgCLbA5bLj9zTuYevgSc0+nkc1ksbu5g93NnSPbB8Mwaq6ztTOAsZuX0dnX
BdMwkYwnEA1HkIgmYBoGUokU4tE47HYbuod6ERzuP7L9IiIiouPz4YoTH6440e0ycDOQxYhXx4gv
ixGfDk+VGU/yJlv3ppz/JOTAj65Vf1xMZ+E5ER2MAQfRORIJ72J7fQtSSmyvbVbcn6/g6BnsRXtP
B+aezWBjeR2GXn1Qr0QkDj2rw2bfvyw0GU8im87UvN/tdaNvbBBd/d3IpNJ49uUTbK6EENuJVn28
w+VAS0frvtskIiKis2c9qeLDKuNleDSJUV+2Ynnx1K9xXWAmqlWtAuEMKURUD35TEJ0j/kALtte2
at6/uRLC5koIL373FK0dAYzfvoxb33gDyXgSmVQabq8HdpcDn/38twiHthEJ70LPZAGPa9/txiMx
pJPW9G7X372JvrEBJKMJ6LoOt9cNPWtgeXoBv/ulNa7HQRwuJzwt7MJCRER0XsR1URJm1PIobH+t
2VmI6GJjwEF0jmhFlRbX370JT4sXelZHOLSN7fVNRLcjMHMzp+xshvHFR5+ie6AHI5PjaOkIFKaR
dfs8iGzvIhzaxvrCKhwuB+zO6iOl727tYH1hFcl4Eh6/Fw63E6qqwtvqQzadxdrCCuafzyIaLu1T
a3c60NrRiraeDnhbfJCmibX5FSzPLB3TT4eIiIjOuodhG743eNp7QUTNigEH0Tnl8rrQ1tUOoQh0
D/QAAFKJJDaWQlieWcTu1g5Mw8T64hq21jYRHOnH6OQEnG4nRicnEA1HENnexcyTaRiGiaErw3C6
nSXb2F7fwtTDlwiHtgEAvZeCCHS1AQA2lkOYfTKF8MY2TMPM7ZMbHcFOdA/0orUzUNL1JZVIYatK
txoiIiK6OOL6wbO3ERHVwoCD6Bxp626HEAJSVh/My+l2YWBiCAMTQ1hfWMX0o1eIhiPQszoWXswh
FU9i/I2r8LX6MHRlGFMPXyIZS2Dm8StsLK+jrbsdbd0dyKTS2F7fxNbaFjIpa3q3roEedA30QNVU
LE0tYPbJNGK71hgbNrsN3YO9GLo6An/Af+DrcLic8Pq9R/eDISIioqbAwUSJ6HUw4CA6p6LhCNp7
OiFQ/UpI92Av2ns7sTy9iLlnM0jGEggtrSMeiWHyvTfQNzoAIQSmHrxAImbNdhINRzD/fLZyXQM9
GLt1GR6/FzOPp7DwfBaZdAaKqqKjtwMjN8YLlR21pBJJxCPxI3ntRERE1JxqDSbq0SSrO4joQIxI
ic4Rf8CPfJ4RWlovjLdRi2bTMHRlGG/94bvwt7VACIF4JI6vfvUlVueW0TPYi7c/uIvugR6oauWI
6C6PC9ffvYnJ927D7rDj2ZePMfd0uhBuDF8bweR7tw8MNwAgnUghEY0BsGZR8bSwgoOIiIgs1WZg
ISIqxwoOonNEs9vQ1d+D9YVVhEPbyKYz0GwH/5p7/F6880fv4fG9BwgtrSGdTOH5l09gdzrQ3t2B
N//gHRi6gXgkhnBo25rGtb0VDrcTiqLA0A1MPXyJ1dll6FkdTrcT47euIDjSD0U9OEc1DRPxaBzx
SBwurxv+tpaj+HEQEREREdEFwgoOonMmPw4HAIRD2wdWceRpNg037t5CcLgfmk1DOpnGi/tPEQnv
AgBUTYW/rQVDV4bRMxSEy+suzLoy8/gVlmeWoGd1+AJ+XH37Rt3hBmB1T0nkuqdYU8SyeoOIiIj2
dLvqO54hoouNAQfROdM10AOhWAFHaHm9MINJPTSbhitvXS8MFhrZ3sXLr54juhOt+ZzFV/NYmV1G
Np2B0+3C8LVRdA301B1uAEAimihMI+v2uljBQUREdEF5tOoDpXc5jRPeEyJqRgw4iM4Zl8cFl8cF
CIHV2WUkovGas6pUo9k0XLlzDa0dAQghsLkSwvLUAlKJVMVjt9e3sDy1iEQ0DlVVcenaCLoHewuV
HfXQszrCoS3sbIah2TS4vG7YHfa6n09ERETnR62xNkZ9+gnvCRE1IwYcROfQ6OREUfeRKRh6Y1c9
HC4nrrx1Hb7clK4LL+exuxmGNPeCEkM3sDS1gN2tHQDA0JVhBIf76hrzo1h4YxsbKyEAQEt7K7r6
uxt6PhEREZ0ftbqiDHsZcBDRwRhwEJ1DwZF+uH1uCCGwOreMeCTWUBUHAPjbWnDp6gjcXjcMXcfa
/CoSsb1pXDeW1xHZ2oVpmuge6EHvcB8cLmdD29CzWYTXt7G7uQPNpqG1qw2tnQfPuEJERETnU62u
KN0uo2b3FSKiPM6iQnROXX7zGr7++D4MXcerr5/j1jfuwOawNbSOnqFerM6tIJlIYn1xFd2DvXB7
3chmslibX0E8EoOqqejs74a31dfwPm4sh7A6twwAaO/tRN/IQMPrICIiouYz4tMxGcjAq0lMBqxu
KetJZd+uKD+ciCKUsqatj+kCM1EbZqIa4ro4kX0morOPAQfROdXV3432nnZsrGxgYzmE6UcvMXbr
ckNdSFRNQ//4IBKxOOK7MSy8mIXb60Z4Yxs7mzswTRMDo0No7+loaNwNAAiHtrD0agGJaBxOtxNt
3e3w+D2NvkwiIiJqIt/tTeEHI3F0u6pUagT2f+4HwcrxwOK6wCchB/7+pY9BBxEx4CA6zybeuIpo
OIJkIonZp9PwtHgRHO6Hqql1r6NnsBehhVWkYklsrW1id2sHG8vrSMYSsDvs6OzrgtvXWDARj8Sw
8HIem6sbUBQFHcEu9AwFG315RERE1AQmA1nEdYHvDSSqhhSvw6NJfBBM4WYgi7996oPEXsgRSilY
T9Z/zENEzY8BB9E55gv4cfnNa3j86QPoWR3Pv3wCp8fVcMVF92Avdrd2EduNYnFqAalEEgDQ2dcF
T0tjXVPSyTQWX85jbX61sI5LV0fgdDc2fgcRERGdLd0uA7/XmcbNQBY3A5kTHTOj22XgP97ZqXrf
TFTDdFTDvQ0HHoXtrPQgOscYcBCdc73DfUglkph6+BJ6VsfXv/oSt795B+09nVDU+kKO1s422F0O
YDeK3c1wYbm/vRUuT/3BRDqZxszjV1h4OQ/TMBDoasPg5UuF2VqIiIio+Xy3N4XvBlO4Gcic9q5U
NeLTMeLTC9UjH6448Z9mPazuIDqHGHAQXQDD18cQ241hdXbZCjk+vo/Ld64hONxf15gcDpcDLo8L
qqrCMKw+s3anHS6vG6pW39dIbDeKmcdTWJ1bhmmY8Pg9GBgfQkew67VeGxEREZ2ObpeB//jmTvXx
NM6wD4IpfBBM4cMVJ8fuIDpnOE0s0QVx9e0b6B3ug6qp0LM6nnz6EPPPZ5HNZOt6fqCzDQ6Xo3C7
pb0VLrerrufubu3gxf2nWJ5ehGmY8AX8GLt5Gb2XOO4GERFRs1pPqvj7l96mDQje60qf2aoTIjoc
dfx/eP9/P+2dIKLjp6gKugd6kE1nEduJwjRNa9DQzR24/R44XA4IUfsARZoS2+tbSCet8s7gcD86
gh37VnBk01nMP5/Fi/tPsLtl9Yv1BfwYu3UZvZf6IBqceYWIiIjOlqWEho/XnRj16eh2mae9O3Wb
iWr4q4eteBS2n/auENERYhcVogvmylvX0drZhqefP0Q6mcbW2ia2/uk3CA73Y3RyHJ4Wb9WgQ9XU
kkCi/HYxwzAQWlzDzOMpRLZ3C8u7B3sxdnMC/raWo39hREREdCrWkyr+8n4AdzvT+PPLMXQ5z26X
lbgu8JMZD3664D7tXSGiY8CAg+gC6hnqhdPjxLMvHiOytQvTNLEyu4TQ0hraejrQPdCD7oEe2Bx7
VzV8AT/sDlvhtsvrgs1uK1lvZHsXocU1rC+uIbYbhWlYV3Jsdhv6xwYxdGUYLi8PKIiIiM6jexsO
PAzb8UEwie8PJs9U0BHXBX664MZPF9xN26WGiA4m/vjDf39y8zcR0ZmzPLOE6YcvkYjGIWXp10Gg
qw2tHQE4XE54WjyYeTSF8MY2AGDs1mW4vW6kEikkonFsrW4gGU+WPF9RVfQOBTF8fZQzpRAREV0w
HwRT+N5AAiM+/dT2IZRS8dMFFz5ccTHYILoAGHAQEfSsjpWZJcw9m6kadDRKUVV0BDtx6eoIAp1t
dU9HS0REROdPt8vAd3tTuNuZPpGwI5RScS/kwIerTsxEWbBOdJEw4CCiEvFIHGvzK1hbWLEGIzXq
GzDM5rCjrasNvcN9aO/thN3BQbuIiIioVLfLwM1AFpOBDLqdBiYD9c3mtp9HYRvWUyoehe14GLZh
PakewZ4SUTNiwEFENaWTaSTjCWRSGcQjMUS3I0glU1AUBR6/B76AH063Cw63Ey6PC5qNV0mIiIio
MSM+HV7NxIhPh0ezTk28msSIby/8mInaEMt1MYnrAjNRDTFdYYUGEZXgNwIR1eRwOeBwOXK3uk91
X4iIiOh8yocUDzllKxG9JnaMJyIiIiIiIqKmx4CDiIiIiIiIiJoeAw4iIiIiIiIianoMOIiIiIiI
iIio6THgICIiIiIiIqKmx4CDiIiIiIiIiJoeAw4iIiIiIiIianoMOIiIiIiIiIio6THgICIiIiIi
IqKmx4CDiIiIiIiIiJoeAw4iIiIiIiIianoMOIiIiIiIiIio6THgICIiIiIiIqKmx4CDiIiIiIiI
iJoeAw4iIiIiIiIianoMOIiIiIiIiIio6THgICIiIiIiIqKmx4CDiIiIiIiIiJoeAw4iIiIiIiIi
anoMOIiIiIiIiIio6THgICIiIiIiIqKmx4CDiIiIiIiIiJoeAw4iIiIiIiIianoMOIiIiIiIiIio
6THgICIiIiIiIqKmx4CDiIiIiIiIiJoeAw4iIiIiIiIianoMOIiIiIiIiIio6THgICIiIiIiIqKm
x4CDiIiIiIiIiJoeAw4iIiIiIiIianoMOIiIiIiIiIio6THgICIiIiIiIqKmx4CDiIiIiIiIiJqe
dto7QBdLJp1BNBypWO5wOeBt8R1qndl0BpEq67Q77PAF/CXLdrd2oGf1kmX+gB82h73u7UW2d5HN
ZF9rHYchpURsN4adjW1kkmmkU2koqgKb3Qa3zwN/Wws8fu+Rb7f8Z+bxe+F0O19rnbU+B+UUVYGm
aXC4nbAf4ud70HaEELDZbbA57HC4HBBCNLyNerdVD5vdBn9bS0Pb8LX6YHc66iVZL14AACAASURB
VN7G9tomZNFtl8cFt8/T6K4SEZ15jXwva5oKzW6Dy+OGojZ+/a/atvxtLbDZbQ2v6zCOuq0+yfbG
0HXsbO4cdlerqnYMeBjH/b5KKbG9vlWyzO11w+V1N7SebCaL3a0dRMMRZFJpGFkDml2D3emAP+CH
v70Vmu3g076z/F4Q1YsBB52oaDiCz//5k4rlHr8X73/vDw51grnwcg4vv3pesbx/bBCT790uWRbb
jeHhb35Xsmzk+hgu37lW17YyqTQ+/affwDCMkn3/xp99u+H9rpeUEiszS3j14AWSscS+j23tDGD0
xji6BnqOZNt6VsdnP/8tDH3v9Q5OXML137v5Wuut9TnYj8fvQc9QH/pG++sOchrZjsPlRPdgD3qH
gmjr6Who3xrdVi1d/d248513G9pG90AP3vyDd+rexpe/+Kzk/Ry/fQVjNyca31kiojPuMN/LiqKg
racD/WMD6B7shaLUF3ZU29Z7f/JNtLS3NrT9wziOtvok25tUIvXa7We5aseAh3Hc76uUsmL9V9+6
jkvXRut6fiqexPTjV1iaWoBpmDUfp2oaLl0dxqWro7A7a18wOsvvBVG92EWFzoR4JIadzXDDz5NS
YvHVQt2PD14KVqTIc89nkE6m63r+wou5knADACbeuFL3AVCj0sk0Pv3/foOHv/3qwHADAHY2wrj/
r5/j6WePYJq1G7p6hZbWSg5OAGB5ZrGiCuYkxCNxTD96iV//479i6sELyCN4fcXSyRQWXszhs3/+
BF/+y6eI7UaPdP3HZX1xDWvzq6e9G0RE54JpmthcCeHrj+/jk//2MWI7Z78tOKm2mu3N2bK+uIZf
/9d/xcKLuX3DDcCqzJh+9Aqf/Oxj7G4dbYUG0VnDgIPOjNXZ5YafE17fquvEP08oCiZuXylZZhom
Fl7MHfjcbDqD2afTJcta2lvRPdhb9/YbkUok8dnPf4udjcaDn/kXs3h+/+lr78PSVGV4ZOgGQotr
r73uw5JS4tWDF3jy2SNIKQ9+wiFsLIdw72e/xubKxrGs/6g9/fwRsunMae8GEdG5Eg1H8MnPPkZk
e/e0d2VfJ9lWs705G0JL6/jql1/UDLFEjQtvyVgCX3x4r2ku4hAdBruo0JmxNLWIy29eharV/7Fc
OUQo0tnfjUBXG8Kh7cKy2afTuHR1eN9xNBZfzVc0JBNvXHmtcRtqkVLi8b0HiEdiJcu9LT6MTo6j
rbsddqcDUkqkEklsLofw6sGLkrFB5p/NoKO3E1393Yfah0Q0jq3Vzar3LU0tIDjSf6j11nLlrevw
+Ev75pqGiVQ8ifWldWyvle7L4qt5tPd2oPdS36G3I6UVXMV2o1ibXy0Jy/Ssji//5VO8/d27aO9t
vMtKrde0n8OO45JOpvDqwQtce2fyUM8nIrooan0vG1kD0d0olqcXkYon95brBu7/4nO8/2ffhnZC
42k04qTb6uNobxwuJ+58p3bXF0M38fXHX5YsGxgfQtdA7eMbh+v1xgo7y7LpDB598nXFRZ6R62MI
jg7A4/dAURQYuoHYThTzL2axPL249/xMFg9/+xXu/vH7FcewfC/oPGDAQWeGoesILa3XfcKqZ7JY
mVlqeDtCCEzcvoLPivoYGrqOhZfzGJ0cr7mtmcdTJcvaezrQEexqePv1WJ5exMZyqGRZ90APbr1/
B6qmliz3+L3w+L1oD3bik//2cUmZ6vMvn6Czr+tQIczq3ErN+7bWNhGPxBs6eT9IW3d7zT6tl66N
Ynl6EQ9/+1XJ8qkHLxsOOGpt5/IbV7E0vVjSvUdKia9//SXe+5NvweVxNbSd/bZ1HOafz6J3uA+B
zrYT2R4RUTPa73u5F8DojXE8/O1XWJvfawNTiSTmn89i9AyOV3TSbTVw9O2NZtPQ1V977LBqVQq+
Vt++zznP1hZWkUmVdq2+cfcWBsaHSpapmoqWjlbc7HgDbq8brx68KNy3u7mD9YU19AyVViHzvaDz
gF1U6FSVn3gXJ8wHWV9aLxkPo5GT+LaeDnSWVTbMPpmCXjY7St7i1ELFzCnjb1yp+tjXJaXE7JPS
rjAOtxM3f/+NinCjmLfFh6tv3yhZFo/ESipVGtmHxVfzJcvaeztLbq/NNV498zr6RgcwMHGpZFls
N4pENH4k6xeKgoHxIbz1h++WfJYyqQxefvXsSLZx3J58+vDAfrhERFSbqqmYfO82nGWh9uKr+WPr
FnlYp9lWs705PeGyWVdcXjf6xwb3fc7IjfGKz/T6IsdTofOJAQedqpaO1pIpwzaWQ3WPqbFc1ue0
0ZlDxm9dLrmdzWSr9mPVs3pF9Ub3YO+xXSnf2diu6Bs5fnOirtLY4HB/RQiyudr4OBLbZWObeFt8
uFI208xpHOwFhyurNRINjMFSj/beToyUVfKszCw1RX/VaDiCuWczp70bRERNTbNpuHRluGRZMp5s
aMyvk3CabTXbm9OTSqRKbvsD/gMv8imqgs6+0qrjyNbZHluG6LAYcNCpMnSjoqSuuCy0lkQ0jq2i
MRm8LT60dbc3tO2W9taKvqnTj6dg6KXld8vTixWlgOXhyFHaXq+suOgaqG8gU1VTMTo5gZ6hYOHP
YWZ4Ke/60zc6AH9bC7ytvsKyZDyJ7bWt8qceq2rzwmfT1atuXselK8MVA3Stzh78uTwN5bMCvfr6
OeKRo6lqISK6qPxtld1Y0qn6Zlw7KSfdVrO9ORtsjtILXtGdaF0h1tDlYbz5B+8U/lwuC8OIzgsG
HHSqDF1Hb9lV+XquNqyWlVwOTAzBLJu+tR5jNyfKuiOksTy9d8Bg6AamH78qeU7/2GBFI3+UymdN
8be1wOFy1P380clxvPGttwp/qs05v59sJouV2dKDpu5Bqzqmf3SgZPnyTP1dio5CtfdY1Y7+a8zu
dKC7bMCszdVQjUefrstvXisZwMs0TTz9/PhmmCEiugiEUuWK+Bn6Xj2Ntprtzdngb2spuZ2IxjH3
9OBqGl/Aj+6BnsKfww5CT3TWMeCgU6Vndbg8rpLxMOKR+L5To1p9Tve6kggh0DMUrJgDvh4evxeD
ZeM6TD96VRjbY2V2CemiUkAhRM2BSI9K+XR05Q3ZcQstrpX0q23pCMDj9wKo7Aa0Ort8otPFVftc
uLxHO3haXmtHaReknY1wzenYTpPdace1d0rHXtlcCR1q2mUiIrKUz2IGHH6mq+NwGm0125uzoWco
WNEl5fn9J3jwm99V/dwSXTQMOOhU6RnrhLF/tHRwpPKrEsXCZX1OuwZ64HQ7SwYcbcTI5BgUde9X
IZVIYnV2GaZhYvpRafXGpasjJWOGHIfy7jAO98lOr1UcHgFAX1E3Ho/fi9bOQOG2aZpYX1w7kf3K
pjOYeviyZJnL64a3xXss23P7KrvDZFKNHSBur28htLRW15/XuQLWMxSsGMH86RePKz5LRER0MGma
WHxZOninzW479va/EafVVrO9OX0evxfjtysHul+ZWcLHP/0F7v/ic6zOnewFKKKzhNPE0qkyTRNS
SnT2dcFmtxVmKlmeXsTlN69Bs1V+RFfKrhTkSzEPU8EBAE63C8PXxjD9aO/kefrRS0jTLAlSVFXF
8PXRQ22jXoZuFKYozbNV+Rkcl9huFOFQaV/d8itBfSMDJZUUi6/mDxy9+3VIKbGzEcbTzx9VzJgy
emP8UFPg1qPaZy+byQCoDD5qef7lk7of+0f/7k/2nSXnINfeuYGt1Y1C0JdNZ/Dyq+e4cffWoddJ
RHTRmIaJZ18+xu7WTsny4HD/oca0Og6n3VazvTl9o5PjgJR4+fXzivvyF06EEOjq70bvcB+6Bnqg
qoc/xiBqJgw46NSZhgFV09A/NojZp9b0qIZuYGNpvWJ8Dj2TLRlUy+60oyPYVXjOYV26NoL5F7OF
aWIT0QSefPao5DEjk2MlfU+PQ3m4AdSe/lbP6hUzyVRjc9grBlOtZXWudCDN9t4OuMqmFesa6MGT
zx4Wbu9shBHdicJXNKjZYTz59CE0e+lXkqEbiEfiVa9C9I0OoH/8+IIVpcqBwOt8xo6by+vGxJtX
8eyLx4Vli6/m0Tvch/aejlPcMyKisyO0uI7YTuWsWIZuIB6NY21uBalEsuQ+VVUxfGPspHbxQKfZ
VgNsb86K0ZsTaOvpwLMvKgM5wLpAtL64hvXFNThcDozeGMfAxKWSqmWi84gBB506wzChakBwpL8Q
cADA0vRCRcCxvrRe0hVlYHyo8EV9mEFG8+wOO8YmJ/D8/t4V9+IuAzaHHUOXh6s99Ug1UotgZHU8
LTq4qKWlo3K2mGqkaWLxVWlJbnC48nlOtxMdwS5sruwNurk6uwzfG5Xlko2o1jjXMjhxCVffuXFs
1Ru1nPT2GjV4+RJWZpZKfpZPPn2I3//Tb71WdQgR0Xkx9fBFQ48XQuCNb79dESCcltNuq/PY3pwN
ga423P237yO0tI7ZJ9MVlT156WQaT794jIWX87j9zTvHOlg+0WljwEGnLh9M+Nta0NLeWmgsN1c2
kIjGS/q8llcs9F7aC0D017y6PjAxhNmn00gnUxX3jd+cOJHBxaodFBx2bJFGba1tVQyoWmuE7eBw
X8lB09LUPMZuTRx7+a63xYfJ926X9C0+LtUGFK3WbWU/t77xZsl0ffs5iisqiqLg+rs38cnPPi4s
i0dimH0yhbFjnNqYiOg88vg9mPz9NxDobDv4wSfkrLTVbG/ODiFEYWaU2G4UocU1LM8sVa1Uiu1G
ce9nv8a7/+b30dJRORUy0XnAgINOXfEo4APjgyVXA9bmVzByw5q1JBGNY2tts3Bfa2egJIF+3e4D
mk3D+O3LeHzvQclyp9uF/vGh11p3vYSiQLPbCl1lABTGJal8sIDNbqtYrOsGZJWuLgdZKZtGrmug
B3Zn9elpu/q7IYQoVLmkk2lsrW6gs+/wU455/B6oWulXUiqRLBnYM5vJ1h0YvK5q3WKq/bz342nx
nvgsOC0drRi+NlpSDTX18CW6h4JHUppMRHSe2Rx2tPd0oPeSNZjmWSvnP+22uhjbm7PH2+KDt8WH
kRvjiIYjWJpexMLz2ZIu0IZh4P4vP8c3v/edhi/cEDUDfqrp1BUHE92DQTz5/HHhBH3x1TyGr49B
CIHVudLBRQfKQgdDf/0pPIPD/RUBx8D44ImWW7o8LkSLQo34bvUpvxwuB7773/1xxfKvf32/4Snb
MukMVsr69Ea2dvDZz39b8zlCEZDGXjee5eml1zpouvX+HbS0l15N2FrbxOf//EnhdjqZwuLLOQxf
P/6+0JFwpOS2qqo1DyLPmrGbE1idX0EqbvUjl1Li6WcP8c4fvXfKe0ZEdLpuv3+nalCuaio0mwab
w35muyOehba6HNubs8sX8OPqW9cxfHUEDz/5ClurexcJ04kUlqcXMXTl+LtfE520sxVL04VUnCrb
nXYELwULtxPRBMKhbUgpS6ZEU1QF3WUjhhdXghyWUCoPasQJj5reWlYKG94IH6oioxHrC6sV20jG
k9he36r5p/znvTa/gvQRTxPX3tOBzr6ukmVTD1+eyHR0xWW9ANAR7DxzV/Jq0ew2XH9nsmTZ9voW
lqcWazyDiOhicPs98AX8FX/cPg/sTseZDTeAs9lWs705+5weF9741tsVF2nWF1dPaY+IjldzHK3T
hRLMTfuatzK7hPD6VsmUrcHh/ooxMYoHBW1mgbLxJbLpDLZD28e6zaU6ZmM5iJQS6/NH31iO3Szt
y6tn9ZJy2OMQ3thGtKyCoz3YeazbPGpdAz3oLQoLAeDZ/ScwzfPxe0JEdNGc1baa7c3JefnVM3z0
n/+p8OdX/89HdT3PZrehZ7C3ZFm1MTqIzgN2UaEzp72nA06Pq1DuuDK9VDIOAwD01TntaTPqCHZB
UZSSypbZJ9PHNvVaNBzBzka4ZJnH762rW046mUI6uXclaPHVPAYvXzrS/WvtDKBnqBdrRQdks09n
MDhxCS6v+0i3BVgj1L/48mnJMs2mIXipr8Yzzq4rd64jtBQqdN/Sa43nQkREZ9pZb6vZ3pwMm8Ne
MjZbNpNFJpWB3XnwQPjl42287th1RGcVAw46c4QQGBwfwsuvnwOwBkNaX9g7uXX73Ah0t5/W7h07
h8uBgfEhzL+YLSzbWF7H0qsF9I8PHvn2ysc20Wxa3dO8hZbWcf8XnxVuR7Z3sbu1UzGWxusau3m5
JOCQpomphy8x+d7tI92OlBJPPn+M8EZpxczI9bETmUXnqDk9Llx56xqefPrwtHeFiIhew1lvq9ne
nIzWjspZ5FZml3Dp6si+z5NSYmu9dArZ4lkKic4TdlGhM6l3uPbV8oHxS2e6j+xRGL4+Cq1sxo5H
977G/PPZfbvihEPb2F6rPgd6NaZploxtAgDBkf66B1Vt7+mo2M9GBzithy/gR19Z16WlqYWKbiSH
JaVEeGMbX3x4D4sv50ruC3S1ncigpsdlYHwIga6zM8UhERE1plnaarY3x698BkEAeH7/KVZmlvY9
Ppx7NoPdzdIKoFrTCxM1O1Zw0Jnk9nnQ3tuJrdWNivv2Cz/OC5fXjZu//wZ+96+flyx/+vkjLL6a
R9/IADwtXtjsGgzdRCqexMbKekmVQ57T5ay5na2VjYoBO3uGgjUeXUnVVASH+7DwYq6wbGlqAeO3
rxz5zDOjk+MVDfirr5/jzT94p6H1zDx+VRhoS5oSmVQaO5vhkvLdPJfXjdvv3zn04KLF26qH3WHH
+O0rh9pWLUIIXH/3Jn77//7q3IxTQ0TUDBptA0YnJ+B0V7bZzdJWX5T25qje18MQQmDy7m18+vPf
FAaQlaaJB7/5HeaezSA43Advqx+aXYNpmEhE41iZXSqZQQWwZobrHzv6qmCis4ABB51ZA+ODFQFH
Z383XB7XKe3Ryeoe6MHke7fx+N6DkgOFaDiC5/ef1LWOtu523Lh7q+b9yzNLJbcdLkfDV196hoIl
B03ZTBabKyF0lw1m9bo8fi8GJoZKtrW+uIbt9S20NdBlqVoIVE1bTwduf/MOHK8xNWy928rz+L1H
HnAAVgXMyI1xTD96eeTrJiKi6hptA6wpOytPhJuprb4I7c1Rva+H1dLRinc+uIsv/+Uz6Fm9sHx3
awe7Wzt1rWPyvdvHMo4Z0VnALip0ZnX2dUPVSjO4/tGLlTb3jw3inQ/uwuP3NvQ8IQTGb1/G29+9
W/MqQzqVxtr8Ssmy4MgAlAanxW3raoPDVbqN5enjmR5u5MZ4xbS9L796dqRXipxuF27cvYW3//D3
XivcOGtGJ8fY35aIqMk0Y1vN9ub4Bbracfffvt9wNxOHy4E733nnQlRD08XFCg46szSbhv6xAcw/
twbbtNlt6OzrOuW9OnltPR34xp99G6uzy1iZXcbW6kbNE3qP34vuwV4MjA8eeHCxPr9asZ7yKcTq
IRQFwZEBzD6Z2lv34hpS8SScR1xt4/K4cOnKcMk0seHQNjaWQ4fqS6qoCpxuF5xuJ1o7Amjv7UCg
q/3Iu9ecBaqm4fq7k/jio09Pe1eIiKhOzdhWs705Gd4WH+58511sr29hdW4Z6wtrSCdTVR/b0t6K
vpF+BEf6m3LQdKJGiD/+8N+f305yROeQnskiGU8im87AMEwoqgKb3Qan21XXNGFEREREdL5IKZGK
J5FJZZDNZCAUBZpNg9vnga1skFmi84wVHERNRrPb4GNDRUREREQ5Qgi4vG6OrUEXHsfgICIiIiIi
IqKmx4CDiIiIiIiIiJoeAw4iIiIiIiIianoMOIiIiIiIiIio6THgICIiIiIiIqKmx4CDiIiIiIiI
iJoeAw4iIiIiIiIianoMOIiIiIiIiIio6THgICIiIiIiIqKmx4CDiIiIiIiIiJqedto7QEREROff
z74bOu1dICIionOOFRxERERERERE1PQYcBARERERERFR02PAQURERERERERNjwEHERERERERETU9
Lb0ZhQQAKa0l8jR3h4iIiM6j7/wn52nvAhEREZ03Iv+3gACgQVMgrISD4QYRERERERERNQ+R+58A
NEVVAQBSMt0gIiIiIiIiouYihFXKoQnF+ocovrc86xAgIiIiIiIiIjod++YU+YBDVXLjb4iDn0NE
REREREREdAr2zzgENAjrH4VlTDiIiIiIiIiI6Iw5KK/QhBD7PoCIiIiIiIiI6NQdkFdoKA84iIiI
iIiIiIiaTC7gOHgGFcHSDiIiIiIiIiI6YbKOzAIQ0ER+zlgiIiIiIiIiojOm3oILrf5sgyEIERER
EREREZ20eio4AI3BBRERERERERGdXUdYwcEIhIiIiIiIiIhOSz01HBrDCyIiIiIiIiI6y+rJLg7u
osIEhIiIiIiIiIhO2wFlHA0MMkpEREREREREdEoOyC+Uk9kLIiIiIiIiIqLjw4CDiIiIiIiIiJoe
Aw4iIiIiIiIianoMOIiIiIiIiIio6THgICIiIiIiIqKmx4CDiIiIiIiIiJoeAw4iIiIiIiIianoM
OIiIiIiIiIio6THgICIiIiIiIqKmx4CDiIiIiIiIiJoeAw4iIiIiIiIianoMOIiIiIiIiIio6THg
ICIiIiIiIqKmx4CDiIiIiIiIiJoeAw4iIiIiIiIianoMOIiIiIiIiIio6THgICIiIiIiIqKmx4CD
iIiIiIiIiJoeAw4iIiIiIiIianoMOIiIiIiIiIio6THgICIiIiIiIqKmx4CDiIiIiIiIiJoeAw4i
IiIiIiIianoMOIiIiIiIiIio6THgICIiIiIiIqKmx4CDiIiIiIiIiJoeAw4iIiIiIiIianoMOIiI
iIiIiIio6THgICIiIiIiIqKmx4CDiIiIiIiIiJoeAw4iIiIiIiIianoMOIiIiIiIiIio6THgICIi
IiIiIqKmx4CDiIiIiIiIiJoeAw4iIiIiIiIianoMOIiIiIiIiIio6THgICIiIiIiIqKmx4CDiIiI
iIiIiJoeAw4iIiIiIiIianoMOIiIiIiIiIio6THgICIiIiIiIqKmx4CDiIiIiIiIiJqedto7cKrk
ae8AERFdKOK0d+ACY5tPREQniW3+qbhYAYcs/QePdYiI6KQIYJ+GR/BA6DjIwv9Q+i8iIqLjJfZr
84v+oqN1cQKO3EFO2bFO+Q0iIqJjYbU2NY5mhCw6EOKBz5HIt/ts84mI6BTImg25tK5rFLf7bPOP
zMUIOMrDjfzRjgRM0zy13SIiogtEAEohvCgLMSQgxd4NIVB0Ls4Dn4aVhBvS+s/M/c2Qg4iIjlOh
2RYQ+Qa8ysiXhQCk/CIH2/zXcjECDqAk3JAyd5BjmJAGAw4iIjoZBmAduIjcQU/+IEYRUIQAFGtB
8VUfIWSuEeNBT/1Kww1TNyANWbhNRER0nPLNtvXXXvsOISCU3N/VLnIUwg62+Yd1QQIOWRFumLoJ
qRv42Z/+9WnvHBERXQBJPY3tdBThTBTb6Si2E7vYTkexEt/C/c0XyMCAyIUcihBWlYfYCzsYdNRJ
lv7bzF3M+L/e+V8ghIAiszAUFYqUUISAAQFABWAUfq6KFFClhK5Y91qrzEDACQEJKRSYUgIwAWgQ
kMiX3ai5g1RTCCimAQUChhC5Cy3SOngVKlQpYAoTgAIJE1ICiqICABxSRRo6rGoeASlNCCEghAJI
FTI3oIuEaeVlyN8WRQfUEntXDxXrs5X/mYjc/aYJqUgI2Kw7cp8xRVEA03p11soM6+diHZVDSnMv
pIOZ25oJBUrup6XAhGl9ZnPbt7ZtPV5AhRQmIM3c/WruQL/oopNQco/Pvc7iM4Hcq86/7r2zBOQe
JyGlgBC591UCimIrrdrN/z4JCcj8flvbgsz/vHJbkCak1AHYoBsZmKaEbhjIZLNIpHREdiP4+uEv
Edp9io/vf4FkXECTCoSQkIoOVfVAcypoc/vR6nXgzttdePgkjng8izTScEiBeNJAVipocXtgs2mw
C0AoCtKmhAMmYqkMQpEN2D0qIjsJ2IXARHcH/re/+Ct4fEOF91iIKl8OMn/pWBbVxIuy5aZ1jFzG
+swpEIr1s5Pm3s+lGuvzmluPMJE7c4P1GTBLByWQ1uepeJ+llEXryH22JABhwASwtbWGZwv/glh0
ERkjCUUCGSSgSRsy0CBMFbpQ4DTtkEKBW/Wgp3UYw5fuwOH2wW63QQgVirAVfV4al39efn/z/y5f
Z/61lD9OUayfvWmaFftQ/D6U/2wa2b/ibZff18i69t+QWfQ5qq349TfG+p1UhIA0zdx3X/HdYu93
ueh28WiL+41/lf82qbXPxcrf5/y/i19W8XYNKaGbBlKGjlgmgUg2icXYBv7z9C+xkY5AUQSkoljP
z4cduQZHCsGg4zVckICjSKFMVVp/ExERnQCX5kCf5kCfp6PiPlOa+GLjBT5ff4YvQy+wmd6FUBUr
7FCU6kHHIQ/ML4LCQaYEYEpIE1ClAZkLGxQpIaBAl2YuCDAgBGCa1gmdkCYMAQipQBESEgZMYYcC
BdZaJBShQEoVCkxAGjBzJ5imNAAokNKq2FFyjxdShQnrhM+UJqw9UABhwjQNCKHmIwoYMCCEFXxY
J4UqkL9fSAgpAGFCwISEdZKY/4TI3Mk9hJJ7bVZfbyklhDRzB81KLiuzwgihmDBNE7ncwjopEtYJ
sMi9iuITUysXUHIhR37LInewb53sWB/PohPYfJiQ6yRkVTCpZe9acUADSKGjqGNX4cSsOKxBxbJ8
OCFzgRIgFAHT1AtbUhQt/5MqVPoIoUJKA4rQqnRjUqyfvzRykZGEIqzPiqaoEIoKKQwAJmxpa7Np
aQIw4IEDhpoCND8ADW6XB0KqQFZCzQKaqsEwJJJmBja7Bl1I2IQKoWYhTAmHoiCSjCCm63C1qNjY
jiNhpBBwqEiLLLLCKHwKasqfhFo/VFStlcf+J/vSrHxOtRPz/Mm79W/rvTioW1hpqJFblvusW58u
gZShY275AeYWfgFDi8KEAVPqyOgKbKrT+i2TJqCokFKFKpxwqBLdnnYMsMNe/AAAIABJREFUDN6A
0+uF3WaDothQeZZ8sIr9qxEQ5IMLoLFu8OXhR3Ewkb+v2j7UCkeqBRuNKP5dK39/Sn8P1ZKT7+Lt
lwc95cpDn+qfP2EFohLW71k+EBKwzuWEuRdyAIW/8zelLHyzVG4fKHw2RZVH1BPIFN6bXNhsIv8d
LKHCar/tih0tNhf6hcC1wAD+zcBtRLIpfLUxjf8y+xtMR9ehqAJSCAhFsb5ucjvIoONwzn/AUQj1
9qo48uGG5PgbRER0BihCwbtdV/Fu11UAwPOdBfxq+Wv81/lPYKqyetBRdkJIRQq9UYqOchUFQgKa
lJCKAUCDiiwEVBj5sENKKFLCUESuBsGEIVVIoUGYsE72BaDkLkqbAPYGiturLFCgwFSs7Royd4om
JFSYMHPBg4SAkIAhBYTQIHJVJFIChshHABKwDpMLV7SFEJDCzB2Qq7njfAlFUXOBiAZFkdbFc6FA
y1VUGMKqPMl/XPKVJhK5sAMmhFCgQLUCGQGYuXBDKVxaNHNVI4b1GFjVJHsnCQBgwBQCQmq5ExEj
97z8lpXCY/On5aJwspK7iimLQxLr0UKouWINFRIGBPYCIwHFCh5E/jAvXymg5NalAbACDutKsFE4
5d47mTRyHxXrRMs6Oc2fdMm9w0jFeuOltCqtFABO1Q5VAjZFA4Qd0iYhshkoikBKTcElbdB0gayS
hUMFEiILu8OBzXgULk1DVijos/uRlArMjALTSMFwe2AzTYRTYZgZCYk04mYCqWgcAlkYhh0ymYUd
Si5ssj4zUuYrcozSaglhFkK0yryh7EukqLKicDJZfHfFibOZCyTUkvuLT8wtaskJcP49rnriXril
wwQwNfNLzG78ClIYSKdVaIYKGIDNNOFUXEgYWdgUG6RpgyY02NQs2l29GLp0Fy5fAHabC6qqQkCr
+nrK96FWmLBfqGCFG7mgJXe7uEKj+Ln58KM8OMjflw9KyvepntCgllon7NUqOopv5/floG0XP7c4
6KlVQVL5+dhfyftUWKXIBXia9V2Tq/rK/z7sfZ9Y0bEoXWHhS0bCtH6P9tlu8f7vyZ9LqtYu5T67
hd4mACSM3OPyga6AT3Phm71X8e3uq0iaOu6FXuBvHv4XCNXMhRxFQQdy7X4+6ODFjQOd/4Ajr+RA
B9aHmhUcRER0Bl1pHcSV1kH86aX38H9P/QIfLf/OCjpUYXUTEHsnzdbVq9Pe4zNK5k94JXRplTmr
UGBKwEQGQqgQ0jpVtgEwFA0mrG4sSu7KmSkFFKlAkQbyB9NSCAiY0GSuxkLZewNUqFZAYeaqHBSl
KDDIlY2budBA5CtyVEDqVlcUCEhFzVVcqLmYI4t8/bIsHJRb3VvyVQqm1LEXQuT+KUxkpZoLDwAh
hRUGCAOGmT8JMKFIYZ0UC6MQklilDTokdGu/oUGRVkBi5LqqmAK5/i7Wvpi5MEWRCqQw9w74RdFJ
QdGFVimsknMpJRSouZAhH+zkr0AruZMEq5pD5qIdkauMKVSoFAVM1naKfymM4o9Eyfn93lX2vaUm
Si8KF1NkrvtR4aTVQNbQods1GFkTqmJANSSSNgUO04DIaMh4NAg9BukSMJQ09GQL9P+fvTcPtuW6
zvt+a+/uPsOd3oD38B5mgCA4QCQhcNJIzbISl+SUZMuupJRUnKHKiUtOYpUqg6tUKUkup2RXYou2
ZSfWYEWWTEuypJJESwwHSyQlUVREkRQJgiQIAgRBgG++wxm69175Y+3d3efccx9AlV0V4vUCzrvn
9Olh9+7dffb61re+FY+Ybu9SNxGhBq2ZSMFSGpZuxo3FkioKTeNZLPdx1Ny4fo1iCVECFZ6tYkTp
tkAa+lN6pSYDPyu3Q8x9tJaq065grCFJUXFVt9FhPu6QusQmiseOeZL1HeD+PrvjCRqF4ITHP/s+
nrr0PqRZUEdAPUs7UaYxMp8fUZcjCioKqfCM2C23uPO+NzDZO0dVjnBS0GeurJ/DOkti3QHf5JD3
19vkAK87+puOvYmd8WKBi5PAjJPAmpPWv9l+vtS0kpNAiw403Awo/dlNyClmRhRbDV7bsTLLI7uA
6VpKj7ehpd0L0mOgtChol2K4zvTQ9jnTZx9lANqeTRKSByqWLhd7NLXgDBj9pgsP8/W3v5rfePqP
+D8fezviFfECkoAOsQ209+/wu3+y3ToAR88ydejfWf7ZYIMNNthgg/17sDu3buO/f9338ufv+xre
9sl38XvPf4zoFedt0tNFdYbJzsmWo+8KKTVEMqNCs7MnRBVUstPsMFc7a1M0xKQbIQqStrFJvEvk
jYDL+xfw4oii7TWy45Z2mVxIrAxLcxEcznWTZcMwstOY2RxG1bZ95VQQl1gWeTrt23O2CbpN4lFF
1JhAUWP67Fo2SewPH40pLSdzUpJWgDYgHkmTd6EPrkn7aif2mrfNqTRmOVslZHaEKq5lkfQi3S6d
lSbqt9JeK4TE3gCiS0BRapVk+o6ndSVaB+hmTpVrGSDSgh7pvBKQaGfWOeAWqXXGhmkWzPwR+wGa
GNAmUiMwAmqFsuBsVVKWwrVLM3TZwLIi1Ps0TmGyhYYlroyEMGKsS8RPWcQ588URC22YLU3nRF1B
M3K85uX3QFHamOyBbF3baa+iLYr9oHUC1hIw0TqmeXO7Xzals2xOJ8hAXrc8sxf6jvsmFoS2Wiy9
Y9CgCM88/1Geev79LHSG4GhQVCMuTggSCc6j4ikoiaGgKODUyHP/fW9md+92yrLAO2/3S+qKkxkm
fWaFWwmUr6/bZ2Cs9slxJkSrn9MbO6brcrwdIhlUyvvrhCiP93kakTcBRtb7v88o2QTmrLd9E1By
kv7Iza79zXyuk0C0TcwP269rz7sPali35fEajTeW2B4qidWGAQR6DKzIejF5nd45xe5aHG93bmMH
sPbXst8LQcW1x7CxaM9nUTXGm0AJfNe9b+Lb7n6UX/z07/C2J34X8WrpK61WxxDceDH24mDWl6Jl
Fsdggw022GCD/f/cHtq7i7/1hv+UH33zf8n5cs+EM2MkJxhrpioMdqJpq5ppzAMXzZu1ZIsIEvBq
IIVTxUfaSbBTk8/0GlLkvsTo9olLoEkrwynROaIGVC0NIipIlMQoEJpgdGq7fBGhQWhMAyNRL8y3
rMmCl1kDQ3HtMaM6okZ8drzFwI9E8DEwxOUoomZfKP+TwBo7T0nRSlGPozSnIK/XgiX5k8eYFNYH
AJa/Y0BGJAkBOkulQYxrYdvGNP1ac7JaeCNHY5NzFU2vJK9nr85JbEObKfKaxVrzFReXjr3mIK47
lJZa0XPwxaXl9koFDxAnSQjWgBSXGDELF2hUCM0CV0ZjvQRHUxdoCPggIHPEKdPTIxoiW9tTdqaR
rcKz7RxTp4y0xDeO+WJGoMDXgfn8OiWR2cERPlg/7xTwwF7Fm1//NUgxTeNxlRXQ1yTpbD0iv+qk
v1g7ia6vao5tfq2bOcx2DlGb9pVBh86htfF64/DzfOrJdxOW16FWJIzRRYVrSnz0FI1wFD3R7eDc
mIn3nB5V3HXhNeydPs94PMH7ElnRetlsK2wMp7TecO+7dWe///44A2V1PQNstOsDjMVyPN0lOdpt
P4TjfZnvN6F3X9z8lc051x5XRNrP6/ZC7I31fb9Qmsv6ti8myHwSYGNpbz0AiN4zA/sOLIHPtIxo
sYvuG792DsevrT2bVs/n+FiQDt9tz1noL1TnUUkqHa4TNCaqjX8NBI1EsafkyHm+76Fv5Ge+6W9y
R3XaCmOE2KXm6GqVsMGO260LcAw22GCDDTbYl5k9cvZB/t7X/je8bu9+tI7EkEGONOHRYcJzkhUI
4gsUR4ED74hOkosuqApRxLQ1pKARwfJMTEQUtaomoKgsMOFREwn1ongKRLMWhJjmBYKXxFfQBtEG
5y1q53HpNUKkSJ51z/mRAo2gBLxGXBRyLrdqljoVgjhEgyEpGVEh0SRi6EXV+6+kxaGRRjRFGC3K
qTQEolWJUWfsEvEpApk0FNTOKaemaPS2bgYD1OHU+CU59zwDM2gWHe1HdpPop2SJvqSHIq5zMqKk
l6erapLaopbOYOdeE2NoX6qBGBtUlZhSk6PGtLxO4qORGJvOOU/daNtEY/doTA6JJLQD8IK4kiIK
TmpmswXVQnDiqZyjEIgNSAxslVNGfo+pFNSzhnrpub5sOHBLDmLNODg0zJmFBtGAb2qOltdYLI+o
QyTOI6VzlBF2yzHf+qY3c+au15CZJ7DZKV0V+OxHnCHrFKSL32MQ6bH1V4EMPfb+xWs/SA9oS/dT
3lYCiqVJzecHfPgT7+BgeZm52jhHhbIYU/gSioB4GJdTymJMRcFuOeKO849w7uLDjCd7eDdeAa9u
1s4VQKBlIq22f53Rsam/T9Rq6LGIuu1WwacNrWqfJysAirr2Mm5KkVlftgnsWGdvnAgm9Cyn3GwG
CmUFOOmDJ+vr3ewYfaDgxDHVamrk8W0gsKRXm2bS26fke1awPDOnrX6QASOpb6U3pjcfPd3/x8dL
/xploMNGuAUknCpRc1WovBvBi2sT8TzgFQiRs8WYf/R1f41vvvBatA4GdOR9p9/8Ibix2QaAY7DB
BhtssMG+jOz0aIcf/ar/iu+4841oY5MeY772ojqDHTMRbyVRJWsFlCYkKo4onugcKiY4GpLznoU8
DfRwNJREKhwj2ycpt1vNwXdJxNMn0UtjFhiE4hOLwmFClzbJjm31DZGQIseQKdjiwEmViCdWglba
7xu8dukfubpOK9AoEKOlpLQpJUTQOncIznm874Tv2j+iicmQHb0UIaVBJEtK5kl8XjdHnrPjIUQ6
3QNLuUnRyxh6yyVFtxvrT0m6BZKlWJMz02NppE5ql3XtLYERImXLtIDOsbR2JcG/XvRbUxUd2jOw
1pNeXUoQFj1O4FUtgYWrUY00y5IrlxYsfUMMBeKVZlxblZTSsYgWNy5Kx+7OKZZas+U9xRK2y4KF
LvF+Cr7AlyMIytUbR9QKR/M5GgM0jsp7vvqhO3jVo2+hmJy1aj43Hfc3vy/sjI2V0wdK+kPi372t
7Tizg9T6fhGXfOLzv8eV2WeQAL4pkXpCUIeLNt5LPAWeqAa+bZWBCxce4swdDzEab5mgqHherCYI
9NgWGYxb+W4VHLqZjsQmAMg+rIIQqmENTNpkjr7j3AECx4U/Dah9cSyKrg2bvz/puwz69b/vs3by
93n5C4Fhx48RT8B6dA2syzvIoM/qsjSYOsAEbR8XqyyMDFJgz5yb3EySNItyG3PineENtm3HCsvn
lxqRlrskGK5i+huS2DPO9dL7EgBiz3zlv/uK7+K/ffV3ok1DbAzMboHmfOoDyLFit6QGx2CDDTbY
YIN9udtff+13c3HrLP/sE28HFOeTPoMmZ/ZLpJ2/1C2m1I/+TFi0aHU3cu67V0WdTwwCiKqJOhwp
okNliSaGhiTdAcQniUVap9yrEsUZ06DnPBMjQbUVGTUmQgYtHLQVQHwSBbXqF7F1zCUxK5SYQA8V
QXGWlpJcdCGyXMyYjgtUc4STBKjkiTcdOEZNFwnV9kyiKBI16XI4S82QvtOYNEDEWdqUk54jl8AB
uvn3EpgvPDuVYPk0wc5TKjt3euVFVe37zKbpi0Rql3agrY5ETukhgTMOXDQAKgMd+G5fOY89gTS5
jS1IRI7q9iPxtpkj4qOjaiKlFDhtkHqO04oqREIQXCmm81I4XBOJskDDKa5enbM4OmS2qMEnFgwO
QoA4I0hgf1ETlw3VuObKfIEbl9As2akmvPnRN3HbuZdTuLKl2rdt7dkLLV+5hq3YrbQR8JVI+Ypz
zbFlmeavbUqRb534dNR2X72WpC61Tm1i4NPPPM1Tn/s9ZvXjSCwIGqCJeK/EUKIULMMCJyVOJlQU
TJdH3HHHK7n99tcwHe9RFEUC1F74GXgzTYnVPtzAjjmhT/rfnaSPkdkQN2vX+nYvNpXoOJNgM2CR
27euJ7JpnZudy6bP+fz62/QZIzdnZ2xansflcR2XjgEErccvGBDQLl87rzzEUVo8K93qGvv3/Hp7
7fnWHeokYEES/mDpeKY7HdPvs0v70MRGS81Nh7TUNyGXdxbgz935Ol6+e4Ef+IOfpNGAKwx4t0ex
9LtnMAaAY7DBBhtssMG+bO17XvYN3LF9Gz/8wZ8FcoWVXIJ0ADlWrUFVWuE5pwuQCqchxeSWuOz0
xoKsF+HwRCVxMswZt+UGKkQNOGkSNTpNmInELApHrvdhNGRNzAnVXMbTQAVjYXgcmsCKiJOA4gnp
iA6HahYoBavykiGbVC0gzdRVhMl4BCn9xZGqnmhhrckCqOrBKSJJUBVsmUR8jngKIL49tjU2ptm1
raC4NCGHrmqJtNF5EU/Qhs9fvcb73v0vubB7igfueZh7X/7qXj9Y21SWqQ3mAAhj2sog7ZBOugRK
cmST47FOwY+m26HUBiKlVIzWuZQUfW1ZO13ZXHN4ssPVVaKJCmjEi+C8o07pLteammJcUDdzK/ob
YeEbthtFRlNGhSDFIeNqwujUlGv7RxR+ymFds2gcxJpKlMPZnP3ljOWyZrY8IjQRCQ3bUvKKe85x
z8u/Dj8+jfqyTQHoi0e2PRQzCyX3yWrpUcksGHLAW9t+3OQprWpkpNK/bUnfzPrI++sJh0oepGls
pvsoj7cG5er+Dd7/od/l0hO/z6m7IBSmfVPEgPcFNVYG1KlnHCNSeJwKo1hz/sxtnLvrEaZbuxRF
uQL0ZQe1fw7rjvFJjIKTAKL83TqYsdIPJ1jeZhO4scIo6GNqmvebgb4T974REDGwwVK7+kDD+nms
n9t6v2wqXbtJa2V9vU2skherw7G64cnXrRu3kEHX9D/tWEifNaZKWNKNQZGsBSRrQz/dFYnd4TQS
naTfh+OVinonicSkRxQkAa2JD6ctroyB1p5M6lPaN7R1YtXSCF+2czs/900/wN94/z/lC/V1XOEM
D08gR/uwHn72hxSVwQYbbLDBBvtytq++/WH+i1f+B2hI6SoWfM9+5WDJhALSSyiTpkQuxQpeU7Qd
h9DgxBERgphqvyMawUI8UarEhGhwogmUEAMtNDE7VEwoVJOzQDRdiKQfoTTJOc9RzkT7jt6YEDhj
jkhKp3CdRoJradVp0i2llcFMx9GkG6KuSvsXgpoOSBL2IGWXJFAiU87XqlmIJIDEyrM6l6PiQisw
ije2hGYGQGaBdFVGsvNQNzC/PqOeLXjusx/mA+/5RZ584lNotBK12d0QTWAJqxHk41oiGagwodC+
k2kOf3K2JGF9LYW8HwHO4IhHknCqa/sgt8hYJasOlafRhiWRZdMQJBCco3S23+ANWBEEFytioRRV
pMbhx6dYsoPzBSE6qBucW1BUUCciR3EY2BqPYB4pBUY4tICvf+Ob2D5zN84VvXaycu6dk6sJiOpS
cE7WjkhjQU5yoGMCgZKIo676UX3KP4ld0zqMiUFj94G2e1uiPHtwnXf+4e/xUz/7D/nwe3+FYveI
hcPSUXTBxFdAgWiB1yoxKcYEHTPCc25yhvP3fgNb23tU1QiXKqZkkGNdf2Jd2PMknYr1dTaBIv10
jZNs0/FW+z4xt9rvMji0bsdBghd6n/eZAYf+uZ7UD/1z2wSY9dNTTmJ0vJh1XgjcWN/+ppocJ5nk
51RicCUMRHwCDuhda01Cyjc7hjOdJvsvp9z1DofpbKRdgxe8qv12xO7ZbazBJEotVra8aR/IMf3u
kDl7qDjEe5xzbBUVP/SG/5jYNOn3flWTo/vxv7VtYHAMNthggw022Je5fc/LvoFnDy/z9mf+EG3z
eoeITt+idnnNikM0ghQEBx4FqgQMWEpKgZWEjQKiwdx1tZQN1QW5MoOiRPGIKEQT1Ysa0HZynaN8
ERXFE2nadBKXoneakxSIHqAwxoGasKdQg1ox1UiKNEoggwxRjZHR5pJbyJFIsOChFIgUBsJIQNqo
foIhXJGc/4rWKVYSiJOiyuoRQsfUIHVOnuQLWDQygyA9p0uCRU0VSnFI3OOgOWB+cIm3/+uf4DWP
/od8zVu+haLUBNgYo8Pm61ZCN/YdJfUpahlQ9b1od798ZM6JTyBSOo9+9Lgr1emsqkwHy5jIK5hT
D6DR2Bup71QFpETiAm2WOJbsNUsu1TUuwALTifC1MvcLyuWE3e1T7B9GjvZvcH25INZLtsZjdqqS
eV2yWEb2byw4mB8yi4eUs4hbgh85ltJw59aEVzz4BspyTOFNnBBOZhhYmkivakM7NvKFSd+tMCzc
MWc+9207tnrH2BxFFyDYPZGW5aQfYwHBXAO/+f7384e//6tcvfYUYy24/8IOO3ugYUlwBRoa9kON
k0kSnA2EKNSVYwzslXDu3texs3uKqpyQtQ9yasrN2BSr46B732fDbHLKV1gbrkUJe6+1/mg7XdP1
CKxXddGclpZLG28Cn0hMJE2llxOgZ/vbBFTksqTtUTb2w6bzzMv7aSab0lTW2S4vpPfxpZoBow2t
uypdpam0YPUY+conwILEp5O1ijgGT7gWGLBtNxw/byNdwED66Xn5eZvWjW0r8r+C+I5DpSKJcZcZ
OnbUImUmBkmpJqgJjaZGhQRYm0STcNfkNH/rkb/Mj3zoX3XPt0z2SOPkVv/RHxgcgw022GCDDfYS
sL/+2u/mkdMPoE1XQraN6AzWTuJdAhWi90SnIE2aFJqOQxTFJ1oyLloFEwUkoOLxCt7kIumcGhBR
oksMDpFUYUVapX6LeFsUrhBvjAsAOhChndNKg6WrJIlNsZSRSA0IUZoEh9i2VrrWsR7lzAKdkZom
1mnO7+0V8/q0TJAYQxo7Ka0meqsaogJ5+z5wkagR4tJfsZ6zKi9ddrpGDxjDZDIqufOuV7PQkjAZ
I1vw1OO/wTt+8We4cu0AxCrdWIncLFYYWLVUSUazxoNFPrM43yq93wCM1plvl2VGjDmCHRuiv44a
4UUxbRFHm9evKC5amd1ZvWShDldUzGaRYs9RhoZJdNQegodtddTVksO4BBEm3rO9e4oj8exrwdVG
WTTXGUXH8qBhVHouh5qjUeAo1kzx3H37ebYu3IsvRnhXsj6NP9mhlx7Dpc/QyXovkMGNfO6bUjX6
zvBJqQ020JuOCaK5qoWxPxS4PL/OP/75/53fePtPcPmLTxJmDVujJfe/agxasUjOX1VMUJkQ0lCI
eByRMoyYuoZz51/N9tkHGI23cb5IoKF/Uc70ZsYLJy7rL2/3rwZUtuK5ZKFdpT8mNx03W5uWQrG2
br4e3bjs33+rQEbf3IZlfzbbxPjY1C8njZcvxW6mE9MyuFit0nLcGpCw0msGgq6l2+T/RHMBoXTQ
DIiuwQMv4ifUnjIJOMm/CWRwIwHZGdTWfDihQGhQorMDe02yPNrrfwWJBrU26XhfffvL+d77v7ZX
Mj41Iv/u/xkApZeSDQDHYIMNNthgg71E7Ae+8q9wvtozkKNPW73FJzuQ3AUpEYLpcESryFBEMVqx
Zj6DT9Rg04SIeKJPNOFeeVazLCuqhCiUWqXUlwKJAReTjgWZRaMEJIEMNpl2yEoAXdqyqoFATaCx
0oJaoq7E9pKYCnTRaosQW6nW3EbTnADBdAlsipyqtvSi+m0aveTqALnHpGW9RNdzDCCBAxkM6AEO
WPnWNu2Gxly9GFGNVCPPuTNnOLN1N0EKZmXBbNfzxOf+mH/5Uz/G//OO3+C55y8jahVYVFPKDT2n
J1e0yG1oOeG5LdpztoO1yQm4VYfRGCdNYqqsOZPpnXPOwKho18kAFFNJadMU6hoNjuBKKz3sK+oS
Dn2DV8WrMHNLtn3ALRTvPC6WhHrJtgZOF2NkNkcCXK33KYuGUAeKeaBolEoUVwl33nmRcXE6nVuf
uZJYQpo1RlLfaJ+Cn0GezqNbcSolPStSqda+c74pTUA1O/P9vs+MjSyYm4A5tQHeROWpLz7Hz//i
T/OZT36AkdSMS8fp0yWveM15lmFCVGUcx4xCgUTw6hAmOCqK6HDliLF3XDxzP6cvvIqt8ZiirZay
Wq6zb8dBj55gbc+R5ybb91Ol8jpRIzHqSiWR42kr/fukE2K1Y9J+t3ZEOsCkv6y/r9i2ubN8L66m
k/QrnKyntPSXn/R5Pd1kXXNkUxrPSXazbY+tu8Iogu4+7VLWcgqOS+NAe4CCMS7yPZBHSE5RsVTC
VOCqq7DSBz1aLsZqLx8/R01JXFluOv8VVOyb1XQdl76zYuGIM3HRtFuX+8SZbpM4h5dcetv29X0P
fiNvPP2glY/N1zVjb+0/t6YNAMdggw022GCDvUTs9GiH73/tX0xRnbXZzS082QHShBfAW2aISxHl
xLboHDZNcTiDI0gU4IgzJ99pO9P1zqXyfgYpRBqcKo5AkUANFZdYHJLhBDJjA/UdPZ3seNgEtg0n
tpFcxWnAaQpnt9UqMp8gt349EmrCpEjKMcfERkNKyVBJqTttyVux9B2NiMuAjmKVW32KWheJVdIX
5rOKKP0SrNmptvQeRUSpXMXuzjbnLj7ExJ9lQsWyGXF5UfPxJz/Bv33nz/OuX/6nHM0PmNfGBBDW
osKanOekvWHgTnvGkK5G7mPUoyGVU2ZddBIykNJnMeToq12t2F4fxaNRCaoEcTQCi7omNJGtrYo4
b5gfRsZjj9cG5wV1jpH3+BLG5Yjt3QlnTlfcceYUD9x9O3XdEOY3eP7KPvW8wVVCnDUUsaSuIYrg
ibz8nnuRapTYP9nJM1ArhXm7vgda5KxNG1l11dr1NH/WdL2ye5DSHPJ1ba1FxOgYG32WTXJICS3r
IBB48rmn+IVf+0me+PQf4d2IM6dOcfvOHnec2WYyGhFqq/jTuIC6yBKo/JhRM6LQEqKDGLnt1Clu
u/gIk8kZCj9CpFhxhNcd5r6eRHYynXMrOhSrmiysrLtJVLN1+HP5iqxfIqH9u8kJzsygPjj0wsBA
x8rogIZ0t7cMpq7frQ/W7pm1flg/3kmgwyZdkvW//X3djP2y3o7rpGvaAAAgAElEQVSbszHydv7E
tiFWOakT2N38akHgFgh1vY/egM8MgEp/HDmyhlAfOFNAXKpK1Y4RkKT4rJpT2E6KLSQoRKOlTqbn
fk6lUSFpcNj+7OqnZ514RApwHnHCDzzyPRbQSL/5bdrNLY5wDADHYIMNNthgg72E7JHbHuRrbn8Y
MsgxpKoANikOkqqbKKnMaEF0PhXwyDT+iJMG35/sahLtzJE3jabqoELEk1MqFhJZOgCPSoGqlfwr
FHzMYEhBJKBSg9S9EK5DyWKMyUHXji9ikIu1uUgpMqKFRVtTmVRNZQghIDSgPXFJ7UEf2ipNJGe2
wbnS6Pcto0ETA6BOAIXH8tk1OXHJdbDObNdBR3ROhTl/uUIJEvAlTLYLTp/Z4dSp+5ktt1jMS4pq
xP7iiC/uX+ZDj32U/+1H/lf+yT/+Rzx/6QZRhX4EOYc5JQEsGi2S3oEX2gFHAkidHL7kJK5pE0Rt
0vemG5Ej2ChJLDbT3CONGiNF1KrxeALL+oAYF4yqbcqiYHZ0iEZotCRGpSwCJIr57CAwP1pQlGNe
f/8FvuOr3sJi/kUuz5bUB9eZTBuOjg6ZhZraLagqpRDHZFRx190PUriKlcouGlsnqvN7+w5jdvSy
890v27rmGEtc3UZC29e01z106yZnvnOU7Vp30WolaqCJkcefeYJff8dPcXD1cUaTgvPnzrBb7bG7
t8u9D5xCqhI3WVB6U6ApXIHIhCgRKhvLUQPnptvcdfsb2du7QFWNEFeuROk3Oct9kU3nMjNIyQLA
7UjIaUkrkfb+SOnATXEZ0OgBo72o/wuR5vpsjq607mZH30CMuNKum4ludmk0x0GEddDmJADjREZF
T4NifZ0+6+OkdnXnpMfasmmdzIjpwDhFM0smdoDU+iHXwbveN/TBOiWk38jMrNH2Psr31jqDxbZL
VZXaB6yAKwz4kL6wK72f3pYXZuySxJCT/Cwlg8apTxJg0fJBYtNhFykNdcuX/OcPfSvaRIir4Mat
/LM/AByDDTbYYIMN9hKz7335N3csjuNM6VvSRCNeA0RL0wjZcdOA5b9XiKuwkqQFoTeBdc6qlHhN
0pfOGAsOE/cksSAKFC+1iXtqIEpENQmESolG1zor0E91ASQSZUHUgBASiySnrwRUFmjaZ0BQalQX
ppGBINEqEQqkCH/Vo9VrEtFMnARNVV1sJo2065IcAosZWhlQ0wqxyX0uv4ntRzoHpY0qt4yQPPlP
JRCdw0uJc8qoHHFqa4s7ztyPb7ZZHNaoBPa2K6Qc8fTRZZ565jHe//5f50f/9g/ws7/6K9xo1Ngw
mEPYBykMOFp32Ltcd7RMjkoSZGydHk1uRUr96Tm8bYpLZoKIIA4K55Lgpem2LJxjHkwKdrssOQoL
JkXBWByjcUMTI6oFe1PP9lgt7SguGbs5L3/dt/Op5R18/oowP7hKNZ6hy0icY2wd6arkoCVbe+cQ
B1FrNt3Y0kanpR/MT9elv/7NSo2+GFt/kOSD9TUobLkSePK5J/mdd/8SaMPpcxfZ3TvN3vZ5Tm2P
uXh3oCkDSqTUyKwp0Og4mMEcJaoglCxo2K6UO+74Sk6fuZuqHBso17JRVh1vAyv7FUo8q27POtNJ
Ni5v19ac3mXViFaZGMcdddZBuWPHWe2vLkXlZN2OLrVhvW0dwNTfRmSV1bLOWMnH68R2u/1t+tyd
82agZFO1luPnvNru433UPT82n+OqGbCZWW/H1z8OUvXSfnq3SQZkja1h4ANCAnVvzrJRzfw8A5Xa
9Vrdn5QeJsfHguk+9QEXMXYGiZnlPD6nX5mCeGptJ+b8nfe9GWJOK8rHzqd5a/7o3+JVVE6mRA02
2GCDDTbYl6s9tHcX33bH63nnc3+Muuwk3+Lq6oltYXPCiFU/sQli1AXEwqpSiJXpE0CilQV0qYpJ
lAJJInZRuwiZUGFVI0CiR0WJ0lgljqQhIZkloBXSmzgnbjNGRU7VWPApWmz55DZ5zmkJYCVVC1Ym
1GKNaXeZnHKb/Jf0qzM4p6gUiRqdTyImynZy8hNQ0U6YUYTSAJvEJulHku2cSKFUSSDK0ibk0SGi
eOdQN8IXSrk9Z3xqxO7Zuzm69Dz1Qrh4+naufeE5prHiqfkNXFCeu/Qcv/Cv/iHv/p1f4qte/+18
xzd/J/dcOJvaVqN44qYUhH6FEQk4cWTdkJWoq8pKBD1Hi207+r5QAgwdTWwIGgkxUoSA1gcEESbb
U6ZeOJSaeYTbT42Zz5cQAlJu0wTHIirT0YJ9J7z1bf+Cp5/+OIeHz+KLOX77NFc/f435vMYhNEWk
8AXeBSbjgulo24Cv1nnfONDJLAS7Jv3ot1XpaDVMeu5dLu26ovuQ188mvc5Ib3K6Qe7Ddb2Op5//
PO99328iEtmZ2nUrpspsOWNrR/CjMfMYgYpaCsYRvBd8JcTaUbgx4DgtjjsvvIqz5x+iqMbGxFDp
7qN+D+Txmp531qTQb/hKm9ftpBSLLh0r9/PJdtL1WU8TOdbudM/KyvXJ2/k24r9JF2X9s0hPi2bt
vDoNkXbDEwEJkdyHHQi06bjdupsZGZtsff2ObXgCONJjcrQtWgMOjrdlFbxS1JhZ7ZO+35aOOadR
2+fhyjmlXXXXqw989I4lGeTIIIj9vkg+R3WtCGn7SMr/CkkcyVgZTjzqTH2JlDKTz23kHN//FX+B
f/CxX0tpNvk3IEO4vWbdIjYwOAYbbLDBBhvsJWjf+9A3t+JjA2WVFCVzKZe5wItPAobYXDR56DFG
HAGvFqlFGxOiI4IuUY1EFaIKTgWvyZlPQptCQNTU8F0MxmCPVlG1FcyUiLiIUoM0NvHF9C1yqog1
x6UJtK3hkrglpH1pFhFNTm3rhGWAwkAR1ZqUzEFUJcRAjA0RqyQQdZmY9tr1BULWY7BIsE/MCQ9a
mYOQoqemQhIRCbl1AEa5TqktmrQKxEVcEZiOCra2ppw9exHxU7w4FoWwd9cO5XjM6WqKxIJ5nFHK
gi8++2l+5Td/gh/80b/KW3/6x/mTT32MWYRcCSSn6OS0lPVod9Yq6KLGWZgv9NbJEqopAm4nQaaN
Bw9KbY5z7iIlsW5gXkXUOXwj+EXBcibs7Ci+GVFVjlld45dT5teFz3zqMs985iPcuHKFeR04c/tZ
Ll27ThOXFM5RU+K8o3IOpaDBE900e3RkgcmVdALp+mOVRZO/7FdNgU5NsR/V1vaVNWjaZUkct7eD
1Kex/dy2xymXb1zlfR98D4vQ0PgCyoJqXDKPgUZrqu0lkYYRBWMECVAIOOep4xZISXQBH+bcduY2
zt3xKOPRDt5nUdFeSzQkMC5/zqyE1dSRfttX+0/owJAegEBIUf8s0NoTaz3mNdp9Iil+fFy3Ign/
Ir3Xmium6b5BemOV9NkEc7MOSN5/n5mRl9uy9XNedf6ztkRepS+QevzVr1yUx8zNbZ3tcBL7If/t
wIjuXGLMAp0xpYpZH9grgVbpmuTv7beuz0oRS2eJxnroqXKkb3NjrJqSy4yKDF7k9/n+ytv1wRnJ
Skz9VMD2nx7I6FrsQ1C8CBIjErVlo9jvjp2HtP1jJb+z/lJcA5y+5c7XUqgz5mabprLSkFvKBoBj
sMEGG2ywwV6CdufWbfyF+74WDdqlqtzCCIeoRb8kZp0AaQu0ekrT1HBABhhwiQVQEMgMC8hAUesA
Y06Q+YGpIgtqTo54c3jFxBptTpocppi3tX9zFG89tp7TMTSak6UieC0MdHCy4ji1NOlMj5eAtmyQ
SKeF0ZVdNN/UYUU2M8shN6CL9tukOzlwojiJWAqLgT+SNUBWBCgdIgZ85Goq2UkovGN7VLG3s8XO
1kWcKzikRscFZ+4aMdoe02hkO6gxaeaRWYxcvfJ53vnuf8EP//2/wY/9X3+Xj3zm0yya0PahnX9M
TmCuB5PbvRoR7msqZMZKl/IgdH6CnatqiUhl55wcsiaCaEnlA+MmIEEIMbCQyNX9BVs728zGR+xO
HdI4plNHMXGMxo7SKeXIMR07rh0cUV+bs78MHNBQE8xZCUpQqGOkECuDmlG54xT/k+/tdhyp0oqO
9sCMdYfVIs5y3FHqsQdWLQME1p7rh0f84Qd+i+tXn0KXDZOjmjALLOqINIGtaYTJIY1TGl8QfaDU
aE5oHFFGT6klZVNxelRx8eLrmU5O4X2Jc55++kW+Xv3r2yfprPXEsb7rtDfiynetzkOP5dPtJoND
vfNXaYGX1T7K91X36gtYrp7D8c8r59A75jo4cBKTo38++fPmai+9sxE5Yb8JFJTN220CNTal6qyv
s0n3o12mWWMlg7n5+ZvYKRlFFrv36TEz+myWriyypR+2YLHQAhM3/XUUTeDTarux1uU7oG1jFode
7xt1EJ2JPWe8JDoDwaOTY+3owJE0nrVrcz6OE+EHv/IvGesjgdWaEL9b8Wd/ADgGG2ywwQYb7CVq
33DXI1Y9gnjLTXDWTdRh0EbAaZ7MmkMTBEIS+3MhoOqo1QjMRm13SdXeIqsF4NVypy3qFvCqFO2E
NhBpiDG0rI1CFScFjjIJnFoU2mCJAC5HybMyhzlBzkecE9RbNRbJzjYCND3HPFdecYjz5tCrIC50
lPY0IXeUuOiSMyBEF6hTRFScIhrTizRRBtQbO8WOQtNW3rA8caRje7RsARcwly85pHZWFKKURcF4
WjLaHnH2zEUII1ysOJw55pMt7nloj9v2SspRyfZWCVXASU2B49oscvm5y7zrd3+JH/mx/4H/+5d+
muuHR1bKt/UCSO1YZSZo6xD18thz9YI24JucIudbJ8ghFBqJaqyGqEAQvIBQEyQYsFE3jGpPuVii
y5rnLh1wdrdgPF0QiGzvnGVa7DApb+cIz1G9z5m9CUdXImUJo0oIUZh4kLJACpBQE5oF1xb7iOYK
SbLBaey5RgqZHm/XSdrId5ei0jfPuq3oFUDnSLLBcU3slxiVSzeu8Z53/xyXrj7GCCGKshSI8xmz
o8scHF5m71RA3BSnE1xT48OIIhaEaLobpXc45xkXS+6++1Gmp+6mLKd4V9pYTACBgR2ZGdGxjfIr
68n0l3Wv48KkxwGjBP7I2jO0FRhd7fuc4mR6FJ0GSLufY6VfMxtjXSOkPVD3bq29m1gbJ9nNhEPX
rQ+GnLi/nsrBzcCLF2Mnpuxklo2zl1WkShWUtLu2pOcpeCTpJeV7XxJQq6m6UzqggVbkdI41UAbS
s7bFEhPYF3oslg48yn8lsTxEFJdzRNo9rh4gs8UaUcStATtIqqRi0HEHpAQbX0oC0rvzUed4/W0v
21gy9lZEOAaAY7DBBhtssMFeovbKU/dwbrRrrFZu3WgOQHTOAAtnGhkQ7a8UxkBwAiJE53BERBoT
EKVXclQaQGja/G9HFACfwA+IUqIUCAXOeZyziXfsaWgYjdqECm0C64lJuDBqQCV2AEx0PcpzV0rW
JtwlptwBbeww0cc1Ce+JmnYGWiDOUgzyBN4wCkFS+kgk56Z7e+USrIrpPrQT8V7EtZ1lJ+q+ZqfQ
tDc0ORIm3JfTcCq0KJCiYDLa5rbdC+yOLrItE5YLZXZQE8TzwMNnGJ2FhRN0WqDeceQDRdVArYwa
5bnrz/PL7/gZ/vZbf5BPfPYTxCTkak5a04IaqtEAp7WotWqmuKdeFKt0YyydzHTpnH+H+UfiHN6Z
FkutSvSOTz7zPNEJTZVK2zpFZp4xU4pdJS4nEDwNQj2/QXUYeNmZ81y+NiM2NX5aomXFTjHCjTwu
LlmIciSOxVHk8cc/mvZL29YVa1Mnckv7y9s7Ye3OSEBPGy1PpYDbCHmxylRQ4/oc10aARpVPPPUx
fvtdP8Xlq88yXziWvmG0OKRpDiiqI+JiQekbShFYCq6OBB2jwaMeisoRXQUieBrObZ9h69z9VKMK
78ueo6691wn9YQ3ecM7pmw2pGKvnlBkuuQ9XRTSPWQI98r2cU7iOgxp6zFHeJC66AtCtMQFuxt7I
beynUGwCc74UWz/OzZgam9rUP/6m18bjaGaMNMYgI/BCrbdnaA+Ualkb/ZV6ZZXXrOXYaG90iRoY
ktlTsrkPbGF6froMIOd78jiTA7JWUAdiuKC4qPhovxpOOkDRqUO8s2ZI9ww2rlxg5DwP7l7sMTZ1
ddjdQjYAHIMNNthggw32ErY3nH/lajWVWxThEDHeg8uOOA2OiNemLbmHWhwwiKBYOUljUtjENqeR
OGcsDadKmQq4ihOCi0SnHCyWSLRSrVEbc1v60daWYm+ROIcYgSO3UwNoRJKuAGoVUnJqTY7qIUu8
1jQaiOowByAQtcZK2Do0GusEUZoYeWZ/ydF8SVBBozlhQZyVuxWXEmlcovsbG8KGTGPsBbU1JLd5
ZSLdn8znXPhcWjRrj4Dg8QqV80zGnq3pFufvfggJU1x0iIyYS0msxnzFw3fy8H273Dk5CyPPJDi8
jvCjikWqvBGXNZ96/E/5e2/9X/jt3/l1lk00vCWVr+34HNlxdwkH6FPc+85bqiwRc6qLOUwxKlGh
jpa+ElRpAiYsuwxcefoKot6qNZYlUYXGRZ66fo3b9k7RaGQR5lxdHHJpecTe7RWNjKgPIhoiV68F
lrMlSwmEECnDFGkcXiOzouaP//QjqOZo/6rZeFhjW6w4cAmko1xzzLJ+SdNbLqjmtApLqWodz1QG
1rQRUg9qZNEs+dBjH+Ajn3g386aBRijVUzQlYeKQ8R77M8fRwZJqSzlwS8DjyzHqShYUEBsa9Zbw
JCPGErn93keZjs9Q+BHO9ZkLfVbGyYKeMUZCyJH37tWvOJFfq053SnlqU7bWHOIV0EggsbtIQra2
vy4VZHM6iO1v03faPqftlfd1s5SS4ws7AKjfhj8LyHEzgGQTWLG+br8fNr1WGUmRriRxTs9IQMDK
kdNzJpUrzvepympFlVVsqdNSyWVm+2010FlZzSjqmHyCb58jfcbM8X6xMZrTnqwZETSXViadTy7z
DRI1jeXMiurGk4lA90rIIsSeHIyopal898u+Lulu5WPemoGNW7yKymCDDTbYYIO9tO1NF17F2z/3
gRSl7kfcby1zGoniiBJxCk6T6ysmzklKFol5PintzBFyUogkoT+VxPwwuCGm1JKcqz+fHfD44x/n
4Vc+SlUWeALgwTmLLooxMxBBk5ij4HCprGAkkMsBWq54JIo3Jf089wWgoBEDHcgVctJMVqRObA0B
jUQanrx+xE/+0s/x0OSQh172KJOtC9x7372cmW4lBy7lkUvdTqKNpeFTVDQDAPl8UlsURJITDHYe
Yv1hewxkWjitOCY4r4xLz3hSsHfmHGfO3sPBF2+wWF6nOYyMtgtq7zh99y5bW0uuPHYDV40J+0sW
E+HwsMbHJbEZMR8pz13/Av/819/K088/yXd921/htr2zxkpJEfhVpzE5/MmJEHHmGCVOusMl0KBj
hEgCRTxK0IgTTymeRgOL+ohZPSe4ghAavFaU4okFjPGUfptr+1eReINn9i9znobd3dv408c/Sy3K
dRFGBEQcgYZmGRlvbxPmDYU4XC088cTjLOojJsUeXRWF486kXZM1R1YL001Rcxo3Oro9x7DFf7rB
trpq1mgAZhr5k8c+yJNP/BHz+pDFck50niIuCQSOlg3L/ZmJ8zY1072J9ZEraRpP2ShR5oyiVQcS
9TipuXj+ASbbd1MUlV2ffHOSx9v6wyxDLqw42qsPPRu0BpbYPkRcC2qtirLa/ahq6Q1Zl8W+7o5l
18EAPSc+Rf0DmlhB69oYdvxVrY5N66zuv/uu74xn25hSot0+VhavHXM91WV93ydtvyKyuWEd59yK
IOpN95lSp/IqmVW2cjwVAwfattIyPbpLH8ksNdaOl1kZ9iEmAMuOnq9v3m9ONUqNs+V0/b/pXFa+
awGfTjDWSQZbExOoB7D6dB4xU8TIIJ7x8Vx3EANvte0AO18xKPLRcw8YcB0VnKY+y/3TjdmXug0A
x2CDDTbYYIO9hO2N519JhafJEx7M6b2F5joAqHqcRIJCxOHJOgw+9UkDSRPDSsVCy2RAIJrTay6Y
A62J4tq+FByKZzafI5TMcXzgD97F6x/5OibbOzgHuTytj6maCh6PI6RrYSki0Sr9qaAiliaj5mzH
ljvt0kQ/TYTThFgowEW8pkl1ctpFHUErPvGZj9N84RN8VI/42Kceo2kiWztn+Po3/nle95pHOLW3
Q1WNcrINLSNDFEnOb05PUIJpiQgtwwVM9V/7YnwSUnsN7HBOaULEeaEsPJOqYDIu2R5X3HHxAS5d
/wLh+hENNQunVCUUky3OnJ/wuhj55OeWLJuasLjBzqkxi8s1sl0S64bDSmmOFrz9Pb/O008/wV/9
y3+Nu+98IAEY3uKlK9HcXGZU03VMnpKKCcuSYqyao+gGcEUJRGcjpqZhFiLPXrlBEwtGAfZTNHlk
3glVNaFZ1pyeTnj+6hF7ccGrHn4lH/3452C+QEpldxaoCyEE0FjhfI1fNvhQMgfKynHp8DqXLj3P
nXdt41uNic3O6gp4scLkkNb57PqBLlC+BnxscrzbYyHUWvPxj32Qj33kPdQRXC1Mt0Y8d3SNkfPU
dcNssaRpapqlUI3njKotZk1B9JGx8yxKB2FO0B2EEZVznB5Fzt/5GqpyikhJP02oa4Mea29mc6ym
SayngqQx26aEHAcZOq+w2+d6GLxbIwNmLmny5Lbkv/0H7SqA0L9em1JNTnKk89/17fvrZCBx0z76
66tmds9qyWQR6QEUx/CCmwIW0AddNIGgJ4EcuRxqv7pJd8As35mXy1rKiQHVjgxaRo0bf9piy2gx
QFpaVpOHfN0SsOt699bKNU+MtvX0n/5fsNQ1165jvy2W6pL30+1WcYhL4zUBw5rBc8uBJIpYuXEx
FlkLtmj7AQFOVRMmvmIRQ68c7a0X2Lh1UlRusQs72GCDDTbYYGA5vitpKm0g/uaT05eaqShRis4B
EnNGal0Cwaqo0Jg4KK7V6TB6r6KuTpNfAxpCYlbksrNBoSaybBquXzlgtNzhxvVrvPd9v8b1y8/a
hDWaloVVailwrrCs8hyxE6NG2/4tbQANRFXEZSeqc8JRU+AQyva8BMUQEjCFD4tChyZy/fIXWNRH
PL8IzPeFxbXI889+gbf99k/wwz/+P/J33/p/8I73fZDPXppxtXEcAEtAo+mEaBSCKqolTkcgPk/D
zbFTSwlRKTpvSPwxxX9xrpU28KVjezqmnOwg2zucu+MexBVI8MyOlNlMEbdEdM5Dd5xle6vAb5mm
CDci5VnHvswJNcgCXNPgS3j8Yx/mx//J3+G5y89b/DM3x6mlySSKuWvTG4zqnpd75/GuQLyzkptp
tdKVeHyKHBv7J8o+zzzxLLIUJg5OMWXiHRQVE+cY6wivE2pZ4ql5+DWv5snnDtg/OuSQQDMbMXcF
MbF83DIwpSAQqMOSsgwgc+ZuyZ9+8kOpveYhrescbNSSWLENaQZ9LOQEcKNvuSxpkMAXLl/mM3/y
bq5dvcrs4DpH4To3rhyCRGoRDudzZBFTRHzOuAqUAlM3pmCExsJYShGollYCVpULF76S8eg8ZVmm
lLDN53icfaDEGIgxVdaRzllfTaOIx/qhX2712DbOIu35r43orvJK7kQR2mPmvl7dj5WI3lRu9GaM
nE0pIpuu1UqqRZv+cXz7VvPBZWFgWNekWAVMoANy1qzVukh9IevLelSgdlmnLdGmVknuVen6N7O/
JJeLXQMp03YJibZnUGZKrJN3FIimS2QYR9fWLNu80r8JWsFJmy3yQnGBzUycnL7kVl853JBBE1av
k2LPfcO1A5KqKhkQkrstST+Lx7kSJfIXX/b1XZqKpmfvLZamMjA4BhtssMEGG+wlbndsnYUv3iIz
mxPMWAXGnBBAxSPOU7BMavVdLFaI+OgJYnwN1RrEhCedZPX9ghg17U9xSdugcAXOKSEIhZzm8Ppn
eOd7fouX33c/r374a6kmDqSkTX3IjhGKOdlFD4CylBTnchHDNsyOUeBdSpXIoeIG1BvYIIB4UDu3
o3rJ7OCAyZYy2w8smONGyqJesLgemHOJ5y5d5vGnf5+p26KpJmxPdtg+fZb7z97HvQ88xOte8WrO
7E0R15gOCDbJ7teJADW6tUsT/LU8chLo4gvT+yhigatqdqYly/mU+uwrubp7iStXP8JBXcNhpNgd
MWfETlFw733bfPzDzzLdKrk0qzk33WJ2eAN8QUNDaIRL1w8ZlSXXn36MH/sHP8T//Df/Drftnmkn
+pZk0jmpndMmxECKEFs0VRV8rriA0sSGoE1aO6AN1EeHzJt9fKnMfCBKCUurKOJHY1NzGZWc2l5w
+vSDXLqu3Dic45xnKY7xyFFoZFlHmhhZ4mhGnnCksK00oWY7jGEh/NEfvp9vfct34gubwn+pegov
tL5F2ruIe7e806jITvMnn/w07/3tt3G0eB7VkkYcbtkwOzig3PMsZ0s8ygJhfjRnv55z5rZtaqdo
ECocuAVlcJSjMYeM2I6eU3vb7J19GWXljznkmxgOJzn+L5gW0WNCnMScsL+RdZmPk/abUxskl2fu
tdE+QJcrsRmM6muCvNDxXohFsb7OSupF+11muUQDOzQ/m5QsONtpuOSUunXkIO/LUID2dLWr9tGB
nPlzWGmfSN5X91xc9chb/sPKdhlsbKsfpcdOaz22BG6d6ZKZWv2V8tG6HLx+SlgfjOiuVX/bLNjb
ATd5w+NjMpcQz0C3du1JKI1iVWRcYvVpGjdOUl8TQRL7RoVXnborATip7StpKtwSNgAcgw022GCD
DfYSt9OjHXujt9AMZ82cKlGbxCjoIohBsgp9acwCIGogSkQ0RTfVcu+jA4fiJJiD7wQrHWiVWUQj
ReEZj0dURYWrznFQf5pGL/Ohxy9z5fLzvPFN38L26dsMHpAcZMyOdp6W2SQ3pnWcFih1u9zIHo5c
7FaTU5FTV7IDL2pOdgPMlzWTYoyTCglLQlBqrYnRUddLgkdcVvIAACAASURBVASiDxweeq4zo3Rw
5WokfE74uLyX8XthsnWGBx98hEde9WYevP9+7r1wN2WV8r2FDjhIDkFmwHThRuvpXOXFOU/hhbIY
4SYNW+OK2XjJ2TvuY//qY3htWC4dcV8oTgnLuuHc1piDc2d57tmGfV0wHlXsVGPq5YKqUJpmSZHY
NN7Bp574FP/sJ3+M7/+v/yfGk12stKhro+9WKrbqnI7kZLXaDWqig8Qs8phAGvVoVI7Cgs9+7mnK
KOCgkdQLY4cLyoIlO6WDeMB999/LM09vwfya7TrAGV9wWM45nJumRwzKthcaiSykoQglEgpqhTLC
k88+yeHsGqd2xi0IsTGq37/VFRtb0qzeFNoOpnyXAKH1y1YcSMk+uYJGvnDpGT7wvrdx7ehpfBnQ
ZgzasIxjmp0x9XLOvEklbReKxjmyXFCOt9ColBKIWlCEEd4tUYQJe4zcARcvfhXleBvvE4iDR5y7
uZOfMbQNzIeV9dKyDNK4tN+TwBBjTqUxu4Etk7sky1++oBYKGfDbcA4b2r2JqbJpm3ycfloIuTSq
mmhst5/YrmHLek716jesaF7QgRSZXwHOxDGJKPPEJis73156TKM03qTP6OqdVrdOcusT8HxcM4SV
MWo6QUnImCSUrKt9mM+tXX/tt9DSA9NtIz3IVvR4EZZeD+VLaVoukEt9J+SBFfi3lxe6cn2lw7xa
5gmGB5v+S/qVEGkPnvU8TAy3QGNI94hwarSd7tNNv/e3xhxgADgGG2ywwQYb7CVuZyd77ZzrFpnf
HDOJzvKXU6lBsdq5RAk4LYCY0rD7Od4CSXWjExv1iEZUGpvIY9E7iRAx/YzxZMx0Z8zkqKQqz8Hi
Weo68KdPPsbnnv8C3/h1387Fex6iLApwSlSXLolHadIk1zQhOr0LK1drgogJM8gOKZ1zYhNfoSFH
JwVCJDQ10/GUUivGWnFdapSKsl4wkhHaHFE2nrk0FBI4aCIEpYjCUanUc+Fo8TyXPvhb/MH/+y7O
VFtcuHgX3/6W7+L1j341O9MJ5BosfacFqwygkuOUCVASb0wBJ4wK2K4KwrhkMiq54/RFrp1/BfWl
TxJjYD4XtmNgtow4cZy7uMXV64fszEZwGDg9nXJpGYhRUJY0oixomJSeuNzn/R/9PR58z9v4j77j
P8O7AivakBxNZ0CH+QIxYRoOjR3VXfvDQQ1cQgNB4dK1L/D0M49TOiv/6poFzkXEK15KRODoqGau
[...]
7bffcn2NiRMn6u2331bv3r3Vtm1bde7cWfXq1fPKo2sadQAAIABJREFU/HNz8803a+LEiS6rI8LC
wlx+83758mWdOHHCq68/cOBARUZGqnPnzrrzzjs1cuRI0+eoVatWmjlzpkJDQ12em5GR4ZU5FGSc
7HVUJCkiIkLPPfecKdyQpMaNG+vdd9/N8w2+Nz/zERERLnVynMeXXP/eVqhQQREREaY+5+Dy3nvv
NYUbkuTr66uHH37Y1JeSkqIff/zR5TUBAACAgmIFBwrN399fUVFRphu7Q4cOmYppZt9uUa1aNcfy
/T179uj48eOmGzXnmyp3xQ+nT59uqo/g6XQSHx8fNWnSREeOHHH0nT17Nq8/mkfp6en673//a+p7
+OGHPZ6K0b59e9PJH+fPn9e+fftcahlk179/f/Xu3bvQcy2oO+64w+PNt/MNtOT+JJOiEhERoXfe
ecdtMdvi5G7Fw5AhQ0xborKrXbu2IiIitHr16lzH9uZnvkyZMurXr5/ef/99R9+KFSs0ePBg03XO
P0v//v1dVrQ41ynx9PcrNDRUc+fONfXVqVPH7bUAAABAQbCCA17hfKOefRVGUlKS6SjZp59+2nTj
nD3QuHTpkjZt2uRoN27c2O2xkjfeeKOCg4MdX55uICXXuhnuti/k1/Hjx3Xq1ClTn/NvtrPz8fFx
CWpy++11WFhYwSdYxNzdXKempl6z1//hhx/Up08fLVq06Jq9Zl64KzTr6dSc/PL2Zz4qKsrU3rJl
i+kznZqaqhUrVpiu6dq1q8s4zlvUJkyYoOXLl7t8HgzDUKtWrUxfuRV+BQAAAPKDFRzwCueb9x9+
+EFDhw6VlHksZlZhRD8/P0VGRqpnz56OFRBr1qzRvffeK8n1pr9Lly65vnZiYqI2b96sffv26fDh
wzp79qwuXryoK1euSFKeTnbIr5MnT7r0ff3116ZjVp39/PPPpvavv/7q9XldT9566y2lp6crIyND
ycnJOnbsmBYtWuQ4seXcuXP65z//qbS0NJcjb4tLQkKCqR0eHu5xVU9heOMz36xZM9WtW9dU0HfL
li3q37+/pMziodm3moWFhbldTTVgwAAtWLDAUdT1/PnzeuyxxxQSEqIuXbqoVatWatasmerXr++2
zgkAAADgLQQc8IpatWqpYcOGjgKhGzZsUGpqqsqWLauNGzc6ruvevbuCg4PVqVMnR8CxevVqJSYm
Kjg42OW40ZxWRaSmpmr27NmaMmWK6VSPayF77Y0sU6dOLfQY+IPzzXRkZKQGDRqkd955Rx988IGj
f9y4cerUqZOqVavm6MutoGheOdeSyI1zXRVvr8Lx5mfex8dH/fr108SJEx19q1evdgQczjU5+vXr
5/b9aNKkid59912NHj3aFIicP39eX375pb788ktJmScS3XPPPerTp4+qVq1aqLkDAAAA7rBFBV5h
GIZp+XpWAcH09HRTIdHOnTtLyly2n3WzdPnyZW3btk2StH37dse1fn5+atq0qdvXS0lJ0ZNPPqkJ
Eya43Og1adJEXbt2Vffu3dW9e/ciOXXEG9sxnI8xRe78/f31xBNPqEGDBo6+lJQUl60U7k5zye39
dreNw1OdC0/S09NN7fwGJDkpis+88wqpVatW6cKFC7Lb7S4FgHNaTRUVFaUlS5bo4Ycf9li35dix
Y5owYYJ69uypTz75xGuFYAEAAIAsrOCA1zivtti7d698fHxMWzOy6hGEhISoc+fOji0dGzZsUGRk
pDZs2OC4tlOnTrrxxhvdvtaHH35oqutRrlw5Pf/8844VItmNGTNGn376aeF+OCfOhRYDAgL0yCOP
5GsMCiwWjL+/v7p3767Dhw87+rZt26YHH3zQ0fbz81NISIjOnz/v6EtOTs5x3KxtVFmCg4PzvaXC
OVjx5iqdovjMN2jQQM2bN9euXbskZYZAW7duVXh4uKlIab169dSkSZMcx6pataqefPJJ/d///Z++
//57bdu2TevXr3ccj5wlKSlJY8eOVWJioh599NFc5wgAAADkFQEHvKZZs2by8/Nz/KZ8+/btpt+K
R0REmJbsd+vWzRFwLF++XPfcc4/phrR9+/ZuXyclJUWzZs0y9Y0bN0533nmnt36UXDnfUKakpGjQ
oEF5PvITf7h8+bJpdYXNZnMJkJxVrlzZ1HaufSFlHl+cvWBt1sk9npw+fdrUzu2G3h3nz8XBgweV
np5e6NoTRfWZNwxDffv2dQQcUuaJR871Yfr165fnnyEoKEhRUVGKiorSqFGjdOrUKa1Zs0ZTp041
vceTJk1Sv3793BYRBgAAAAqCLSrwmuDgYFMo8d1335mWuffo0cN0ffaTVxISElxu4P70pz+5fZ1j
x46Z9vpLUseOHQs67QIJDw936du5c+c1ncP1YuHChWrRooXjy/moUneca104BwuS1Lx5c1N73759
OY554MABU7tx48a5zsNZ3bp1Te2kpCRHXZrCKMrPfKdOnUztr7/+WkuXLjX1RUZGun3u+fPndfLk
ScdX9oAyS1hYmAYOHKiZM2eqTJkypsd2795dyNkDAAAAfyDggFdlv+k6d+6co7aGJLVt29Z0bVhY
mKlv4cKFju+rVKliqrOQnfPNrSSP+/ntdrvb3+57YhhGnsYNCwtTy5YtTX0xMTEuNRicJSQk6Pjx
43meT2lQqVIlU3vXrl0uqymys9vtpq1MkvvtPs71W1asWKGLFy+6HTM5Odml5kSzZs1ymrZbtWrV
Uq1atUx9y5Yt83h9amqqy3HD7hTlZ75WrVqmv7eXLl0yHd3cpEkTNWzY0O1zFy1apC5duji+xo8f
7/F1GjRo4BJaUmgXAAAA3kTAAa9yvunPEh4e7jaw6N69u9vro6Ki5OvrfgeVu20g3333nUuf3W7X
J5984nJ0q91udzuu5Fpb4/jx4x6vf+ihh0zt9evX69133/V44/nTTz/p0Ucf1bBhw0z1DUo7d0HC
xIkT9fvvv7u9fuHChaatJ5LUrl07l+vat2+vChUqONpnzpzR9OnT3f55xsTEmIKGoKAg3XbbbXn+
GbL4+PjovvvuM/XNnDlTO3bscLk2PT1dkydPztMKj6L8zEtS7969PT7Wp08fl+Avi/Mql1WrVnkM
p1JSUnT06FFTX8WKFV2u++mnnzRr1izFxMQoNjY2x3kDAAAA2VGDA17VqFEjVapUSWfOnDH19+zZ
0+3Rne5uTCXz9hVn9evXV7Vq1Uw1FV5++WWdP39erVu3VpkyZfTLL7/ov//9r9vfnnu6cZZcazvs
2rVL77zzjjp06KDU1FQ1aNDAccRlVFSUOnTooPXr1zuunzp1qg4cOKAHHnhAdevWlWEY+vXXX7V+
/Xp9/PHHjtMvhg4dqnnz5ik0NNTjXEqLihUr6qGHHjJtUVqwYIHi4+P1l7/8RfXr15evr6/i4+O1
bNkyzZ492/T8Vq1auQ0jAgMDNWzYME2YMMHRN2PGDJ05c0b333+/qlSporNnz2rRokUuBTmHDRtW
4Hoqd999t2JiYnTu3DlJmTVGHnroIT3yyCOOz+fJkyf1xRdfaO3atXkasyg/81LO2108bU+RMt/7
1q1bO1Z8JCYmavjw4Xr00UfVrl07BQUFKT09XUePHtWUKVNMK0sCAgJcVnScPHlS99xzj2Nlx7vv
vqvFixcXyUlIAAAAuP4QcMCrfH19FRUVpXnz5pn6PRUMrVevnho1auRy0kKLFi08voa/v7/+8Y9/
6JlnnnH0Xbp0Sa+++mqe5hgXF+fxMXerCaZOnaqpU6dKkmbPnu0IOPz9/fXaa69pyJAhpm0na9as
0Zo1a3KcQ58+fVStWrU8zbc0iI6O1s6dO011TDZt2uSyUsNZ1apVNWbMGI/HsQ4ZMkQbNmzQxo0b
HX0LFizQggULPI7ZsmVL/fWvf83nT/CHypUra/To0Ro1apSjLyUlRRMnTizwmEX5mZcytwn16tXL
pfZGRESE23ozWXx8fPTyyy9r8ODBjvobBw4c0IgRIyRl/vlcuHDB7RG8o0ePVkhIiKlv8+bNpm0r
SUlJ2rRpEwEHAAAA8oQtKvA651obISEhHusZGIahO+64w9TXpEkT02kr7vTr108PP/xwrnNp3ry5
y3U7duzw+BvtevXq5anIZZawsDB9/PHHLkfkeuLn56cXX3xR//jHPzwu+y+Nypcvr+nTp6tv3755
fk5ERIRiYmI81mqRMoOBSZMmuRS49aRjx46aOnWqAgIC8jwPd/r166enn3461+vuuOMORUdH53nM
ovjMZ+nZs6dLX58+fXJ9vQYNGmj69OluQ4jTp097DDcGDBjg0u+uWKy7PgAAAMAdAg54nfPqi9tv
vz3HYz+dV3d06dIl19cwDENPPvmkpk2b5jZcqFKlip566il9+OGHuuuuu0yPXbp0yW1NhCyjRo3S
U0895XaLgru6IKGhofr4448dW1ncCQgI0N1336358+dr8ODBhT429HoUEhKiCRMmaPbs2erfv7/H
kOG2227TxIkTFRMTo/r16+c6bnBwsCZNmqT33nvPJXzL0rJlS7355puaPn26qW5HYQwfPlwfffSR
221YtWvX1tixYzVhwgS3BVLdKcrPvJT5vjq/53k9qaVFixaaN2+enn76aZciq1nKlSunQYMG6auv
vtLQoUPdBnydOnUyhSq9e/fO0/8fAAAAAJJk3LHy2Zyrz1mdXbLLLtntsmfYpQy7MtIzlHE5XRlp
V7T83oIvG0fJERcXp7i4OF2+fFnly5dXeHi4/P39CzVmUlKSjh07pqSkJAUGBiosLMzlxA93zp8/
r/j4eMeJHeXLl1fNmjUVGBhYqPmUNqmpqTpx4oQSExOVkZGhoKAgVa9evdC/0f/1118VHx+v5ORk
BQYGqnLlykW+XejUqVNKSEjQ5cuXFRISovDw8EKHXN7+zCckJJgCusjISM2YMSPf49jtdp06dUpn
zpxRSkqK/Pz8HH8H8jI/u92uX3/9VVLmdh9WOnnPHYtHyebvI5uvjwybIRlG5vvLWwwAAK4T1ODA
dSE0NNTrBTvLlSvnctRoXoSEhLjUFkD+lS1bNsftJwVVuXJll2KyRS0sLCzXbVf55e3P/Lfffmtq
9+rVq0DjGIah6tWrq3r16gV+fpUqVQr0XAAAAJRubFEBgFIuLS1NH330kanP03YrAAAAoKRiBQcA
lGKJiYmaOHGijh496ui7++6787QdCwAAAChJCDgAoJSJj4/X+PHjdeHCBe3evdt0NKskPfjgg8U0
MwAAAKDgCDgAoJRJS0vT0qVL3T4WHR2txo0bX+MZAQAAAIVHDQ4AgCRp8ODBio6OLu5pAAAAAAXC
Cg4AKGWCgoJ0//33KzY2VgEBAapTp4569Oih1q1bcywrAAAALIuAAwBKmQoVKui1114r7mkAAAAA
XsUWFQAAAAAAYHkEHAAAAAAAwPIIOAAAAAAAgOURcAAAAAAAAMsj4AAAAAAAAJZHwAEAAAAAACyP
gAMAAAAAAFgeAQcAAAAAALA8Ag4AAAAAAGB5BBwAAAAAAMDyCDgAAAAAAIDlEXAAAAAAAADLK/UB
R8qVtOKeAgAAAAAAKKRSG3AYV/95LvVisc4DAAAAAAAUXqkNOCRJhnQuhYADAAAAAACrK8UBR+Ya
DlZwAAAAAABgfaUy4DCu/o9hGDqTnFjc0wEAAAAAAIV0/QccRtZaDUOGo/JGZr8M6TwrOAAAAAAA
sLzrP+Bwx/gj7Dh16UwxTwYAAAAAABRW6Qo4DEmGYfr++/gDyrBnFOesAAAAAABAIZWugMOJYTP0
u/2ytsTtL+6pAAAAAACAQiidAcfV+huGYcgwDG35ZW9xzwgAAAAAABRCKQk4DPd9hiSbTd+fOnCt
JwQAAAAAALyolAQc+iPjuLpyI6sGh81m6Ne0Czpw9qdinBwAAAAAACiM0hFwZB0Vm+30lKztKTIM
2XxsWv3TtmKdIgAAAAAAKLjSEXBkl3WSSlYdDpsh2WxacHitfrmUUNyzAwAAAAAABVCKAg7DzTYV
Q7IZstlsMnxsmrtnRbHOEAAAAAAAFEzpCThy2qZikwybTct/+l6Hzp4o1mkCAAAAAID8Kz0BR3Zu
tqkYPjbZfG2au3d5cc8OAAAAAADkUykLOAzTt9kLjRo+hgxfmzac3KPt8YeKb4oAAAAAACDfSlnA
kblwQ9mCDdkMGTabDJstsxaHr01vb56jcykXi3uqAAAAAAAgj0pXwGG4tg3DyNyicvU0FZuvTadT
L+jf6z8qlikCAAAAAID8K10Bh3R19YbMqziy2jZDho+PDF+btv/6o97ZPLe4ZwsAAAAAAPKg9AUc
ktwdGfvHKg5Dhq+PbH4+WnJso+bt+6ZYZwoAAAAAAHJXOgOO7EfGOlZxZNXjyPyy+dpk8/XRjB2L
tP7nXcU9YwAAAAAAkIPSGXBIcqQcTis4DJtNhk/ml83PRzZ/m15ZO0Pz9q4s7gkDAAAAAAAPSm/A
4dil4i7osP1xsoqvrww/X72/c5He3kRNDgAAAAAASqLSG3BIkpwKjmbbomL4/PFl8/ORj5+vvj62
UaNWvMsRsgAAAAAAlDClO+DILMThIeTItorDsV3FRzvOHNHIr9/U9riDxTx5AAAAAACQpXQHHJIj
5JDL0bFZKzmu1uTwtTlOVzn9+wX985v39PLq6Tp49ngx/wAAAAAAAMC3uCdQIhiSYZfsV4+OzVzJ
IdkNmwzDLhkZkmHLelA2w5Bs6doYt1frf96t2+veqoHNeqrGjVWK72cAAAAAAKAUI+DIYhgy7HbZ
ZUg2uwy7IWXo6hoXmyT71esy/+ljM2S32SWfdK04sVXLj23R3Y06q0t4hBpXDi+mHwIAAAAAgNKJ
gCM7w5Ahu+z2zC0rhk2y2//YxaKrKzrshmTPsEs2u3wyDNltGcqwZWjBj+v05aG1qhwQrFur36K2
NZvq1uq3yGawEwgAAAAAgKJEwOEsK+TIbMiQZLcpc0WH7JKublcx7DJs9qtBhyEfH5vs6Rmy2+06
e+U3fR27SUuObpS/4as2YY1VPaiyKgQEq9INwapQNlgVAm5UhYAbFehXtjh/WgAAAAAArgsEHO4Y
RuZOFCNzy4qR1W+TY1mHYdhlt9szgw7DnrldxZa5zUV2yW63y5aeoSsZdm2M3yvFSbLblWG/utXF
Xiw/GQCglMgqlG3z+aNItmEzcn8iAACARRFweGJIshuZ4UVmQ4ZhZG5ZsWdVJc0WbmTYM+uQ2jOD
D8Nul91mk8/VtiQpc1eLpIzMEORqHwAAXpV1MljWsee+mSeCSQQcAADg+kXAkROXkOOPehymoCMj
a0WHMkMPZdboMGxXww7pjyDDbpf96um8BuEGAKCoGJmnghk+V0OOq6egk3EAAIDrFQFHbq4mGsbV
hMJt0GFc/eZqwCEpc6mG3Z610EOOhCOraClLNwAARc0wrh59fvUrs/PqCo/inBgAAID3EXDklWFk
hhNGDkGHPVtDf4QemSs4sp4nsg0AwLVxNcuQ7WrQYRiZqziy15cCAAC4ThBw5IcjzXATdGQdsiJJ
WSeuOP7peHLm9hUCDgDANWIYf3zjUmSUlAMAAFxHCDgKIoegI+txw26+LvMa+x9PJ+QAAFwLxtX1
GtmDjqx/PwEAAFxHCDgKI9t/IP4RaFwNPIw/go2s/4Y0BRv8dyUA4FrJ/u+rrO/59xAAALjOEHB4
i5Htm6y6Gy7HpBiZu1YkVnAAAK4dU55BuAEAAK5PBBxFwXD5JpPd80MAABQ5/t0DAACuYwQc1xL/
YQkAAAAAQJGwFfcEAAAAAAAACouAAwAAAAAAWB4BBwAAAAAAsDwCDgAAAAAAYHkEHAAAAAAAwPII
OAAAAAAAgOURcAAAAAAAAMsj4AAAAAAAAJZHwAEAAAAAACyPgAMAAAAAAFgeAQcAAAAAALA8Ag4A
AAAAAGB5BBwAAAAAAMDyCDgAAAAAAIDlEXAAAAAAAADLI+AAAAAAAACWR8ABAAAAAAAsj4ADAAAA
AABYHgEHAAAAAACwPAIOAAAAAABgeQQcAAAAAADA8gg4AAAAAACA5RFwAAAAAAAAyyPgAAAAAAAA
lkfAAQAAAAAALI+AAwAAAAAAWB4BBwAAAAAAsDwCDgAAAAAAYHkEHAAAAAAAwPIIOAAAAAAAgOUR
cAAAAAAAAMsj4AAAAAAAAJZHwAEAAAAAACyPgAMAAAAAAFgeAQcAAAAAALA8Ag4AAAAAAGB5BBwA
AAAAAMDyCDgAAAAAAIDlEXAAAAAAAADLI+AAAAAAAACWR8ABAAAAAAAsj4ADAAAAAABYHgEHAAAA
AACwPAIOAAAAAABgeQQcAAAAAADA8gg4AAAAAACA5RFwAAAAAAAAyyPgAAAAAAAAlkfAAQAAAAAA
LI+AAwAAAAAAWB4BBwAAAAAAsDwCDgAAAAAAYHkEHAAAAAAAwPIIOAAAAAAAgOURcAAAAAAAAMsj
4AAAAAAAAJZHwAEAAAAAACyPgAMAAAAAAFgeAQcAAAAAALA8Ag4AAAAAAGB5BBwAAAAAAMDyCDgA
AAAAAIDlEXAAAAAAAADLI+AAAAAAAACWR8ABAAAAAAAsj4ADAAAAAABYHgEHAAAAAACwPAIOAAAA
AABgeQQcAAAAAADA8gg4AAAAAACA5RFwAAAAAAAAyyPgAAAAAAAAlkfAAQAAAAAALI+AAwAAAAAA
WB4BBwAAAAAAsDwCDgAAAAAAYHkEHAAAAAAAwPIIOAAAAAAAgOURcAAAAAAAAMsj4AAAAAAAAJZH
wAEAAAAAACyPgAMAAAAAAFgeAQcAAAAAALA8Ag4AAAAAAGB5BBwAAAAAAMDyCDgAAAAAAIDlEXAA
AAAAAADLI+AAAAAAAACWR8ABAAAAAAAsj4ADAAAAAABYHgEHAAAAAACwPAIOAAAAAABgeQQcAAAA
AADA8gg4AAAAAACA5RFwAAAAAAAAyyPgAAAAAAAAlkfAAQAAAAAALI+AAwAAAAAAWB4BBwAAAAAA
sDwCDgAAAAAAYHkEHAAAAAAAwPIIOAAAAAAAgOURcAAAAAAAAMsj4AAAAAAAAJZHwAEAAAAAACyP
gAMAAAAAAFgeAQcAAAAAALA8Ag4AAAAAAGB5BBwAAAAAAMDyCDgAAAAAAIDlEXAAAAAAAADLI+AA
AAAAAACWR8ABAAAAAAAsj4ADAAAAAABYHgEHAAAAAACwPAIOAAAAAABgeQQcAAAAAADA8gg4AAAA
AACA5RFwAAAAAAAAyyPgAAAAAAAAlkfAAQAAAAAALI+AAwAAAAAAWB4BBwAAAAAAsDwCDgAAAAAA
YHkEHAAAAAAAwPIIOAAAAAAAgOURcAAAAAAAAMsj4AAAAAAAAJZHwAEAAAAAACyPgAMAAAAAAFge
AQcAAAAAALA8Ag4AAAAAAGB5BBwAAAAAAMDyCDgAAAAAAIDlEXAAAAAAAADLI+AAAAAAAACWR8AB
AAAAAAAsj4ADAAAAAABYHgEHAAAAAACwPAIOAAAAAABgeQQcAAAAAADA8gg4AAAAAACA5RFwAAAA
AAAAyyPgAAAAAAAAlkfAAQAAAAAALI+AAwAAAAAAWB4BBwAAAAAAsDwCDgAAAAAAYHkEHAAAAAAA
wPIIOAAAAAAAgOURcAAAAAAAAMsj4AAAAAAAAJZHwAEAAAAAACyPgAMAAAAAAFgeAQcAAAAAALA8
Ag4AAAAAAGB5BBwAAAAAAMDyCDgAAAAAAIDlEXAAAAAAAADLI+AAAAAAAACWR8ABAAAAAAAsj4AD
AAAAAABYHgEHAAAAAACwPAIOAAAAAABgeQQcAAAAAADA8gg4AAAAAACA5RFwAAAAAAAAyyPgAAAA
AAAAlkfAAQAAAAAALI+AAwAAAAAAWB4BBwAAAAAAsDwCDgAAAAAAYHkEHAAAAAAAwPIIOAAAAAAA
gOURcAAAAAAAAMsj4AAAAAAAAJZHwAEAAAAAACyPgAMAAAAAAFgeAQcAAAAAALA8Ag4AAAAAAGB5
BBwAAAAAAMDyCDgAAAAAAIDlEXAAAAAAAADLI+AAAAAAAACWR8ABAAAAAAAsj4ADAAAAAABYHgEH
AAAAAACwPAIOAAAAAABgeQQcAAAAAADA8gg4AAAAAACA5RFwAAAAAAAAyyPgAAAAAAAAlkfAAQAA
AAAALI+AAwAAAAAAWB4BBwAAAAAAsDwCDgAAAAAAYHkEHAAAAAAAwPIIOAAAAAAAgOURcAAAAAAA
AMsj4AAAAAAAAJZHwAEAAAAAACyPgAMAAAAAAFgeAQeA/2/v/n2ruu8/jr9rNWCz9DK4UpErbkDu
4C4ukmGIUOxukUC5TBlxlI6VMH8BlyWr6d4IMzJhBBJShtqUyXFFm6EesMBGcejgSLlZbAMS+U7J
VxFJ+iPgc1/24zFa8j0vb1dPn/M5AAAA8QQOAAAAIJ7AAQAAAMQTOAAAAIB4AgcAAAAQT+AAAAAA
4gkcAAAAQDyBAwAAAIgncAAAAADxBA4AAAAgnsABAAAAxBM4AAAAgHgCBwAAABBP4AAAAADiCRwA
AABAPIEDAAAAiCdwAAAAAPEEDgAAACCewAEAAADEEzgAAACAeAIHAAAAEE/gAAAAAOIJHAAAAEA8
gQMAAACIJ3AAAAAA8QQOAAAAIJ7AAQAAAMQTOAAAAIB4AgcAAAAQT+AAAAAA4gkcAAAAQDyBAwAA
AIgncAAAAADxBA4AAAAgnsABAAAAxBM4AAAAgHgCBwAAABBP4AAAAADiCRwAAABAPIEDAAAAiCdw
AAAAAPEEDgAAACCewAEAAADEEzgAAACAeAIHAAAAEE/gAAAAAOIJHAAAAEA8gQMAAACIJ3AAAAAA
8QQOAAAAIJ7AAQAAAMQTOAAAAIB4AgcAAAAQT+AAAAAA4gkcAAAAQDyBAwAAAIgncAAAAADxBA4A
AAAgnsABAAAAxBM4AAAAgHgCBwAAABBP4AAAAADiCRwAAABAPIEDAAAAiCdwAAAAAPEEDgAAACCe
wAEAAADEEzgAAACAeAIHAAAAEE/gAAAAAOIWaw2cAAAVY0lEQVQJHAAAAEA8gQMAAACIJ3AAAAAA
8QQOAAAAIJ7AAQAAAMQTOAAAAIB4AgcAAAAQT+AAAAAA4gkcAAAAQDyBAwAAAIgncAAAAADxBA4A
AAAgnsABAAAAxBM4AAAAgHgCBwAAABBP4AAAAADiCRwAAABAPIEDAAAAiCdwAAAAAPEEDgAAACCe
wAEAAADEEzgAAACAeAIHAAAAEE/gAAAAAOIJHAAAAEA8gQMAAACIJ3AAAAAA8QQOAAAAIJ7AAQAA
AMQTOAAAAIB4AgcAAAAQT+AAAAAA4gkcAAAAQDyBAwAAAIgncAAAAADxBA4AAAAgnsABAAAAxBM4
AAAAgHgCBwAAABBP4AAAAADiCRwAAABAPIEDAAAAiCdwAAAAAPEEDgAAACCewAEAAADEEzgAAACA
eAIHAAAAEE/gAAAAAOIJHAAAAEA8gQMAAACIJ3AAAAAA8QQOAAAAIJ7AAQAAAMQTOAAAAIB4AgcA
AAAQT+AAAAAA4gkcAAAAQDyBAwAAAIgncAAAAADxBA4AAAAgnsABAAAAxBM4AAAAgHgCBwAAABBP
4AAAAADiCRwAAABAPIEDAAAAiCdwAAAAAPEEDgAAACCewAEAAADEEzgAAACAeAIHAAAAEE/gAAAA
AOIJHAAAAEA8gQMAAACIJ3AAAAAA8QQOAAAAIJ7AAQAAAMQTOAAAAIB4AgcAAAAQT+AAAAAA4gkc
AAAAQDyBAwAAAIgncAAAAADxBA4AAAAgnsABAAAAxBM4AAAAgHgCBwAAABBP4AAAAADiCRwAAABA
PIEDAAAAiCdwAAAAAPEEDgAAACCewAEAAADEEzgAAACAeAIHAAAAEE/gAAAAAOIJHAAAAEA8gQMA
AACIJ3AAAAAA8QQOAAAAIJ7AAQAAAMQTOAAAAIB4AgcAAAAQT+AAAAAA4gkcAAAAQDyBAwAAAIgn
cAAAAADxBA4AAAAgnsABAAAAxBM4AAAAgHgCBwAAABBP4AAAAADiCRwAAABAPIEDAAAAiCdwAAAA
APEEDgAAACCewAEAAADEEzgAAACAeAIHAAAAEE/gAAAAAOIJHAAAAEA8gQMAAACIJ3AAAAAA8QQO
AAAAIJ7AAQAAAMQTOAAAAIB4AgcAAAAQT+AAAAAA4gkcAAAAQDyBAwAAAIgncAAAAADxBA4AAAAg
nsABAAAAxBM4AAAAgHgCBwAAABBP4AAAAADiCRwAAABAPIEDAAAAiCdwAAAAAPEEDgAAACCewAEA
AADEEzgAAACAeAIHAAAAEE/gAAAAAOIJHAAAAEA8gQMAAACIJ3AAAAAA8QQOAAAAIJ7AAQAAAMQT
OAAAAIB4AgcAAAAQT+AAAAAA4gkcAAAAQDyBAwAAAIgncAAAAADxBA4AAAAgnsABAAAAxBM4AAAA
gHgCBwAAABBP4AAAAADiCRwAAABAPIEDAAAAiCdwAAAAAPEEDgAAACCewAEAAADEEzgAAACAeAIH
AAAAEE/gAAAAAOIJHAAAAEA8gQMAAACIJ3AAAAAA8QQOAAAAIJ7AAQAAAMQTOAAAAIB4AgcAAAAQ
T+AAAAAA4gkcAAAAQDyBAwAAAIgncAAAAADxBA4AAAAgnsABAAAAxBM4AAAAgHgCBwAAABBP4AAA
AADiCRwAAABAPIEDAAAAiCdwAAAAAPEEDgAAACCewAEAAADEEzgAAACAeAIHAAAAEE/gAAAAAOIJ
HAAAAEA8gQMAAACIJ3AAAAAA8QQOAAAAIJ7AAQAAAMQTOAAAAIB4AgcAAAAQT+AAAAAA4gkcAAAA
QDyBAwAAAIgncAAAAADxBA4AAAAgnsABAAAAxBM4AAAAgHgCBwAAABBP4AAAAADiCRwAAABAPIED
AAAAiCdwAAAAAPEEDgAAACCewAEAAADEEzgAAACAeAIHAAAAEE/gAAAAAOIJHAAAAEA8gQMAAACI
J3AAAAAA8QQOAAAAIJ7AAQAAAMQTOAAAAIB4AgcAAAAQT+AAAAAA4gkcAAAAQDyBAwAAAIgncAAA
AADxBA4AAAAgnsABAAAAxBM4AAAAgHgCBwAAABBP4AAAAADiCRwAAABAPIEDAAAAiCdwAAAAAPEE
DgAAACCewAEAAADEEzgAAACAeAIHAAAAEE/gAAAAAOIJHAAAAEA8gQMAAACIJ3AAAAAA8QQOAAAA
IJ7AAQAAAMQTOAAAAIB4AgcAAAAQT+AAAAAA4gkcAAAAQDyBAwAAAIgncAAAAADxBA4AAAAgnsAB
AAAAxBM4AAAAgHgCBwAAABBP4AAAAADiCRwAAABAPIEDAAAAiCdwAAAAAPEEDgAAACCewAEAAADE
EzgAAACAeAIHAAAAEE/gAAAAAOIJHAAAAEA8gQMAAACIJ3AAAAAA8QQOAAAAIJ7AAQAAAMQTOAAA
AIB4AgcAAAAQT+AAAAAA4gkcAAAAQDyBAwAAAIgncAAAAADxBA4AAAAgnsABAAAAxBM4AAAAgHgC
BwAAABBP4AAAAADiCRwAAABAPIEDAAAAiCdwAAAAAPEEDgAAACCewAEAAADEEzgAAACAeAIHAAAA
EE/gAAAAAOIJHAAAAEA8gQMAAACIJ3AAAAAA8QQOAAAAIJ7AAQAAAMQTOAAAAIB4AgcAAAAQT+AA
AAAA4gkcAAAAQDyBAwAAAIgncAAAAADxBA4AAAAgnsABAAAAxBM4AAAAgHgCBwAAABBP4AAAAADi
CRwAAABAPIEDAAAAiCdwAAAAAPEEDgAAACCewAEAAADEEzgAAACAeAIHAAAAEE/gAAAAAOIJHAAA
AEA8gQMAAACIJ3AAAAAA8QQOAAAAIJ7AAQAAAMQTOAAAAIB4AgcAAAAQT+AAAAAA4gkcAAAAQDyB
AwAAAIgncAAAAADxBA4AAAAgnsABAAAAxBM4AAAAgHgCBwAAABBP4AAAAADiCRwAAABAPIEDAAAA
iCdwAAAAAPEEDgAAACCewAEAAADEEzgAAACAeAIHAAAAEE/gAAAAAOIJHAAAAEA8gQMAAACIJ3AA
AAAA8QQOAAAAIJ7AAQAAAMQTOAAAAIB4AgcAAAAQT+AAAAAA4gkcAAAAQDyBAwAAAIgncAAAAADx
BA4AAAAgnsABAAAAxBM4AAAAgHgCBwAAABBP4AAAAADiCRwAAABAPIEDAAAAiCdwAAAAAPEEDgAA
ACCewAEAAADEEzgAAACAeAIHAAAAEE/gAAAAAOIJHAAAAEA8gQMAAACIJ3AAAAAA8QQOAAAAIJ7A
AQAAAMQTOAAAAIB4AgcAAAAQT+AAAAAA4gkcAAAAQDyBAwAAAIgncAAAAADxBA4AAAAgnsABAAAA
xBM4AAAAgHgCBwAAABBP4AAAAADiCRwAAABAPIEDAAAAiCdwAAAAAPEEDgAAACCewAEAAADEEzgA
AACAeAIHAAAAEO9nVfV10yMAAAAAfgp3cAAAAADxBA4AAAAgnsABAAAAxBM4AAAAgHgCBwAAABBP
4AAAAADiCRwAAABAPIEDAAAAiCdwAAAAAPEEDgAAACCewAEAAADEEzgAAACAeAIHAAAAEE/gAAAA
AOIJHAAAAEA8gQMAAACIJ3AAAAAA8QQOAAAAIJ7AAQAAAMQTOAAAAIB4AgcAAAAQT+AAAAAA4gkc
AAAAQDyBAwAAAIgncAAAAADxBA4AAAAgnsABAAAAxBM4AAAAgHgCBwAAABBP4AAAAADiCRwAAABA
PIEDAAAAiCdwAAAAAPEEDgAAACCewAEAAADEEzgAAACAeAIHAAAAEE/gAAAAAOIJHAAAAEA8gQMA
AACIJ3DAPtdqtZqeAAAA8JMJHLBPtdvtWlhYqC+//LK+/vrrunHjhtgBAADE+nnTA4Dd1Wq16sKF
C9Xtdr/z806nU59++ulLPwf4bw0MDNTw8HAdPHiwBgcHa3h4uKqqNjc3a2dnp54+fVqbm5v14sWL
hpcCiTqdTr377rvVbrcb3bG+vl43b96s+fn5RncA/+9nVfV10yOA3XH+/Pnqdrs/+IXg7t27NTk5
uaubgL3hwIED9eabb9avf/3rOn78eI2Ojtbg4GAdOnSofvWrX1VV1b/+9a/a2tqqnZ2dWl1drYcP
H9Znn31Wa2tr9ezZs4b/AiDB1atXa3p6uukZ3zE3N1fvv/9+0zOAcgcH7Avj4+M1OzsrXgCv3NDQ
UI2NjdXExESdPHmyfvOb39TY2FgdPnz4R3/vyy+/rJWVlXrw4EF98skntby8XCsrK7W9vb1Ly4E0
nU6n7+JGVdX09LQ7OaBPCBywh7Varbp06VLNzMw0PQXYY954440aGRmp06dPV6fTqampqf/qHJ/D
hw/XW2+9VW+99VadO3euFhYWan5+vu7du1cbGxv1/Pnz17geSNTpdJqe8IM6nY7AAX1A4IA96ptz
NhwcCrxqhw4dqhMnTtR7771XZ8+eraNHj/6kz2u1WnXu3Lk6ceJE3bp1q65fv17379+vra2tV7QY
2AuaPnPjx/TzNthPBA7YYyYnJ2t2drbGx8ebngLsQa1Wq95+++36wx/+UGfOnHmln3306NH64x//
WO12u/785z/X3bt3q9frvdJrAAB7l8ABe0S73a5Lly715bOpwN7QarXqnXfeqZmZmTp58uRru86Z
M2fql7/8ZR06dKju3LkjcgAA/xGBA/aAb87Z8DgK8LocOnSoJicn6+LFizUxMfHar3fy5Mm6ePFi
bW9v18cff+xxFQDg3xI4IFin06nZ2VnPfQKv1RtvvFEnTpyoDz74YFfixjcmJibqgw8+qC+++KKW
lpYcPAoA/CiBAwK12+26evWq174Cu2JkZKTee++9V37mxn/izJkztb6+Xp9//nmtra3t+vUBgBwD
TQ8A/nPfvPZ1bW1N3AB2xdDQUJ0+fbrOnj3b2IazZ8/W6dOna2hoqLENAED/EzggxPnz52ttba26
3W7TU4B9ZGxsrDqdzk9+FexPcfTo0ep0OjU2NtbYBgCg/wkc0OfGx8drYWGh5ubmHCIK7KoDBw7U
xMRETU1NNT2lpqamamJiog4cOND0FACgTwkc0KdarVZdvXq1/v73v3scBWjEsWPH6tSpU30RV1ut
Vp06daqOHTvW9BQAoE8JHNCHLly4UGtrazU9Pd30FGAfGxkZqdHR0aZnfGt0dLRGRkaangEA9CmB
A/rI5ORkra2t1ZUrV/riP6bA/jUwMFDHjx/vq3MvxsbG6vjx4zUw4OsLAPAy3xCgD7Tb7bpx40Yt
LCxUu91ueg5ADQ8P1+joaB0+fLjpKd86fPhwjY6O1vDwcNNTAIA+9POmB8B+d+nSpZqZmXHHBtBX
Dh482JevZR0aGqqDBw82PQMA6EMCBzTo6tWrztkA+tLg4GDfBo7BwcGmZwAAfcgjKtCQVqslbgB9
a3h4uI4cOdL0jJccOXLEIyoAwPcSOKAhvV6v6QkAAAB7hsABDfrTn/7U9ASA77W5uVlPnjxpesZL
njx5Upubm03PAAD6kMABDZqZmanLly/XV1991fQUgO/Y2dmp7e3tpme8ZHt7u3Z2dpqeAQD0IYED
Gtbtdmt8fLyuXbvW9BSAbz19+rRvA8fTp0+bngEA9CGBA/rA+vp6TU9P19TUVH366adNzwGozc3N
Wl1d7avzgnq9Xq2urnpEBQD4XgIH9JHFxcUaHx+vixcvemwFaNSLFy/q4cOHtbKy0vSUb62srNTD
hw/rxYsXTU8BAPqQwAF96MqVK9Vutx1CCjRqY2OjHjx40PSMbz148KA2NjaangEA9CmBA/pUr9er
mZmZ+t3vfld3795teg6wDz169KiWlpb64jGVXq9XS0tL9ejRo6anAAB9SuCAPvePf/yjJicn69y5
c/X48eOm5wD7yLNnz2p5ebkWFhaanlILCwu1vLxcz549a3oKANCnBA4IMT8/X+Pj43X58uWmpwD7
yMrKSs3PzzcaWB8/flzz8/N9dR4IANB/BA4I0uv1qtvt1ptvvlk3b95seg6wD2xvb9e9e/fq1q1b
jW24detW3bt3ry9fWwsA9A+BAwKtr69Xp9Opqakpj60Ar93GxkZdv369bt++vevXvn37dl2/ft3h
ogDAvyVwQLDFxcVqt9t1+fJlr5UFXpvnz5/X/fv366OPPqrl5eVdu+7y8nJ99NFHdf/+/Xr+/Pmu
XRcAyCRwwB7Q7Xar3W7XtWvXmp4C7FFbW1u1uLhYs7OzuxI5lpeXa3Z2thYXF2tra+u1Xw8AyCdw
wB7R6/Vqenq6pqamvFYWeC16vV7duXOnPvzww9f6uMrt27frww8/rDt37vTFK2oBgAw/b3oA8Got
Li7W5ORkTU9P15UrV+oXv/hF05OAPaTX69XHH39cX3zxRa2vr9fZs2fr6NGjr+SzHz9+XLdu3arr
16/X/fv33bkBAPxXBA7Yo+bm5mp+fr663W5duHCh6TnAHrK1tVVLS0v1+eef19/+9rd699136/e/
//3/HFS/+uqr+stf/lI3b96sv/71r7WxseHMDeAl6+vr9fbbbzc943utr683PQGoqp9V1ddNjwBe
r3a7XXNzc//2S8Hdu3drcnJyd0YBe8LQ0FCNjY3VxMREnTp1qkZHR+u3v/1ttVqtH/29Xq9X//zn
P2t1dbWWlpZqeXm5VlZWvAoW+EGdTqdu3LjR9Izvde7cuZqfn296Bux7AgfsI51Op65cufKDt5ML
HMD/6sCBA3Xs2LEaGRmp48eP1+joaA0NDdXQ0FAdOXKkqqqePHlS29vbtb29Xaurq/Xw4cPa2Nio
R48e1bNnzxr+C4AEc3Nzdf78+aZnfMe1a9dqenq66RlACRyw77RarZqZmamZmZmXbie/fPlydbvd
ZoYBe8bAwEANDw/XwYMHa3BwsIaHh6uqanNzs3Z2durp06e1ublZL168aHgpkKjT6VSn06l2u93o
jvX19Zqfn3fnBvQRgQP2qXa7Xd1u99v/gty8ebM6nU7DqwAAAP43AgcAAAAQb6DpAQAAAAA/lcAB
AAAAxBM4AAAAgHgCBwAAABBP4AAAAADiCRwAAABAPIEDAAAAiCdwAAAAAPEEDgAAACCewAEAAADE
EzgAAACAeAIHAAAAEE/gAAAAAOIJHAAAAEA8gQMAAACIJ3AAAAAA8QQOAAAAIJ7AAQAAAMQTOAAA
AIB4AgcAAAAQT+AAAAAA4gkcAAAAQDyBAwAAAIgncAAAAADxBA4AAAAgnsABAAAAxBM4AAAAgHgC
BwAAABBP4AAAAADiCRwAAABAPIEDAAAAiCdwAAAAAPEEDgAAACCewAEAAADEEzgAAACAeAIHAAAA
EE/gAAAAAOIJHAAAAEA8gQMAAACIJ3AAAAAA8QQOAAAAIN7/AYGREbcHoLOHAAAAAElFTkSuQmCC
" width="800px"&gt;</msg>
<status status="PASS" starttime="20231122 14:30:25.544" endtime="20231122 14:30:26.863"/>
</kw>
<kw name="Close Application" library="AppiumLibrary">
<doc>Closes the current application and also close webdriver session.</doc>
<status status="PASS" starttime="20231122 14:30:26.864" endtime="20231122 14:30:31.330"/>
</kw>
<status status="PASS" starttime="20231122 14:30:25.542" endtime="20231122 14:30:31.330"/>
</kw>
<status status="PASS" starttime="20231122 14:29:29.221" endtime="20231122 14:30:31.333"/>
</test>
<doc>Classe em que escrevo meus Casos de Testes. @Bianca M. S. Prestes</doc>
<status status="PASS" starttime="20231122 14:27:34.452" endtime="20231122 14:30:31.354"/>
</suite>
<status status="PASS" starttime="20231122 14:27:34.212" endtime="20231122 14:30:31.387"/>
</suite>
<statistics>
<total>
<stat pass="2" fail="0" skip="0">All Tests</stat>
</total>
<tag>
</tag>
<suite>
<stat pass="2" fail="0" skip="0" id="s1" name="Sunflower">Sunflower</stat>
<stat pass="2" fail="0" skip="0" id="s1-s1" name="Suite">Sunflower.Suite</stat>
</suite>
</statistics>
<errors>
</errors>
</robot>
